0.102448 0.0462792 0.312525 -1.27054 0.108116 1.99655 
0.102037 0.0453902 0.311259 -1.25709 0.113852 1.99412 
0.10242 0.0460841 0.310878 -1.26104 0.120766 2.00395 
0.102138 0.0459393 0.311436 -1.26284 0.119088 1.99994 
0.102094 0.0458443 0.310449 -1.26198 0.11925 2.00114 
0.102267 0.0457585 0.31077 -1.25653 0.122471 2.0021 
0.10198 0.0460273 0.310754 -1.26924 0.118251 2.00035 
0.102102 0.0456741 0.310199 -1.25621 0.12325 2.00399 
0.102251 0.0461353 0.311405 -1.26488 0.119008 2.00055 
0.102035 0.0457799 0.310668 -1.26205 0.121731 2.00105 
0.102206 0.0459664 0.310759 -1.26049 0.12091 2.0027 
0.102047 0.0456294 0.310472 -1.25862 0.120413 1.99988 
0.102105 0.0456703 0.310716 -1.25707 0.121203 2.0002 
0.101974 0.045586 0.30974 -1.25689 0.124227 2.00241 
0.102147 0.0457472 0.310888 -1.25842 0.121125 2.00043 
0.102015 0.0456294 0.309959 -1.25686 0.124021 2.00273 
0.10213 0.0457406 0.310893 -1.25829 0.120221 2.00047 
0.102055 0.0456349 0.310179 -1.25708 0.123895 2.0014 
0.102078 0.0457302 0.310788 -1.25865 0.120085 2.00101 
0.102054 0.0455714 0.31013 -1.25578 0.123138 2.00053 
0.101965 0.045749 0.310438 -1.26144 0.120897 2.00276 
0.102017 0.045549 0.309989 -1.2559 0.123627 2.00034 
0.101981 0.0457796 0.310369 -1.26174 0.12202 2.00348 
0.101777 0.045659 0.309074 -1.26193 0.130225 2.00608 
0.102045 0.0456175 0.31058 -1.25478 0.120341 2.0018 
0.101873 0.0456142 0.309561 -1.25992 0.127166 2.00366 
0.102056 0.0456366 0.310701 -1.25627 0.120388 2.00123 
0.101894 0.0456594 0.309516 -1.25868 0.128198 2.00462 
0.102106 0.0456356 0.311069 -1.2574 0.118921 1.99928 
0.101873 0.0456848 0.309467 -1.25892 0.128007 2.00536 
0.10211 0.0456115 0.311022 -1.25571 0.119452 1.99929 
0.101888 0.0457234 0.30968 -1.261 0.126142 2.0047 
0.102072 0.0455666 0.310806 -1.25562 0.12182 1.99931 
0.101902 0.0457708 0.309729 -1.26062 0.125741 2.00571 
0.102162 0.0456497 0.311023 -1.25459 0.122443 1.99974 
0.10198 0.045779 0.310301 -1.26141 0.122975 2.00314 
0.10219 0.0455896 0.31131 -1.25424 0.120301 1.99727 
0.101964 0.0457884 0.31016 -1.26111 0.124987 2.00426 
0.102082 0.045624 0.310756 -1.25471 0.122992 2.00013 
0.102039 0.0457463 0.31057 -1.26073 0.122441 2.00171 
0.102086 0.0456249 0.3108 -1.25515 0.123303 1.99971 
0.102032 0.0457369 0.310524 -1.2607 0.122111 2.00184 
0.102062 0.0455955 0.310919 -1.25658 0.121869 1.998 
0.102051 0.045721 0.310443 -1.25906 0.123318 2.00268 
0.102042 0.0455731 0.310787 -1.25625 0.122253 1.99819 
0.102104 0.0456515 0.310832 -1.25683 0.122255 1.99988 
0.102071 0.0455213 0.311114 -1.25342 0.120111 1.99765 
0.101936 0.0457311 0.309902 -1.25872 0.126204 2.00533 
0.102048 0.0455432 0.310842 -1.25288 0.122109 2.00031 
0.101941 0.0456202 0.310657 -1.25769 0.125454 2.00233 
0.101983 0.0456778 0.312478 -1.25527 0.11717 1.9986 
0.101814 0.045599 0.310921 -1.25913 0.120806 2.00295 
0.101474 0.0452976 0.311895 -1.25086 0.120854 1.99941 
0.101581 0.045821 0.311753 -1.26091 0.122114 2.00643 
0.101298 0.0450611 0.312605 -1.24472 0.120176 2.0004 
0.101355 0.0456223 0.311131 -1.26578 0.138233 2.01801 
0.100479 0.0439058 0.311436 -1.25213 0.137103 2.01111 
0.100835 0.044162 0.313765 -1.26025 0.129894 2.01079 
0.1004 0.0436072 0.313238 -1.25526 0.129957 2.01123 
0.0992891 0.0426026 0.314466 -1.26023 0.136769 2.01819 
0.0996172 0.0425503 0.314935 -1.2556 0.131367 2.01389 
0.0981791 0.0416276 0.315215 -1.25221 0.132009 2.02074 
0.0983038 0.0409321 0.316463 -1.25656 0.13131 2.01458 
0.0977926 0.0417914 0.317768 -1.25202 0.127313 2.02038 
0.0963752 0.039066 0.316787 -1.25842 0.128873 2.01794 
0.0960071 0.0400041 0.317491 -1.247 0.12818 2.02114 
0.0952064 0.0388337 0.318362 -1.26081 0.135778 2.02752 
0.0946101 0.0386716 0.316207 -1.23441 0.133761 2.02909 
0.0934176 0.0385279 0.318916 -1.26216 0.141053 2.03429 
0.0937606 0.0374205 0.319852 -1.23096 0.12886 2.02964 
0.0919299 0.0367748 0.321483 -1.24312 0.129289 2.02653 
0.0917021 0.0360622 0.320388 -1.23351 0.129021 2.03309 
0.0913555 0.0361394 0.321877 -1.24375 0.126035 2.03125 
0.0908905 0.0354183 0.321833 -1.23562 0.126759 2.03228 
0.0897839 0.0348085 0.323694 -1.24189 0.131443 2.03214 
0.0894202 0.0347735 0.32204 -1.23743 0.12688 2.04101 
0.0892561 0.0333797 0.325685 -1.23869 0.126817 2.02966 
0.0882814 0.0339179 0.324396 -1.23631 0.129585 2.04326 
0.0869215 0.0322056 0.323688 -1.23069 0.135896 2.04423 
0.0876085 0.0328484 0.326802 -1.24317 0.126577 2.03868 
0.0842378 0.0299606 0.329176 -1.22072 0.151613 2.05713 
0.0832858 0.0294693 0.328117 -1.23458 0.137169 2.05128 
0.0829366 0.0294513 0.328942 -1.21783 0.161026 2.06732 
0.0812642 0.0278662 0.328803 -1.21936 0.149885 2.06345 
0.0807157 0.0277196 0.331723 -1.22139 0.142488 2.0621 
0.0795093 0.0261231 0.330313 -1.21859 0.151618 2.06522 
0.0783056 0.0263223 0.330114 -1.21703 0.160742 2.08231 
0.0774742 0.0249196 0.332067 -1.22804 0.143033 2.07089 
0.076035 0.0246004 0.330979 -1.21333 0.157062 2.08855 
0.0759002 0.023374 0.335898 -1.22456 0.135504 2.06618 
0.0739474 0.0233395 0.333283 -1.2129 0.158544 2.09607 
0.0741181 0.0221518 0.336761 -1.22396 0.14231 2.07792 
0.0721521 0.0220964 0.338173 -1.22507 0.142776 2.08905 
0.0721384 0.0203963 0.335284 -1.21137 0.156059 2.09016 
0.07011 0.0204192 0.337597 -1.21206 0.151839 2.1007 
0.0697659 0.0191492 0.337301 -1.21595 0.153957 2.09687 
0.0681495 0.0187586 0.339785 -1.21009 0.147463 2.10297 
0.0671742 0.0181685 0.338115 -1.22114 0.151045 2.10737 
0.0663451 0.0174034 0.340584 -1.20094 0.157432 2.11071 
0.0651007 0.0168106 0.3408 -1.22046 0.148148 2.11261 
0.0652618 0.0161899 0.340991 -1.19608 0.14993 2.11038 
0.0627573 0.014924 0.341228 -1.21518 0.160896 2.12468 
0.062709 0.0145341 0.34174 -1.19839 0.150579 2.12019 
0.0621011 0.0139247 0.342882 -1.20318 0.152318 2.12079 
0.0611512 0.0130693 0.341164 -1.19325 0.158542 2.13024 
0.0605268 0.0137811 0.341256 -1.20041 0.143423 2.12188 
0.0606748 0.0131414 0.341161 -1.20003 0.144338 2.12239 
0.0604604 0.0133608 0.340938 -1.19664 0.155792 2.12653 
0.0607652 0.0128318 0.340017 -1.19567 0.149357 2.12719 
0.0604305 0.0135788 0.341925 -1.20088 0.15085 2.12586 
0.0608331 0.0127747 0.340422 -1.19443 0.152297 2.12556 
0.0603256 0.0134564 0.340758 -1.20403 0.147159 2.12677 
0.0608035 0.0132239 0.339834 -1.19579 0.157999 2.13164 
0.0604329 0.0132462 0.341948 -1.20492 0.147159 2.12341 
0.0606239 0.0132556 0.339473 -1.19402 0.156926 2.13092 
0.0589158 0.0138964 0.341057 -1.19351 0.152062 2.13321 
0.0586264 0.0141353 0.33935 -1.19791 0.151965 2.13756 
0.0558028 0.0153073 0.339965 -1.19235 0.146596 2.14693 
0.053598 0.0158416 0.338683 -1.18624 0.155321 2.14724 
0.0505458 0.0175762 0.335626 -1.19033 0.15305 2.1727 
0.0481888 0.018165 0.338889 -1.13938 0.169893 2.1705 
0.04659 0.019034 0.333521 -1.16607 0.175256 2.19114 
0.0425483 0.0210632 0.34496 -1.11869 0.164937 2.20591 
0.0394209 0.0222372 0.336747 -1.15851 0.143422 2.20827 
0.034255 0.0235529 0.34368 -1.11895 0.159644 2.22411 
0.0319452 0.0254503 0.337369 -1.14551 0.162938 2.23453 
0.0232834 0.0275548 0.352816 -1.10861 0.123745 2.24139 
0.0264799 0.0246469 0.31766 -1.09811 0.234639 2.24526 
0.019417 0.0277613 0.334176 -1.09717 0.153114 2.25346 
0.0179421 0.0289226 0.315339 -1.14721 0.20825 2.28413 
0.015846 0.0281455 0.318417 -1.08066 0.193619 2.26917 
0.0108812 0.0301742 0.318443 -1.04662 0.201205 2.30462 
0.00988087 0.0301508 0.317969 -1.11944 0.182434 2.2704 
0.00951232 0.0302672 0.314191 -1.077 0.19993 2.3036 
0.00832012 0.0304122 0.316542 -1.1039 0.19314 2.28117 
0.00920676 0.0302996 0.314069 -1.084 0.198848 2.29455 
0.00852918 0.030594 0.316276 -1.09712 0.197698 2.2894 
0.00913643 0.0303847 0.315253 -1.08027 0.213878 2.28824 
0.00935603 0.029691 0.311355 -1.09561 0.217888 2.28741 
0.00918219 0.0300109 0.313381 -1.08098 0.22024 2.28705 
0.00928947 0.0299251 0.312843 -1.08941 0.219721 2.28765 
0.00929057 0.0300485 0.312662 -1.08615 0.223066 2.2901 
0.00915985 0.0298952 0.313004 -1.09 0.211927 2.28692 
0.00921729 0.0302446 0.313619 -1.08864 0.223168 2.29129 
0.00925531 0.0298472 0.312574 -1.08623 0.212955 2.28629 
0.00925924 0.0299356 0.313254 -1.0799 0.226034 2.28825 
0.00917592 0.0299477 0.313149 -1.08977 0.212612 2.28618 
0.00936368 0.0299167 0.312688 -1.08013 0.226287 2.28911 
0.0093805 0.0298457 0.311789 -1.08213 0.229874 2.2879 
0.00939341 0.0299463 0.312079 -1.08637 0.228164 2.29199 
0.00943103 0.0297886 0.311752 -1.07719 0.232372 2.28655 
0.00944611 0.0299117 0.312218 -1.08591 0.230307 2.29164 
0.00939239 0.0298463 0.311938 -1.07867 0.228329 2.28744 
0.00946752 0.0298797 0.312164 -1.08596 0.231443 2.29131 
0.00996431 0.0295551 0.311172 -1.07725 0.240231 2.28231 
0.0103652 0.029601 0.312824 -1.09096 0.218354 2.29105 
0.0108171 0.0294152 0.313268 -1.07895 0.238315 2.28352 
0.0124995 0.0290922 0.314073 -1.09261 0.225596 2.2806 
0.0133334 0.0284681 0.313929 -1.08548 0.235833 2.27413 
0.0171877 0.0266405 0.317818 -1.09278 0.242157 2.26587 
0.0157991 0.026697 0.314319 -1.1036 0.229758 2.26411 
0.0205391 0.0242651 0.319644 -1.0796 0.254252 2.25535 
0.0201601 0.0241235 0.31894 -1.11008 0.231715 2.24849 
0.0218825 0.0231413 0.319847 -1.09446 0.239778 2.25006 
0.0237863 0.0220622 0.321595 -1.10432 0.234886 2.24656 
0.0246285 0.020815 0.317421 -1.13375 0.250424 2.22454 
0.0268925 0.0198836 0.320121 -1.12172 0.246141 2.23146 
0.027048 0.0193588 0.318614 -1.12716 0.25838 2.21834 
0.0299101 0.0173006 0.320684 -1.13487 0.244681 2.21874 
0.0319329 0.0166013 0.329196 -1.10172 0.228086 2.22584 
0.0337328 0.0144951 0.324514 -1.13714 0.236629 2.20386 
0.0357036 0.0138012 0.329724 -1.11841 0.237244 2.20778 
0.0383124 0.0117649 0.3291 -1.12952 0.230308 2.19937 
0.0381488 0.0121589 0.332065 -1.14545 0.22509 2.19679 
0.0405187 0.0107029 0.333718 -1.13611 0.22545 2.19409 
0.0427174 0.00923489 0.334719 -1.14858 0.229232 2.18528 
0.0445253 0.00773407 0.336161 -1.14592 0.221687 2.17678 
0.0469135 0.00627641 0.338399 -1.15165 0.233332 2.1684 
0.0471784 0.00611403 0.337935 -1.15678 0.210451 2.17495 
0.0507618 0.00291518 0.341239 -1.1566 0.220816 2.14484 
0.0513905 0.00312967 0.343602 -1.17835 0.181956 2.15243 
0.0529098 0.00198496 0.343948 -1.16653 0.222268 2.14562 
0.0590856 -0.00263776 0.341948 -1.16435 0.271773 2.12415 
0.0585729 -0.00218286 0.35036 -1.20149 0.161926 2.12514 
0.0614034 -0.00367904 0.350179 -1.17198 0.232613 2.11774 
0.0624112 -0.00541133 0.349499 -1.20761 0.180622 2.10646 
0.0660202 -0.00720243 0.356362 -1.21313 0.188163 2.09431 
0.0657509 -0.00726756 0.353656 -1.21537 0.175731 2.09289 
0.0701363 -0.0120039 0.350903 -1.19823 0.222144 2.06508 
0.0694002 -0.00919507 0.364604 -1.25399 0.134439 2.07885 
0.073411 -0.0143882 0.352966 -1.18175 0.202565 2.06004 
0.0750348 -0.0133031 0.36796 -1.26709 0.133962 2.06491 
0.0774086 -0.0160603 0.367437 -1.24468 0.149168 2.03929 
0.0775982 -0.0154412 0.370971 -1.27127 0.138152 2.04591 
0.0808372 -0.0189621 0.370995 -1.24979 0.15044 2.0236 
0.0835324 -0.0192491 0.37747 -1.26106 0.14573 2.03637 
0.0812119 -0.0198605 0.366264 -1.27474 0.14984 2.01025 
0.0843209 -0.0218072 0.370791 -1.28623 0.149908 1.99293 
0.0877195 -0.0258482 0.36943 -1.24867 0.173328 1.9737 
0.0893825 -0.0245458 0.378189 -1.2605 0.145921 1.99335 
0.0907339 -0.0284307 0.37144 -1.27219 0.136007 1.95787 
0.0916288 -0.0271679 0.378377 -1.28687 0.148769 1.96377 
0.0958086 -0.029002 0.381334 -1.2508 0.172165 2.00053 
0.0984802 -0.0332235 0.387271 -1.25674 0.147856 1.93698 
0.100311 -0.0331183 0.3866 -1.28396 0.154815 1.94541 
0.100709 -0.0330608 0.389805 -1.31058 0.156951 1.94498 
0.105913 -0.040128 0.369432 -1.16468 0.205209 1.93804 
0.105332 -0.035151 0.397298 -1.34787 0.154518 1.93598 
0.106625 -0.0373673 0.389284 -1.30514 0.159984 1.92705 
0.106176 -0.0371773 0.391235 -1.31293 0.162885 1.9285 
0.106967 -0.0369898 0.391545 -1.31798 0.153492 1.9302 
0.10611 -0.0370074 0.389212 -1.31853 0.172787 1.92934 
0.106909 -0.0364516 0.390712 -1.32439 0.156904 1.93839 
0.106703 -0.0371646 0.391655 -1.31892 0.16419 1.93005 
0.106619 -0.0367081 0.390997 -1.32341 0.15807 1.93301 
0.106827 -0.036844 0.391763 -1.32581 0.162096 1.93203 
0.106499 -0.036607 0.388957 -1.31314 0.163373 1.94165 
0.106757 -0.0367064 0.391181 -1.32882 0.163831 1.9326 
0.105795 -0.0362242 0.39011 -1.31905 0.166921 1.94474 
0.106306 -0.0369307 0.39366 -1.32256 0.160244 1.92723 
0.106197 -0.0362972 0.394463 -1.32314 0.158893 1.92802 
0.106294 -0.0346953 0.395614 -1.33953 0.163169 1.93409 
0.106227 -0.034372 0.393648 -1.3274 0.173894 1.94198 
0.10661 -0.0316946 0.395197 -1.33319 0.180476 1.94813 
0.106824 -0.0291258 0.399465 -1.31929 0.166054 1.93544 
0.10682 -0.0297597 0.402194 -1.34621 0.161097 1.93114 
0.107543 -0.0257727 0.402308 -1.31471 0.164363 1.94061 
0.107321 -0.0244545 0.408471 -1.33581 0.139556 1.9172 
0.107168 -0.0236205 0.406724 -1.33198 0.15611 1.93227 
0.107226 -0.023432 0.408861 -1.32879 0.152412 1.92356 
0.107201 -0.0204276 0.411054 -1.32603 0.148396 1.9243 
0.106403 -0.0180794 0.405865 -1.33705 0.169523 1.95109 
0.107414 -0.0182095 0.408591 -1.30068 0.158228 1.9397 
0.106546 -0.0163287 0.417833 -1.32303 0.13992 1.91669 
0.107753 -0.0131791 0.421037 -1.33229 0.139837 1.92978 
0.106302 -0.0124527 0.411558 -1.32104 0.164 1.95212 
0.107223 -0.011277 0.42344 -1.28427 0.124034 1.92703 
0.105499 -0.0089358 0.411377 -1.34151 0.172947 1.95577 
0.107473 -0.00658291 0.427216 -1.2879 0.174691 1.96899 
0.105875 -0.00438169 0.420445 -1.30058 0.168007 1.96009 
0.106629 -0.00282701 0.427562 -1.28254 0.171795 1.95996 
0.105744 -0.000709438 0.423755 -1.30934 0.177795 1.97258 
0.107136 2.82024e-05 0.431601 -1.25672 0.167702 1.94703 
0.10612 0.00448482 0.426725 -1.30001 0.185342 1.98332 
0.106348 0.00349818 0.433123 -1.27382 0.17142 1.96621 
0.106378 0.0076986 0.432719 -1.28981 0.178407 1.97866 
0.105875 0.00864048 0.433301 -1.27906 0.173457 1.9792 
0.105516 0.00906795 0.434399 -1.27347 0.167395 1.97371 
0.106096 0.0126043 0.437167 -1.26958 0.169123 1.98504 
0.105588 0.0145075 0.435386 -1.27015 0.184219 1.99448 
0.106074 0.0144369 0.437162 -1.26655 0.180316 1.98689 
0.105389 0.0182919 0.439785 -1.25396 0.163423 2.00746 
0.104312 0.0190544 0.437466 -1.27912 0.16403 1.99401 
0.104253 0.0206521 0.438745 -1.27487 0.152123 1.99311 
0.103095 0.0236811 0.438912 -1.29518 0.138275 1.99994 
0.103377 0.0266197 0.436834 -1.26621 0.182622 2.02999 
0.103174 0.0275926 0.439212 -1.30457 0.182004 2.03284 
0.101608 0.0318946 0.433487 -1.31515 0.177337 2.06424 
0.103306 0.0316834 0.447257 -1.27045 0.17251 2.02214 
0.101964 0.0332417 0.434804 -1.27836 0.176945 2.05971 
0.101991 0.0367538 0.445092 -1.29086 0.150515 2.0453 
0.101883 0.0386135 0.441572 -1.27259 0.165596 2.06721 
0.102099 0.0415463 0.449944 -1.2574 0.147909 2.06402 
0.101699 0.0412626 0.44212 -1.2687 0.161671 2.06354 
0.101622 0.0470342 0.450391 -1.28259 0.142807 2.08788 
0.101003 0.0476531 0.439709 -1.26722 0.183927 2.10288 
0.101051 0.0492263 0.447112 -1.25617 0.170034 2.09771 
0.100408 0.0531422 0.440541 -1.2647 0.212182 2.14326 
0.100738 0.0510683 0.44698 -1.21566 0.14439 2.09627 
0.101239 0.0559687 0.458338 -1.22808 0.115409 2.09575 
0.100348 0.0568357 0.44747 -1.25188 0.166673 2.11749 
0.101567 0.057999 0.455425 -1.21931 0.122934 2.09909 
0.10172 0.0618323 0.449794 -1.25508 0.141169 2.1211 
0.102173 0.0606416 0.454268 -1.22789 0.13747 2.10288 
0.103226 0.0634547 0.459265 -1.24719 0.105711 2.1009 
0.103426 0.063881 0.456584 -1.24624 0.131937 2.10667 
0.102826 0.0639103 0.455189 -1.25127 0.115854 2.10608 
0.103644 0.0638559 0.457134 -1.2377 0.127823 2.10394 
0.103527 0.0641223 0.457001 -1.23349 0.128005 2.10792 
0.103944 0.0643095 0.459976 -1.23929 0.115973 2.0916 
0.103169 0.0638376 0.455193 -1.23815 0.132885 2.11386 
0.103432 0.0639379 0.458468 -1.23958 0.109625 2.0904 
0.103307 0.0640584 0.454918 -1.23766 0.134102 2.11711 
0.103606 0.0641981 0.459174 -1.23749 0.115707 2.09487 
0.103038 0.0636337 0.454366 -1.24268 0.13184 2.11155 
0.103348 0.0636025 0.456667 -1.22561 0.114791 2.09465 
0.103483 0.0641162 0.456863 -1.23948 0.13253 2.10898 
