0.0360798 -0.00783853 0.142869 -1.40205 0.292072 1.87479 
0.0359743 -0.00805854 0.142846 -1.39754 0.29266 1.87289 
0.0360791 -0.00807714 0.142962 -1.39872 0.291802 1.87266 
0.0359752 -0.00797586 0.14286 -1.39931 0.292345 1.87329 
0.0360887 -0.00798852 0.142822 -1.39948 0.293262 1.87401 
0.035935 -0.00797795 0.143033 -1.4002 0.291679 1.8726 
0.0360921 -0.00798793 0.142787 -1.39938 0.293614 1.87407 
0.0359176 -0.00796005 0.142997 -1.4009 0.291734 1.8731 
0.0360592 -0.0080295 0.142721 -1.39865 0.293868 1.87461 
0.0359594 -0.00798409 0.142959 -1.40107 0.291722 1.87285 
0.0360625 -0.0080166 0.14281 -1.39847 0.292948 1.87427 
0.0359297 -0.00793781 0.142937 -1.40178 0.292881 1.87373 
0.036085 -0.00801116 0.142768 -1.39936 0.293699 1.87432 
0.0359531 -0.00798649 0.142945 -1.40035 0.291655 1.87298 
0.0360461 -0.00799492 0.142729 -1.39903 0.294229 1.87509 
0.0360149 -0.00794597 0.142872 -1.4011 0.292136 1.87391 
0.0360321 -0.00795206 0.1428 -1.40011 0.293066 1.87464 
0.0359256 -0.00795393 0.143039 -1.40126 0.291927 1.87319 
0.0360791 -0.00801374 0.142761 -1.39946 0.293774 1.87429 
0.035947 -0.00800615 0.143008 -1.39968 0.290834 1.8726 
0.0360134 -0.00798272 0.14273 -1.40001 0.294178 1.8745 
0.0360054 -0.00796984 0.142867 -1.39989 0.292422 1.87396 
0.0359874 -0.00799027 0.142895 -1.39969 0.292244 1.87366 
0.0359958 -0.00799926 0.14282 -1.39929 0.292861 1.87395 
0.0360073 -0.00800283 0.142824 -1.3996 0.293052 1.87384 
0.036 -0.00796707 0.142867 -1.39978 0.292161 1.87396 
0.0359948 -0.0080105 0.142828 -1.3991 0.292996 1.87396 
0.0360054 -0.00798502 0.142851 -1.39996 0.292617 1.87381 
0.036002 -0.00800352 0.142851 -1.39945 0.292979 1.87379 
0.035996 -0.00801278 0.142826 -1.39874 0.292453 1.87382 
0.0360086 -0.00797716 0.142848 -1.40016 0.293051 1.87394 
0.0359887 -0.00801213 0.14294 -1.39965 0.292094 1.87324 
0.0359893 -0.00796842 0.142771 -1.39992 0.29331 1.87443 
0.0360097 -0.00801224 0.142886 -1.39941 0.292386 1.87341 
0.0359866 -0.00796772 0.142888 -1.40039 0.292644 1.87401 
0.0360022 -0.00804747 0.142761 -1.39813 0.29299 1.87374 
0.0360006 -0.00800243 0.142892 -1.39983 0.292624 1.87351 
0.0360001 -0.00799453 0.142862 -1.39953 0.292616 1.87387 
0.0359903 -0.00795633 0.142838 -1.40027 0.292819 1.87427 
0.0360079 -0.00801322 0.14285 -1.39949 0.293009 1.87358 
0.0360173 -0.00795807 0.14279 -1.39838 0.29232 1.87427 
0.0360237 -0.00773196 0.143523 -1.3976 0.290479 1.87276 
0.0363005 -0.00846224 0.144148 -1.4018 0.29411 1.87361 
0.0361652 -0.00754852 0.144273 -1.39189 0.280431 1.8734 
0.0362199 -0.00727092 0.14386 -1.398 0.296144 1.87656 
0.0362621 -0.00712423 0.145687 -1.38926 0.282268 1.8695 
0.0362563 -0.00771034 0.145829 -1.39857 0.296662 1.87141 
0.0371137 -0.00995627 0.14585 -1.39285 0.289821 1.87824 
0.0370881 -0.0117548 0.148327 -1.39411 0.277551 1.86668 
0.0380256 -0.0127967 0.147013 -1.38364 0.276614 1.87999 
0.0375497 -0.0124926 0.150322 -1.40347 0.290071 1.87078 
0.0377005 -0.0126958 0.150209 -1.39324 0.277635 1.87102 
0.0380177 -0.0137791 0.151228 -1.39572 0.290552 1.8704 
0.0379242 -0.0130865 0.152053 -1.39719 0.289294 1.87152 
0.0380243 -0.0140783 0.152637 -1.39533 0.290469 1.86603 
0.0388012 -0.0153649 0.153333 -1.39725 0.286685 1.87246 
0.0389498 -0.0165006 0.153483 -1.39466 0.295506 1.87191 
0.0391649 -0.0166109 0.154192 -1.39467 0.294014 1.87657 
0.0390582 -0.0168612 0.155073 -1.39754 0.292531 1.87206 
0.0395614 -0.0172634 0.156101 -1.39966 0.293942 1.87761 
0.0395703 -0.0184288 0.156695 -1.39366 0.291614 1.87172 
0.0397904 -0.0183158 0.157939 -1.40002 0.291123 1.87295 
0.0399348 -0.0186867 0.158371 -1.39297 0.289111 1.87314 
0.0401347 -0.0195292 0.159048 -1.39804 0.293578 1.87461 
0.0402603 -0.0203195 0.16101 -1.39935 0.286395 1.87006 
0.0403152 -0.0205983 0.160628 -1.39652 0.289101 1.87138 
0.0408332 -0.0207925 0.161892 -1.40253 0.290188 1.87708 
0.0407914 -0.0222095 0.162433 -1.39303 0.289371 1.86716 
0.0413856 -0.0222708 0.163097 -1.40168 0.289539 1.88076 
0.0410864 -0.022845 0.163981 -1.39446 0.285369 1.86859 
0.0415446 -0.0231999 0.164714 -1.40083 0.290563 1.87879 
0.0413734 -0.0232549 0.166455 -1.39412 0.278645 1.86673 
0.0418449 -0.023791 0.165521 -1.39538 0.291663 1.87608 
0.0422356 -0.0249836 0.166784 -1.40023 0.292534 1.87695 
0.0424806 -0.0259199 0.167854 -1.39941 0.288149 1.87346 
0.0425262 -0.02586 0.168177 -1.39737 0.287863 1.87337 
0.0427435 -0.0266753 0.168399 -1.39508 0.291741 1.87437 
0.0429435 -0.0270573 0.170307 -1.40163 0.286299 1.87465 
0.043007 -0.0281642 0.170585 -1.39578 0.289346 1.87303 
0.0432475 -0.028492 0.171693 -1.39763 0.285731 1.86998 
0.0435943 -0.0280694 0.172439 -1.39864 0.288524 1.87628 
0.0437591 -0.0296929 0.173753 -1.39739 0.289281 1.87206 
0.0442973 -0.0299691 0.175323 -1.40268 0.288941 1.8727 
0.0446001 -0.0308466 0.175065 -1.39396 0.294098 1.87762 
0.0443217 -0.0305189 0.176906 -1.40127 0.285196 1.87114 
0.0448106 -0.0309497 0.177044 -1.40114 0.294956 1.8794 
0.0447277 -0.0324681 0.177589 -1.39809 0.28936 1.87366 
0.0453612 -0.0330232 0.1782 -1.39865 0.291966 1.87546 
0.0452588 -0.0337677 0.178703 -1.39357 0.286777 1.87062 
0.0457729 -0.0342982 0.179821 -1.40435 0.294352 1.87589 
0.0459422 -0.0346569 0.17903 -1.38926 0.289014 1.87633 
0.0461601 -0.0355681 0.180632 -1.39738 0.294401 1.8749 
0.0465679 -0.0357881 0.180488 -1.38889 0.29087 1.88 
0.046408 -0.0356174 0.18226 -1.40293 0.292063 1.87496 
0.0467662 -0.0367636 0.183323 -1.39036 0.290152 1.88101 
0.0465949 -0.0369231 0.184608 -1.39655 0.283715 1.86724 
0.0476754 -0.0374313 0.183862 -1.39507 0.299104 1.88818 
0.0468711 -0.0382936 0.186774 -1.39231 0.282474 1.86679 
0.0483159 -0.0384353 0.184978 -1.40081 0.306912 1.89043 
0.0476006 -0.040135 0.188497 -1.39094 0.283618 1.864 
0.0485325 -0.0399117 0.185836 -1.40016 0.308539 1.89247 
0.0484883 -0.0409494 0.190114 -1.39591 0.28334 1.86925 
0.0487786 -0.0409311 0.188115 -1.39477 0.301465 1.88137 
0.0492681 -0.0414858 0.189347 -1.39797 0.299282 1.88224 
0.0490214 -0.0412494 0.189825 -1.39556 0.295357 1.87641 
0.0491442 -0.041187 0.189603 -1.40697 0.304589 1.88607 
0.0488854 -0.0415336 0.190757 -1.39854 0.291461 1.87402 
0.0492016 -0.0410641 0.189431 -1.39811 0.29825 1.88126 
0.0491423 -0.0414612 0.189264 -1.39277 0.298667 1.88058 
0.0489906 -0.0414601 0.19002 -1.40005 0.297237 1.87962 
0.0490842 -0.0414038 0.190179 -1.3941 0.292926 1.87337 
0.0490289 -0.041404 0.189593 -1.40082 0.30266 1.88496 
0.048954 -0.0414076 0.190891 -1.39749 0.287512 1.87079 
0.0491055 -0.0410069 0.189286 -1.39843 0.302015 1.88472 
0.0489071 -0.0416072 0.190349 -1.39862 0.294934 1.87642 
0.0490783 -0.0407524 0.189757 -1.39849 0.295503 1.88316 
0.048748 -0.0406835 0.190263 -1.397 0.293789 1.88162 
0.0488444 -0.0408468 0.190405 -1.39953 0.297 1.88033 
0.0489699 -0.0403471 0.191324 -1.39375 0.291093 1.87443 
0.0486719 -0.0391396 0.191742 -1.40136 0.299902 1.8819 
0.0487113 -0.0388021 0.190572 -1.39853 0.302863 1.88682 
0.04819 -0.0381407 0.195071 -1.40337 0.292055 1.8692 
0.0476524 -0.0372202 0.196983 -1.40913 0.291461 1.8652 
0.0478287 -0.036866 0.195712 -1.40238 0.292915 1.87233 
0.047673 -0.0353575 0.196633 -1.40203 0.295132 1.87087 
0.0473847 -0.0352185 0.198131 -1.40493 0.292692 1.8682 
0.047565 -0.0339355 0.196762 -1.40135 0.300021 1.87762 
0.0472269 -0.0345612 0.199089 -1.40415 0.291181 1.86468 
0.0471996 -0.0333271 0.198718 -1.41042 0.296968 1.87328 
0.0470442 -0.0338084 0.198554 -1.39772 0.294605 1.86909 
0.0473591 -0.0330005 0.198281 -1.40496 0.298148 1.87553 
0.0470642 -0.0330673 0.199453 -1.40044 0.293634 1.86822 
0.0468196 -0.0322414 0.200148 -1.40604 0.293109 1.87064 
0.0471056 -0.0328223 0.200171 -1.39848 0.293596 1.86546 
0.0470322 -0.0321662 0.200087 -1.40121 0.294988 1.87036 
0.0467882 -0.032183 0.201278 -1.40312 0.291653 1.86637 
0.0468531 -0.0310424 0.199914 -1.4022 0.297024 1.87472 
0.0469852 -0.0319391 0.200914 -1.40001 0.296175 1.86552 
0.0467229 -0.0307659 0.201103 -1.40517 0.295694 1.87322 
0.0466417 -0.0313491 0.201813 -1.40454 0.297547 1.86178 
0.04683 -0.0309857 0.201547 -1.39999 0.297077 1.86838 
0.0467193 -0.0302567 0.201417 -1.40429 0.296899 1.87074 
0.0466278 -0.0298075 0.202157 -1.40891 0.299674 1.87112 
0.0466143 -0.0303366 0.202657 -1.40434 0.295322 1.8648 
0.0466254 -0.029673 0.202055 -1.40694 0.300677 1.87241 
0.0465243 -0.0301046 0.202765 -1.40514 0.296074 1.86504 
0.0465471 -0.0302075 0.203021 -1.40686 0.296993 1.86585 
0.0465011 -0.0295429 0.202579 -1.40931 0.296972 1.86972 
0.0466076 -0.0300394 0.202535 -1.40541 0.298593 1.86662 
0.0464348 -0.0302235 0.203463 -1.40817 0.294334 1.8637 
0.04654 -0.0296297 0.202824 -1.40864 0.297851 1.86779 
0.0464025 -0.0302035 0.203835 -1.41232 0.294197 1.86306 
0.0464734 -0.0298147 0.203299 -1.40988 0.295662 1.86538 
0.046517 -0.0298297 0.202732 -1.40786 0.29863 1.86751 
0.0464865 -0.0298992 0.203518 -1.41245 0.296278 1.86638 
0.0463708 -0.0302494 0.203644 -1.40861 0.295073 1.86108 
0.0465366 -0.0296428 0.202821 -1.40921 0.297833 1.86868 
0.0464691 -0.0301742 0.203449 -1.41008 0.29578 1.86364 
0.0464602 -0.029973 0.203297 -1.40948 0.296792 1.86547 
0.0464471 -0.03001 0.203003 -1.40675 0.297464 1.86375 
0.0464304 -0.0301023 0.204072 -1.41269 0.295071 1.86281 
0.0464096 -0.0300296 0.203264 -1.40889 0.295453 1.86362 
0.0464393 -0.029905 0.203621 -1.41138 0.296993 1.86361 
0.046459 -0.0300742 0.203213 -1.4093 0.297136 1.86436 
0.046375 -0.0300239 0.203938 -1.41287 0.294826 1.86251 
0.0464599 -0.0298142 0.203328 -1.41068 0.298067 1.86495 
0.0464421 -0.0302383 0.203475 -1.40876 0.295793 1.86269 
0.0464607 -0.029868 0.203482 -1.41159 0.296038 1.86533 
0.0464713 -0.029823 0.203244 -1.4109 0.298707 1.8655 
0.0464651 -0.0300493 0.203146 -1.409 0.296642 1.86508 
0.0465023 -0.0299487 0.203217 -1.40945 0.297433 1.86568 
0.046443 -0.0297507 0.203596 -1.41304 0.296744 1.86523 
0.0464494 -0.0302934 0.203599 -1.40792 0.295326 1.86206 
0.0464837 -0.0298372 0.203295 -1.4108 0.296848 1.86701 
0.0464696 -0.0300071 0.203418 -1.40975 0.297369 1.86365 
0.0464883 -0.0301745 0.203353 -1.40712 0.297373 1.86381 
0.0465231 -0.0300255 0.202942 -1.40735 0.297594 1.86591 
0.0464857 -0.0295917 0.203269 -1.41277 0.298057 1.86761 
0.0465157 -0.0299428 0.203597 -1.40798 0.298394 1.86266 
0.0464195 -0.0292553 0.204063 -1.4143 0.297071 1.86599 
0.0464762 -0.0297717 0.203722 -1.40667 0.299759 1.86207 
0.0466058 -0.0291133 0.203587 -1.41095 0.30225 1.86847 
0.046366 -0.0284413 0.203813 -1.41198 0.303276 1.86914 
0.0463218 -0.0288338 0.204576 -1.40853 0.298057 1.8628 
0.0465588 -0.0280619 0.204197 -1.41136 0.303863 1.86825 
0.0466892 -0.0278217 0.20502 -1.41218 0.301654 1.86504 
0.0472864 -0.0273306 0.20477 -1.40701 0.305415 1.86654 
0.0471269 -0.0266468 0.206183 -1.41178 0.305164 1.86439 
0.0472682 -0.0264675 0.20684 -1.41414 0.303773 1.86305 
0.0473138 -0.0245723 0.208838 -1.4212 0.303226 1.86115 
0.0472293 -0.0248374 0.207602 -1.41154 0.302431 1.86388 
0.047282 -0.0235296 0.208617 -1.41795 0.306575 1.8658 
0.0471626 -0.0248989 0.209131 -1.40928 0.299014 1.85653 
0.0473286 -0.0221341 0.20742 -1.41281 0.311516 1.87603 
0.046889 -0.0230244 0.209112 -1.40461 0.305809 1.8601 
0.0468775 -0.0204316 0.210355 -1.4198 0.305441 1.86653 
0.0464591 -0.0204061 0.210439 -1.41398 0.308351 1.86818 
0.0464777 -0.0187986 0.21126 -1.41887 0.301397 1.86431 
0.0461467 -0.0194795 0.212664 -1.41707 0.303642 1.85697 
0.0465356 -0.0181782 0.210687 -1.41064 0.309888 1.86864 
0.0461736 -0.0167769 0.211921 -1.40862 0.305171 1.86479 
0.0461876 -0.0167116 0.212862 -1.41767 0.306447 1.86299 
0.0468135 -0.0161666 0.212457 -1.40682 0.310981 1.86746 
0.0463804 -0.0143368 0.214722 -1.42209 0.304382 1.86154 
0.0466971 -0.0148113 0.215023 -1.4146 0.3066 1.86042 
0.0469023 -0.0134694 0.215991 -1.42326 0.306351 1.86035 
0.0464388 -0.012163 0.214779 -1.41972 0.312677 1.86929 
0.0465132 -0.01249 0.216995 -1.41778 0.303724 1.85522 
0.0467122 -0.0107548 0.217045 -1.42072 0.307834 1.8637 
0.0468708 -0.0105635 0.216832 -1.41442 0.311069 1.86059 
0.046592 -0.0106337 0.217655 -1.4176 0.307549 1.85922 
0.0467113 -0.00862013 0.217926 -1.41625 0.308746 1.86276 
0.0462884 -0.0092766 0.219873 -1.41894 0.303406 1.85157 
0.0465562 -0.00799419 0.218266 -1.40732 0.310251 1.86171 
0.0462327 -0.00637802 0.219905 -1.41845 0.30929 1.85966 
0.0460999 -0.00620683 0.219968 -1.41065 0.307961 1.85933 
0.0458478 -0.00544706 0.221779 -1.41733 0.301665 1.85399 
0.0459468 -0.00492678 0.220992 -1.40941 0.308812 1.86069 
0.0458007 -0.00429863 0.222357 -1.4146 0.305094 1.85472 
0.045904 -0.00368132 0.22182 -1.41089 0.306665 1.86067 
0.0459671 -0.00221404 0.223035 -1.4088 0.306722 1.85333 
0.0458499 -0.00182198 0.221806 -1.40379 0.310334 1.85857 
0.0456667 -0.00178049 0.224789 -1.40742 0.298046 1.84652 
0.0457062 6.69084e-05 0.222599 -1.40228 0.310996 1.8609 
0.0458434 -6.49166e-05 0.225528 -1.40876 0.301973 1.84616 
0.0462689 0.000937603 0.222962 -1.4037 0.313869 1.86001 
0.0460764 0.00119375 0.226484 -1.40995 0.305933 1.84881 
0.0462172 0.00273597 0.22425 -1.40604 0.308848 1.86086 
0.0462733 0.00223321 0.227322 -1.40768 0.302833 1.84307 
0.046242 0.00447028 0.227082 -1.4026 0.306188 1.8536 
0.0464679 0.00533485 0.226866 -1.41687 0.314257 1.85726 
0.0459838 0.00551293 0.229235 -1.4098 0.299908 1.84795 
0.0457384 0.00698892 0.229239 -1.41599 0.306621 1.85275 
0.046121 0.00788403 0.228238 -1.41047 0.31137 1.85677 
0.045554 0.00825071 0.230177 -1.41659 0.304829 1.85328 
0.0461418 0.0095012 0.228532 -1.4124 0.315564 1.86037 
0.0458394 0.00914262 0.229595 -1.40275 0.310908 1.85347 
0.0460565 0.010833 0.229911 -1.40644 0.308572 1.85642 
0.0458548 0.0104802 0.230505 -1.41017 0.316226 1.85501 
0.0457494 0.0113731 0.23188 -1.39829 0.296577 1.84497 
0.0459721 0.0126836 0.230583 -1.41441 0.322282 1.86462 
0.0457818 0.0127512 0.231225 -1.39394 0.306679 1.85336 
0.0456629 0.0136155 0.232832 -1.41253 0.311072 1.85157 
0.0454206 0.0132879 0.234125 -1.41296 0.302464 1.85166 
0.0457304 0.0134463 0.232253 -1.40204 0.306306 1.85017 
0.0454502 0.0138985 0.233843 -1.41593 0.306904 1.85519 
0.0454952 0.0134205 0.233149 -1.41161 0.304745 1.85062 
0.0454672 0.0145844 0.233764 -1.41944 0.305534 1.85643 
0.0452987 0.0134796 0.23439 -1.41392 0.299571 1.84621 
0.0456629 0.013793 0.232795 -1.41334 0.308503 1.8566 
0.0452814 0.0142981 0.234659 -1.41906 0.299495 1.85015 
0.0456069 0.0132531 0.232316 -1.40994 0.308943 1.85507 
0.0454049 0.0140326 0.234431 -1.41803 0.300719 1.85073 
0.0455104 0.0139135 0.23264 -1.41226 0.308553 1.85442 
0.0454845 0.0134487 0.233493 -1.41341 0.302953 1.85238 
0.0455038 0.0139449 0.233703 -1.41428 0.304824 1.85232 
0.0455668 0.0141258 0.233027 -1.41217 0.308518 1.85596 
0.0454802 0.0137087 0.23412 -1.41006 0.302031 1.84912 
0.0455049 0.0144556 0.233876 -1.41527 0.305822 1.85671 
0.0453856 0.0143466 0.234206 -1.41328 0.305509 1.85359 
0.0455139 0.0142693 0.233703 -1.40362 0.304047 1.85601 
0.0452982 0.0147128 0.234986 -1.4101 0.300046 1.85294 
0.0442362 0.0155191 0.234957 -1.40743 0.300266 1.86042 
0.0442555 0.0152342 0.235041 -1.40315 0.296637 1.85573 
0.0421342 0.0167494 0.237804 -1.42057 0.291465 1.85885 
0.0416273 0.0159252 0.23498 -1.39635 0.296461 1.86198 
0.0413613 0.0164127 0.233744 -1.39283 0.301818 1.86974 
0.0397172 0.0164709 0.231904 -1.38349 0.309509 1.87924 
0.0390331 0.0170536 0.23395 -1.38541 0.294811 1.87062 
0.0382594 0.0173614 0.233612 -1.39501 0.301172 1.87823 
0.0369382 0.017529 0.231966 -1.37812 0.300797 1.88486 
0.0354505 0.0180259 0.236346 -1.38157 0.285897 1.87244 
0.0346238 0.0185657 0.233456 -1.38326 0.297024 1.88769 
0.0340693 0.0183275 0.235812 -1.37856 0.285671 1.8769 
0.0325577 0.0177639 0.234463 -1.38244 0.297253 1.88739 
0.031962 0.0173639 0.234714 -1.37875 0.288116 1.88543 
0.0308914 0.0174405 0.23438 -1.37406 0.296332 1.89444 
0.0295146 0.018541 0.234542 -1.37361 0.284889 1.89212 
0.029109 0.0179448 0.233354 -1.36886 0.300393 1.9001 
0.0284326 0.0185452 0.234187 -1.37123 0.289102 1.8987 
0.0273353 0.0174381 0.235592 -1.37685 0.295003 1.8971 
0.0274402 0.0174269 0.234331 -1.3702 0.291497 1.90157 
0.0254669 0.016468 0.233832 -1.36605 0.301124 1.90432 
0.0244443 0.0194149 0.235705 -1.37299 0.281567 1.90602 
0.0232761 0.0171558 0.234216 -1.35642 0.299322 1.90886 
0.0233218 0.0188997 0.234718 -1.37066 0.290559 1.9116 
0.0206242 0.0161179 0.23603 -1.36169 0.294946 1.9105 
0.021851 0.0177075 0.233746 -1.36603 0.294602 1.92089 
0.0194273 0.0168278 0.233992 -1.35347 0.298386 1.9225 
0.0191091 0.0174234 0.234724 -1.36119 0.292942 1.92228 
0.017605 0.0176841 0.234032 -1.34868 0.294236 1.92718 
0.0176425 0.0180528 0.233932 -1.35787 0.294332 1.92627 
0.01599 0.0177185 0.234073 -1.34618 0.29443 1.92902 
0.0152634 0.0175157 0.233287 -1.35596 0.299328 1.93247 
0.0149704 0.0164456 0.234367 -1.35065 0.300271 1.93014 
0.0134638 0.016599 0.232441 -1.35231 0.300734 1.94104 
0.0128959 0.0160573 0.233814 -1.34785 0.303649 1.93842 
0.0123632 0.0161224 0.233044 -1.34861 0.29712 1.94221 
0.0106644 0.0162266 0.232831 -1.34737 0.303175 1.94559 
0.0101415 0.0163774 0.23269 -1.34339 0.300195 1.94924 
0.00838297 0.0176469 0.233741 -1.34312 0.295432 1.95018 
0.00894511 0.016438 0.232154 -1.33768 0.304189 1.95148 
0.00644442 0.0173546 0.23406 -1.33998 0.29397 1.95378 
0.00785609 0.0164482 0.232058 -1.33756 0.304964 1.95421 
0.00548502 0.0156653 0.23212 -1.33607 0.306004 1.95945 
0.00616579 0.0151509 0.232723 -1.33866 0.306438 1.95902 
0.0025372 0.0171578 0.234943 -1.34195 0.291768 1.96085 
0.00360658 0.0163832 0.230091 -1.32718 0.315263 1.97273 
0.00162474 0.0164976 0.233318 -1.33276 0.299443 1.96754 
0.00105073 0.0166474 0.230189 -1.32332 0.309207 1.97704 
-0.00028291 0.0155771 0.232462 -1.3332 0.302931 1.97534 
-0.000709931 0.015607 0.230475 -1.32352 0.313965 1.98417 
-0.00245312 0.0166319 0.231866 -1.32127 0.294566 1.98007 
-0.00197795 0.0166959 0.230638 -1.32312 0.316295 1.99015 
-0.00427155 0.0160018 0.231711 -1.31561 0.297773 1.98361 
-0.00420269 0.0170588 0.230949 -1.32577 0.312278 1.996 
-0.0049358 0.0157628 0.231477 -1.31691 0.306012 1.9895 
-0.00600291 0.0161857 0.230986 -1.32345 0.31344 1.99728 
-0.00662347 0.0148463 0.231392 -1.32234 0.310202 1.99446 
-0.0068197 0.0160769 0.232023 -1.3189 0.306121 1.99863 
-0.00769346 0.0162949 0.229924 -1.31648 0.312869 2.00135 
-0.00846461 0.015409 0.231899 -1.32027 0.307667 1.99753 
-0.00796369 0.0158712 0.230406 -1.31342 0.311752 2.00222 
-0.00919206 0.0172962 0.232163 -1.31672 0.303593 2.00312 
-0.00932541 0.0156451 0.231157 -1.31317 0.312251 2.00317 
-0.010756 0.0177938 0.231819 -1.31061 0.300215 2.00813 
-0.0102378 0.0163114 0.230891 -1.31856 0.315709 2.0057 
-0.0108581 0.0163923 0.230844 -1.30074 0.307436 2.00657 
-0.0115844 0.0173191 0.230016 -1.30886 0.311117 2.01143 
-0.0116193 0.0167611 0.230591 -1.30374 0.310438 2.00757 
-0.0126428 0.0168603 0.230337 -1.30512 0.311781 2.01406 
-0.0126513 0.0176758 0.230515 -1.30201 0.306421 2.01164 
-0.0138683 0.0169277 0.229129 -1.30413 0.315441 2.01974 
-0.0135509 0.017133 0.230469 -1.30574 0.309703 2.01417 
-0.0139641 0.0145452 0.231111 -1.31438 0.31916 2.01684 
-0.0128926 0.0141304 0.229379 -1.30672 0.318219 2.01677 
-0.0134791 0.0144171 0.230212 -1.30761 0.317897 2.01663 
-0.0134116 0.0142937 0.229849 -1.31054 0.31792 2.01662 
-0.0132277 0.0139537 0.230072 -1.30488 0.321428 2.01228 
-0.0133014 0.013983 0.228936 -1.30619 0.319899 2.01726 
-0.0133022 0.0140377 0.230278 -1.30818 0.320276 2.01373 
-0.0132649 0.0138721 0.228994 -1.30343 0.318769 2.01697 
-0.0133091 0.0140814 0.229929 -1.3085 0.319936 2.01318 
-0.0132188 0.0140236 0.229376 -1.30719 0.319557 2.01843 
-0.013488 0.0140302 0.230201 -1.30747 0.319627 2.01213 
-0.0132721 0.0139887 0.229525 -1.30469 0.318475 2.01693 
-0.0134029 0.0140682 0.230045 -1.31027 0.319091 2.01392 
-0.0133263 0.0140495 0.229781 -1.30443 0.318334 2.0153 
-0.0133622 0.0141928 0.229787 -1.31076 0.320655 2.01622 
-0.0133546 0.013985 0.229934 -1.30656 0.316167 2.0152 
-0.0133255 0.0141401 0.229686 -1.30885 0.321787 2.01511 
-0.0131714 0.0139902 0.229026 -1.30865 0.321958 2.0186 
-0.0133995 0.0138785 0.230057 -1.30753 0.321899 2.01319 
-0.0133219 0.0139514 0.229307 -1.30576 0.321783 2.01623 
-0.0132223 0.0140021 0.22936 -1.30943 0.324803 2.01584 
-0.0133682 0.013867 0.229739 -1.3064 0.318743 2.01621 
-0.0133589 0.0139696 0.229625 -1.30712 0.325493 2.0139 
-0.0132532 0.0138906 0.22934 -1.30613 0.319949 2.0168 
-0.0133714 0.0140127 0.229732 -1.31 0.324469 2.0154 
-0.0133291 0.0139218 0.229526 -1.30608 0.32132 2.01509 
-0.013289 0.0140195 0.229478 -1.31059 0.325188 2.01624 
-0.0132328 0.0139107 0.229293 -1.31082 0.324019 2.01814 
-0.0133197 0.0140218 0.229426 -1.31031 0.323301 2.01547 
-0.0132428 0.0138876 0.229716 -1.31121 0.322985 2.01637 
-0.0131178 0.0139868 0.228925 -1.31106 0.326312 2.01677 
-0.0132552 0.0139059 0.229726 -1.30962 0.323234 2.01681 
-0.0130241 0.0139228 0.229265 -1.31186 0.324792 2.01631 
-0.0131954 0.0139888 0.22956 -1.31026 0.32313 2.0172 
-0.0131787 0.0139248 0.229836 -1.31211 0.322116 2.01531 
-0.0125587 0.0137538 0.229276 -1.31022 0.326573 2.01613 
-0.0126815 0.0138571 0.229948 -1.31304 0.321354 2.0132 
-0.0123427 0.0137454 0.229091 -1.30889 0.326399 2.01658 
-0.0121006 0.0135824 0.23045 -1.31512 0.319123 2.00964 
-0.0108019 0.0137246 0.229912 -1.31564 0.322364 2.01189 
-0.0104904 0.0133551 0.230477 -1.31543 0.32255 2.00819 
-0.0104423 0.0136872 0.230533 -1.31759 0.318159 2.00905 
-0.00963695 0.0135395 0.230814 -1.32097 0.321849 2.0072 
-0.00882393 0.013295 0.230934 -1.31648 0.31966 2.00349 
-0.00882411 0.0132758 0.230858 -1.32039 0.323606 2.00427 
-0.00806672 0.0134758 0.231527 -1.32453 0.319542 2.00358 
-0.007657 0.0131144 0.231149 -1.3195 0.320857 2.00086 
-0.00687288 0.0132926 0.232173 -1.32205 0.318754 1.99865 
-0.00695889 0.0131998 0.231866 -1.32331 0.322246 2.00072 
-0.00614718 0.0127645 0.231327 -1.32029 0.320282 1.99771 
-0.00609495 0.0130179 0.232061 -1.32601 0.320423 1.99804 
-0.00556354 0.0127456 0.231758 -1.32294 0.321146 1.9961 
-0.00472336 0.0128164 0.232415 -1.32548 0.319658 1.99423 
-0.0044029 0.0127581 0.232089 -1.32688 0.32254 1.9945 
-0.0040379 0.0127226 0.23225 -1.32655 0.321003 1.99393 
-0.00308909 0.0127246 0.232879 -1.32839 0.318646 1.9886 
-0.00246286 0.012707 0.232768 -1.33332 0.323243 1.99101 
-0.00221289 0.0124547 0.232297 -1.32319 0.320712 1.98788 
-0.00207325 0.0129398 0.232814 -1.33373 0.321213 1.98851 
-0.00113289 0.0130555 0.232787 -1.33305 0.320171 1.98527 
-0.000577925 0.0123313 0.232954 -1.33092 0.319756 1.98533 
-0.000468548 0.0127723 0.232492 -1.33399 0.321055 1.98261 
0.000416928 0.0123424 0.233369 -1.33951 0.319325 1.98153 
0.000485954 0.0123967 0.232527 -1.33859 0.323079 1.98101 
0.00180149 0.0120479 0.231749 -1.33231 0.32477 1.97968 
0.00108395 0.0122316 0.231688 -1.336 0.322016 1.98033 
0.00232555 0.0122065 0.23218 -1.33945 0.323774 1.97654 
0.00288248 0.0116398 0.231193 -1.33625 0.327461 1.97668 
0.0032786 0.0119092 0.231785 -1.3393 0.322584 1.97441 
0.0034179 0.012075 0.23114 -1.3396 0.326757 1.97747 
0.00369141 0.0124656 0.232464 -1.34087 0.321572 1.97218 
0.00463373 0.0127717 0.23195 -1.33982 0.325673 1.97341 
0.00451638 0.0124456 0.232131 -1.34184 0.322302 1.97177 
0.00523782 0.0124342 0.231658 -1.33951 0.326526 1.97196 
0.00478092 0.0127811 0.231848 -1.34422 0.322076 1.96914 
0.00558664 0.0125631 0.231537 -1.3436 0.323753 1.96859 
0.00645871 0.011958 0.231797 -1.34591 0.326733 1.96748 
0.0067717 0.012694 0.232296 -1.34438 0.322297 1.96419 
0.00708074 0.0121728 0.231374 -1.34255 0.323457 1.96749 
0.0072004 0.01277 0.232611 -1.34679 0.323544 1.96277 
0.00805364 0.0124348 0.23169 -1.34727 0.321293 1.96076 
0.00883327 0.0121644 0.231623 -1.34786 0.326673 1.96262 
0.00878143 0.0122905 0.231356 -1.34819 0.322216 1.95858 
0.00993519 0.0126391 0.23243 -1.34691 0.320515 1.95613 
0.00999342 0.0127352 0.231943 -1.3517 0.320842 1.95554 
0.0113139 0.0128618 0.232341 -1.34815 0.321372 1.95246 
0.0110375 0.0129479 0.23192 -1.35814 0.321528 1.95284 
0.013428 0.0123206 0.231898 -1.35186 0.321476 1.9468 
0.0132756 0.0124803 0.231266 -1.35813 0.323688 1.94519 
0.0143632 0.0124519 0.233085 -1.35945 0.320049 1.94336 
0.0151749 0.0124889 0.230958 -1.3541 0.322416 1.93959 
0.0161925 0.0131606 0.234324 -1.36817 0.316123 1.93629 
0.0168309 0.0124858 0.230989 -1.35589 0.324071 1.93574 
0.0174213 0.0125329 0.233427 -1.36833 0.320367 1.93103 
0.0184851 0.012626 0.23214 -1.36095 0.319406 1.93007 
0.0196902 0.0127342 0.233143 -1.36962 0.319612 1.92531 
0.0204202 0.0128071 0.232171 -1.36735 0.31972 1.92419 
0.0220786 0.0132225 0.233751 -1.37261 0.319949 1.92077 
0.0217265 0.0128278 0.232242 -1.36389 0.321012 1.92189 
0.0236345 0.0133005 0.234863 -1.37779 0.312517 1.9117 
0.0232965 0.0127665 0.231621 -1.36662 0.325265 1.92147 
0.0249977 0.0133503 0.234657 -1.38206 0.310649 1.90368 
0.0254591 0.0131413 0.231683 -1.37096 0.32396 1.91387 
0.0265592 0.0136925 0.235837 -1.38502 0.305211 1.89507 
0.0265827 0.0132446 0.231359 -1.3748 0.326111 1.91322 
0.0281009 0.0129788 0.236198 -1.3915 0.304725 1.88781 
0.0288183 0.0133348 0.229882 -1.36912 0.328975 1.91017 
0.0288557 0.0134791 0.235615 -1.39128 0.30514 1.88807 
0.0307567 0.0138433 0.231819 -1.37777 0.319027 1.89667 
0.0304343 0.0136698 0.233411 -1.38689 0.314713 1.8932 
0.0324152 0.0135848 0.233641 -1.38525 0.309169 1.88358 
0.0328293 0.0136136 0.23208 -1.39102 0.324569 1.89381 
0.0343734 0.0132972 0.234207 -1.39282 0.303241 1.87425 
0.0350355 0.0136805 0.231858 -1.38758 0.326124 1.8876 
0.0354374 0.0134736 0.233954 -1.39748 0.303768 1.8724 
0.0366361 0.0137182 0.232857 -1.39193 0.320257 1.87808 
0.0373893 0.0137097 0.23462 -1.40225 0.301549 1.8631 
0.037648 0.0138504 0.232399 -1.394 0.321954 1.87854 
0.0389849 0.0140546 0.235413 -1.4066 0.297442 1.85424 
0.039749 0.0139967 0.231204 -1.39204 0.329228 1.87826 
0.0407579 0.0143011 0.236436 -1.41494 0.290839 1.84286 
0.0411055 0.0142327 0.232614 -1.40381 0.314263 1.86346 
0.0426557 0.0141265 0.236291 -1.41548 0.3019 1.84494 
0.0427469 0.0140787 0.232177 -1.3987 0.310978 1.85642 
0.0441582 0.0143808 0.235549 -1.41652 0.30636 1.84591 
0.0450566 0.0146364 0.23616 -1.4083 0.289826 1.83484 
0.0462035 0.0145713 0.234837 -1.42698 0.314217 1.8474 
0.0469724 0.0141586 0.236001 -1.41374 0.288801 1.82726 
0.047245 0.0142328 0.234061 -1.42698 0.314471 1.84436 
0.0484089 0.0143951 0.236267 -1.41218 0.284343 1.8177 
0.0492116 0.0151869 0.236323 -1.43224 0.291628 1.82167 
0.0500745 0.0147402 0.236166 -1.42094 0.29024 1.8197 
0.0495416 0.01494 0.235152 -1.42215 0.295097 1.82409 
0.049308 0.0148115 0.235628 -1.41307 0.282666 1.81241 
0.0497219 0.0152313 0.236613 -1.42918 0.291818 1.81981 
0.0497114 0.0148285 0.236375 -1.42029 0.284697 1.81534 
0.0494052 0.0150091 0.234948 -1.41699 0.291947 1.8211 
0.0496419 0.0149216 0.237597 -1.42532 0.281059 1.80916 
0.0496053 0.0147683 0.234579 -1.4155 0.292875 1.82426 
0.0496208 0.0151416 0.236229 -1.41915 0.286774 1.81537 
0.0495503 0.0147077 0.236178 -1.42914 0.289985 1.81941 
0.049586 0.0146279 0.235461 -1.41349 0.285123 1.81551 
0.0495227 0.0151199 0.235216 -1.42729 0.293307 1.82171 
0.0496982 0.0147332 0.236425 -1.42148 0.287546 1.81741 
0.0493397 0.014465 0.23452 -1.41351 0.288521 1.81792 
0.0496748 0.0148971 0.235825 -1.41913 0.290261 1.81736 
0.0494867 0.0143715 0.235346 -1.41668 0.288851 1.81808 
0.0495016 0.0148634 0.23531 -1.41782 0.28908 1.81871 
0.0495646 0.0146346 0.235785 -1.41746 0.289379 1.81529 
0.0495287 0.0144618 0.235186 -1.41631 0.288165 1.81912 
0.0494661 0.0148889 0.235552 -1.41816 0.288933 1.81782 
0.0496237 0.0147153 0.23546 -1.41809 0.290135 1.81884 
0.0494949 0.0144997 0.235555 -1.41627 0.287264 1.8172 
0.049598 0.0149457 0.235413 -1.41738 0.289343 1.81833 
0.0494899 0.0143001 0.235427 -1.41761 0.289632 1.8173 
0.0496062 0.0148578 0.235149 -1.41272 0.288925 1.81864 
0.049469 0.0146089 0.235148 -1.42047 0.291169 1.81908 
0.0495653 0.014624 0.23535 -1.41326 0.287861 1.81771 
0.0494995 0.0148152 0.23526 -1.42021 0.291571 1.81913 
0.0495698 0.014679 0.235454 -1.4165 0.288505 1.81928 
0.0495297 0.0146796 0.23509 -1.41771 0.291248 1.81871 
0.0495785 0.0147435 0.235145 -1.41505 0.289843 1.82047 
0.0495522 0.0146836 0.23503 -1.41911 0.292513 1.82062 
0.0496447 0.0148013 0.235272 -1.41481 0.289669 1.81973 
0.0495125 0.0148264 0.23517 -1.42019 0.292154 1.82051 
0.0496527 0.0146897 0.235801 -1.41336 0.287655 1.81778 
0.0498755 0.0153632 0.236725 -1.40935 0.286483 1.82028 
0.0497935 0.0151427 0.238256 -1.41302 0.283109 1.81413 
0.0500878 0.0147046 0.238092 -1.40852 0.284917 1.81872 
0.0501445 0.0144942 0.23921 -1.41011 0.282264 1.81485 
0.050422 0.0134588 0.241044 -1.41411 0.283126 1.81449 
0.0505531 0.0131143 0.241386 -1.4083 0.277647 1.81199 
0.0510289 0.0119644 0.243216 -1.42256 0.286709 1.81718 
0.0512862 0.0107589 0.244538 -1.40627 0.273582 1.80946 
0.0517238 0.00980004 0.245459 -1.4178 0.289581 1.81524 
0.0521644 0.00920338 0.247281 -1.40979 0.276306 1.81389 
0.0522447 0.00770606 0.248953 -1.41067 0.280593 1.80664 
0.0527588 0.00737161 0.251204 -1.41856 0.275867 1.81036 
0.0529931 0.00560846 0.251783 -1.41428 0.28269 1.80774 
0.0532897 0.00579084 0.25147 -1.41153 0.278894 1.81241 
0.0536119 0.00491492 0.254042 -1.42869 0.288555 1.81613 
0.0539034 0.00383289 0.255724 -1.41793 0.276014 1.8076 
0.0539947 0.00347088 0.255887 -1.41858 0.280879 1.80819 
0.0545646 0.00288048 0.257417 -1.42532 0.284074 1.81689 
0.0549327 0.0014705 0.258306 -1.41112 0.280759 1.81123 
0.0551606 0.000944485 0.2604 -1.42325 0.281434 1.81207 
0.0555491 -0.00042299 0.261679 -1.42246 0.281704 1.80769 
0.0559672 -0.00121641 0.262707 -1.42083 0.283592 1.81334 
0.05621 -0.00230387 0.263746 -1.42491 0.283484 1.81152 
0.0564956 -0.00236274 0.262825 -1.41552 0.291078 1.81722 
0.0565249 -0.00289586 0.265434 -1.43006 0.283006 1.81175 
0.0571595 -0.00404203 0.266086 -1.41935 0.289144 1.8169 
0.0573084 -0.00506358 0.267208 -1.41924 0.2848 1.81167 
0.0578067 -0.00554623 0.268708 -1.4225 0.28781 1.81957 
0.0580173 -0.00652458 0.27007 -1.42595 0.288019 1.81546 
0.0582273 -0.0070182 0.269635 -1.41578 0.288292 1.81695 
0.0585945 -0.008071 0.272506 -1.43114 0.291071 1.81604 
0.0587591 -0.00936862 0.27317 -1.41532 0.282796 1.81297 
0.0587855 -0.00951096 0.273401 -1.41853 0.28711 1.81209 
0.05921 -0.0103435 0.276114 -1.4251 0.28388 1.8139 
0.0595795 -0.0110364 0.277012 -1.42411 0.28433 1.81372 
0.0599901 -0.0117129 0.278687 -1.43018 0.287735 1.81778 
0.0599589 -0.0122486 0.278313 -1.42259 0.284229 1.812 
0.0605281 -0.0132964 0.281289 -1.43407 0.28688 1.8185 
0.0604992 -0.0138659 0.279157 -1.41441 0.285466 1.81249 
0.0612195 -0.0143593 0.281626 -1.43589 0.297189 1.82634 
0.061212 -0.0157311 0.282232 -1.41957 0.285705 1.81563 
0.0617462 -0.0164705 0.284528 -1.42779 0.292224 1.8194 
0.0619001 -0.0172913 0.285708 -1.42507 0.284543 1.81625 
0.0623732 -0.0180514 0.287447 -1.4272 0.291383 1.81788 
0.0624492 -0.0186321 0.286553 -1.41737 0.288856 1.81779 
0.062818 -0.0196163 0.289839 -1.42983 0.28702 1.81581 
0.0632496 -0.0204104 0.288367 -1.41835 0.291631 1.82239 
0.0634134 -0.0208964 0.289448 -1.42079 0.295173 1.81973 
0.0637647 -0.0220601 0.291253 -1.42466 0.289811 1.82103 
0.064136 -0.0230929 0.292539 -1.41944 0.292307 1.81831 
0.0644219 -0.0237654 0.293944 -1.4247 0.293099 1.82066 
0.0645225 -0.0238007 0.294144 -1.42356 0.290785 1.81949 
0.0649713 -0.024814 0.29603 -1.42647 0.294568 1.82438 
0.0652417 -0.026117 0.297816 -1.4181 0.285986 1.81301 
0.0656499 -0.0262986 0.298019 -1.43474 0.300801 1.82771 
0.0659009 -0.0277912 0.300307 -1.42369 0.286981 1.8153 
0.0663455 -0.0283952 0.30005 -1.42736 0.301429 1.82787 
0.0664162 -0.0292477 0.299446 -1.41035 0.292445 1.82176 
0.0668311 -0.0298598 0.302471 -1.42577 0.299724 1.82541 
0.066783 -0.0302496 0.301281 -1.41446 0.290043 1.82151 
0.0673844 -0.0309338 0.305087 -1.43073 0.300063 1.82622 
0.0674557 -0.0320663 0.305224 -1.42042 0.2922 1.819 
0.0680595 -0.0324632 0.308361 -1.43483 0.299717 1.82508 
0.0681761 -0.033693 0.309276 -1.43028 0.291491 1.81921 
0.0684359 -0.0339482 0.307847 -1.42247 0.299324 1.82522 
0.0687478 -0.034993 0.310806 -1.43599 0.294893 1.82561 
0.0691531 -0.0358695 0.310097 -1.42348 0.302425 1.82759 
0.0693806 -0.0368111 0.313017 -1.43404 0.297504 1.82448 
0.0698236 -0.0375852 0.313036 -1.42537 0.302401 1.8271 
0.0699395 -0.0375736 0.313273 -1.42607 0.302196 1.8317 
0.0702321 -0.0388788 0.316315 -1.43476 0.30048 1.82499 
0.0704216 -0.0387188 0.315279 -1.4227 0.302112 1.8296 
0.0707768 -0.0399406 0.319088 -1.4428 0.301433 1.82637 
0.0711641 -0.0406777 0.319422 -1.43421 0.304218 1.82753 
0.0713316 -0.042322 0.321787 -1.43589 0.296239 1.81956 
0.0717559 -0.0431566 0.321779 -1.42767 0.302964 1.8227 
0.0719504 -0.0436356 0.324027 -1.44297 0.300656 1.82274 
0.0721082 -0.0442977 0.322575 -1.42352 0.30076 1.82311 
0.0724131 -0.0445781 0.32413 -1.43988 0.30587 1.82837 
0.0726205 -0.0441609 0.321869 -1.4265 0.312121 1.83518 
0.0725307 -0.0439763 0.321852 -1.42781 0.306866 1.83798 
0.0725595 -0.043769 0.321937 -1.42713 0.309894 1.83503 
0.072419 -0.0443695 0.323521 -1.43553 0.307206 1.83092 
0.0725882 -0.0441642 0.322515 -1.42437 0.310271 1.83232 
0.0724334 -0.0439071 0.322257 -1.43285 0.307442 1.83514 
0.0725547 -0.0443619 0.323048 -1.42816 0.309284 1.83184 
0.0724685 -0.0442014 0.322696 -1.42978 0.305527 1.83223 
0.0725502 -0.0439373 0.322443 -1.4292 0.311414 1.83623 
0.0724921 -0.044185 0.322663 -1.43161 0.306492 1.83323 
0.0725084 -0.0442024 0.322919 -1.42573 0.308618 1.8308 
0.0724798 -0.0441757 0.323064 -1.43532 0.306431 1.83324 
0.0725185 -0.0439825 0.322117 -1.427 0.310426 1.83565 
0.0724651 -0.044011 0.32234 -1.42975 0.305563 1.83427 
0.0724939 -0.0439439 0.322469 -1.43246 0.311258 1.83509 
0.0725115 -0.0440487 0.322168 -1.42757 0.305038 1.83592 
0.0724578 -0.0439795 0.322483 -1.43167 0.311196 1.83359 
0.0725155 -0.0439544 0.322096 -1.42902 0.306795 1.83716 
0.072417 -0.0442441 0.322888 -1.42836 0.308745 1.83034 
0.0724709 -0.0439634 0.322292 -1.43043 0.308139 1.836 
0.0724506 -0.0442372 0.322672 -1.4281 0.308225 1.83111 
0.0723939 -0.0443795 0.323383 -1.42793 0.303243 1.82949 
0.0724049 -0.0444545 0.323508 -1.43017 0.305432 1.82874 
0.072307 -0.0444499 0.323344 -1.42866 0.302436 1.82662 
0.0724092 -0.0443833 0.323237 -1.42921 0.305398 1.8296 
0.0723617 -0.0443671 0.322816 -1.4287 0.305704 1.83043 
0.0723778 -0.0444083 0.323382 -1.42823 0.303439 1.82805 
0.0723783 -0.0443289 0.323084 -1.43024 0.305282 1.83005 
0.0723536 -0.0444755 0.323475 -1.42996 0.305245 1.828 
0.072376 -0.0444135 0.323283 -1.42789 0.303986 1.82839 
0.0723681 -0.0444397 0.323356 -1.42949 0.304298 1.8285 
0.0724274 -0.0442968 0.322948 -1.42827 0.306482 1.83103 
0.0723756 -0.0443911 0.323108 -1.42862 0.30413 1.82939 
0.0724032 -0.0443053 0.323206 -1.42977 0.30601 1.83009 
0.072417 -0.04427 0.322994 -1.42912 0.304779 1.83127 
0.0724006 -0.0442942 0.323143 -1.43008 0.306934 1.82977 
0.0724684 -0.0442602 0.322793 -1.42756 0.305451 1.83281 
0.0723918 -0.0443526 0.323005 -1.42796 0.306057 1.82909 
0.0723983 -0.044325 0.323077 -1.42956 0.304941 1.83074 
0.0724196 -0.0442416 0.323043 -1.42898 0.306056 1.83089 
0.0723907 -0.0443565 0.323337 -1.42984 0.305027 1.82928 
0.072348 -0.0445165 0.323379 -1.42903 0.304608 1.82814 
0.0723952 -0.044217 0.323012 -1.42446 0.302829 1.8281 
0.072177 -0.04386 0.322244 -1.43306 0.306496 1.83034 
0.0718355 -0.0426067 0.320147 -1.41651 0.304057 1.82625 
0.0713948 -0.0417824 0.31852 -1.43398 0.30358 1.83277 
0.0706622 -0.0404878 0.315501 -1.41255 0.301505 1.82322 
0.0708685 -0.0394469 0.316328 -1.43209 0.309522 1.83742 
0.0694747 -0.0372854 0.311532 -1.41434 0.297094 1.82007 
0.0700497 -0.0368723 0.312392 -1.42809 0.307701 1.84278 
0.0679343 -0.0333656 0.304857 -1.42712 0.300923 1.82024 
0.0681593 -0.0341827 0.307349 -1.40527 0.290508 1.82215 
0.0674031 -0.0318881 0.302232 -1.41722 0.302054 1.82577 
0.0662934 -0.0300957 0.299406 -1.3922 0.285609 1.81076 
0.0664618 -0.029431 0.298874 -1.41689 0.301303 1.82977 
0.0655552 -0.028075 0.294026 -1.38159 0.284561 1.81321 
0.0646223 -0.023943 0.287243 -1.40918 0.309114 1.84082 
0.0645542 -0.0247266 0.287432 -1.36615 0.290895 1.82019 
0.0637979 -0.0240129 0.29016 -1.40863 0.274767 1.81854 
0.0630065 -0.0213387 0.2852 -1.40857 0.296749 1.82375 
0.0626788 -0.0205749 0.285121 -1.41711 0.285073 1.82344 
0.0624658 -0.0196773 0.28436 -1.41703 0.28995 1.82341 
0.0616892 -0.016998 0.280547 -1.4197 0.291468 1.83017 
0.0612926 -0.0161042 0.280106 -1.41991 0.291053 1.82546 
0.0609239 -0.0149417 0.276801 -1.41422 0.288512 1.8345 
0.0603332 -0.0142217 0.276927 -1.41566 0.289958 1.81981 
0.0600622 -0.0129553 0.27483 -1.41898 0.288017 1.83056 
0.0598283 -0.0126539 0.274567 -1.41824 0.290932 1.8202 
0.059895 -0.0124567 0.274703 -1.42079 0.286943 1.82845 
0.0596753 -0.012192 0.274127 -1.41271 0.290139 1.82129 
0.0598461 -0.011927 0.274304 -1.42264 0.289396 1.82933 
0.0597106 -0.0125273 0.274074 -1.41227 0.289251 1.82152 
0.0598109 -0.0121906 0.274123 -1.41671 0.288132 1.82682 
0.0597338 -0.0123514 0.273985 -1.4155 0.290306 1.82295 
0.0598732 -0.012175 0.273983 -1.41651 0.290701 1.82832 
0.0595676 -0.0120803 0.272992 -1.41175 0.28669 1.8248 
0.0597903 -0.0121419 0.273853 -1.41825 0.291885 1.82705 
0.0597897 -0.0114729 0.272806 -1.41393 0.289418 1.83709 
0.0597309 -0.0117333 0.273507 -1.41923 0.289049 1.83148 
0.0597571 -0.0116922 0.272938 -1.41679 0.2893 1.83489 
0.0596928 -0.0117887 0.273007 -1.41139 0.285957 1.83089 
0.0596731 -0.0121947 0.272125 -1.42268 0.293525 1.83635 
0.0595989 -0.0122507 0.27241 -1.414 0.287081 1.83127 
0.0594871 -0.0127238 0.271631 -1.42211 0.290655 1.83053 
0.0595221 -0.0131637 0.271143 -1.41396 0.286509 1.83221 
0.0593648 -0.0128818 0.270151 -1.41714 0.28926 1.83324 
0.0592559 -0.0132533 0.270356 -1.42235 0.281607 1.8359 
0.0594991 -0.0147095 0.270426 -1.41866 0.279737 1.82595 
0.0595001 -0.0138281 0.267961 -1.41298 0.284144 1.84249 
0.0591721 -0.0148059 0.268821 -1.4255 0.279297 1.83518 
0.0597999 -0.0158659 0.267745 -1.41654 0.277948 1.83448 
0.0594745 -0.0169032 0.265631 -1.4148 0.277876 1.83572 
0.0600481 -0.0171465 0.266123 -1.41201 0.275568 1.83263 
0.060074 -0.0187367 0.265712 -1.43312 0.281548 1.84314 
0.0602228 -0.0201689 0.265599 -1.39874 0.266889 1.82026 
0.0601357 -0.0203469 0.263993 -1.41828 0.280646 1.83774 
0.0605917 -0.0228318 0.264893 -1.41484 0.272056 1.82311 
0.0604157 -0.0229184 0.261647 -1.40564 0.275923 1.82933 
0.0608516 -0.0248599 0.263284 -1.42498 0.274037 1.83073 
0.06072 -0.0267789 0.262115 -1.40372 0.26397 1.81393 
0.0610951 -0.0268874 0.261915 -1.42494 0.276273 1.8297 
0.061311 -0.0286517 0.260541 -1.41598 0.268733 1.82157 
0.0616309 -0.0290711 0.259045 -1.40998 0.275357 1.83255 
0.0614135 -0.029812 0.258952 -1.41335 0.271804 1.82456 
0.061978 -0.0317987 0.260216 -1.45172 0.278166 1.83005 
0.0620365 -0.031404 0.256064 -1.43024 0.283889 1.84162 
0.0621515 -0.0329864 0.257078 -1.45281 0.285932 1.83549 
0.0624238 -0.0350328 0.256483 -1.45027 0.278435 1.83486 
0.0625213 -0.0364395 0.255549 -1.44256 0.283558 1.83478 
0.0627198 -0.0364623 0.253092 -1.44032 0.283753 1.84303 
0.0629371 -0.0382321 0.25444 -1.44307 0.281422 1.82919 
0.0629566 -0.0394466 0.253041 -1.44567 0.280923 1.83936 
0.0635317 -0.0411822 0.253806 -1.44091 0.279545 1.8224 
0.0632303 -0.0428322 0.251829 -1.44149 0.277541 1.83135 
0.06416 -0.042834 0.249831 -1.44152 0.284999 1.83612 
0.0638233 -0.0428086 0.248017 -1.42958 0.282267 1.84547 
0.0640707 -0.0440923 0.248216 -1.44783 0.285449 1.8404 
0.064296 -0.04618 0.24777 -1.43226 0.276907 1.83464 
0.0644218 -0.0460329 0.245055 -1.43145 0.288214 1.8481 
0.0647531 -0.0469054 0.243522 -1.47725 0.32759 1.87074 
0.0642945 -0.048623 0.244889 -1.451 0.304082 1.84239 
0.0643029 -0.0479125 0.24435 -1.45473 0.306026 1.85476 
0.0646222 -0.0479037 0.244423 -1.44396 0.298758 1.8521 
0.0644641 -0.0478661 0.243255 -1.43302 0.297991 1.86067 
0.064619 -0.0477506 0.243682 -1.44002 0.297178 1.85195 
0.064594 -0.0475037 0.243024 -1.43874 0.303754 1.86458 
0.0635454 -0.0470383 0.241283 -1.43256 0.302568 1.8685 
0.0631919 -0.0469009 0.241744 -1.43499 0.299893 1.87097 
0.0615746 -0.0465752 0.239534 -1.42662 0.306313 1.87872 
0.0603728 -0.047548 0.23923 -1.43236 0.305646 1.88818 
0.0600454 -0.048336 0.240214 -1.42847 0.306057 1.87914 
0.0577378 -0.0483663 0.237338 -1.43446 0.310928 1.90075 
0.0562734 -0.0490363 0.236986 -1.41413 0.313748 1.902 
0.0542924 -0.0486777 0.234148 -1.41401 0.314526 1.91989 
0.0520093 -0.0482893 0.234174 -1.41995 0.320009 1.92065 
0.0509553 -0.0480798 0.232355 -1.40792 0.318072 1.93526 
0.0483259 -0.0488535 0.233238 -1.40722 0.321681 1.93461 
0.0469258 -0.0482769 0.231376 -1.40202 0.320341 1.9456 
0.0462157 -0.0491087 0.23447 -1.40812 0.315837 1.93804 
0.0435467 -0.0479433 0.230401 -1.40222 0.327716 1.95512 
0.0424332 -0.0481115 0.228089 -1.3806 0.32729 1.97879 
0.0394343 -0.0490578 0.233145 -1.39763 0.318123 1.95906 
0.0391193 -0.0498331 0.235009 -1.39595 0.311362 1.95358 
0.0368328 -0.0488384 0.230484 -1.38434 0.324805 1.97891 
0.0366067 -0.0496349 0.22954 -1.36761 0.317363 1.96884 
0.0352359 -0.0474747 0.226603 -1.37174 0.3281 1.9991 
0.0339637 -0.0483477 0.230355 -1.37527 0.3187 1.98326 
0.0326749 -0.0478888 0.230944 -1.38867 0.321334 1.99698 
0.0322775 -0.048854 0.232836 -1.38271 0.315881 1.97873 
0.0309706 -0.0489068 0.230948 -1.38174 0.321641 1.99636 
0.0301389 -0.0487348 0.231998 -1.37562 0.315049 1.988 
0.0292015 -0.0496169 0.230586 -1.36844 0.323722 1.99238 
0.0281874 -0.0490616 0.231638 -1.37566 0.312467 1.99693 
0.0272495 -0.0500775 0.230927 -1.36969 0.322656 1.99682 
0.0271072 -0.0493709 0.230826 -1.37261 0.316893 2.0025 
0.024467 -0.0493235 0.2342 -1.38479 0.312242 1.9963 
0.0246189 -0.049552 0.23044 -1.36022 0.319674 2.01085 
0.0240332 -0.0493531 0.229751 -1.36077 0.31578 2.00482 
0.0233419 -0.04949 0.228593 -1.36201 0.327333 2.02234 
0.0224277 -0.0488783 0.227102 -1.34835 0.316262 2.01607 
0.0215046 -0.0489712 0.227777 -1.35789 0.327998 2.0285 
0.0205376 -0.0498067 0.230782 -1.35766 0.311283 2.01423 
0.0197578 -0.0496086 0.228791 -1.35387 0.327954 2.02899 
0.0196348 -0.0495742 0.229839 -1.35898 0.314273 2.0245 
0.0179016 -0.0487107 0.22906 -1.36354 0.316114 2.03455 
0.017063 -0.0484443 0.229884 -1.35707 0.314237 2.04006 
0.0156267 -0.0491953 0.230352 -1.3679 0.316151 2.04147 
0.014551 -0.0503874 0.231452 -1.34548 0.309109 2.03122 
0.0136102 -0.0496111 0.23014 -1.35701 0.317775 2.04772 
0.0130903 -0.0496829 0.232045 -1.35119 0.309821 2.03528 
0.012309 -0.0489251 0.228765 -1.3522 0.31926 2.05703 
0.0108185 -0.0507218 0.232708 -1.347 0.308482 2.03648 
0.0115554 -0.0489841 0.228489 -1.35223 0.317434 2.05864 
0.0100984 -0.049818 0.229163 -1.34339 0.316261 2.05618 
0.00887181 -0.0496103 0.229928 -1.34044 0.314042 2.05593 
0.00849298 -0.0494074 0.231151 -1.35438 0.313752 2.06122 
0.00625193 -0.0499559 0.232563 -1.3454 0.310888 2.0594 
0.00566131 -0.0503449 0.232412 -1.34456 0.312357 2.06371 
0.004907 -0.0508311 0.234028 -1.34362 0.307242 2.05659 
0.00553012 -0.0491258 0.2284 -1.34055 0.316326 2.07589 
0.00457421 -0.0496848 0.232072 -1.34233 0.308718 2.06292 
0.00514763 -0.0500017 0.230085 -1.3371 0.3177 2.07234 
0.00537898 -0.0489471 0.228832 -1.33654 0.312793 2.06703 
0.00510289 -0.0496003 0.230202 -1.33884 0.317524 2.07193 
0.00506477 -0.049846 0.230143 -1.33882 0.313237 2.0654 
0.00532203 -0.0488753 0.228767 -1.33879 0.3173 2.07267 
0.00500343 -0.0498128 0.23072 -1.34144 0.313677 2.06724 
0.00535625 -0.0491848 0.228892 -1.33919 0.317029 2.07222 
0.00535216 -0.0489818 0.228758 -1.33837 0.314478 2.07077 
0.00547269 -0.049513 0.23026 -1.32907 0.316801 2.06743 
0.00613241 -0.0500641 0.230445 -1.33668 0.315761 2.06883 
0.00715855 -0.0519551 0.232113 -1.34219 0.318354 2.0757 
0.00617237 -0.0529421 0.233123 -1.33261 0.319423 2.07616 
0.00708566 -0.0541457 0.23576 -1.33607 0.3166 2.07365 
0.0079116 -0.0546946 0.235865 -1.33657 0.321098 2.08261 
0.00787405 -0.0567572 0.238563 -1.33134 0.320824 2.07738 
0.00784681 -0.0568469 0.239628 -1.32837 0.318113 2.07747 
0.00960835 -0.0579831 0.239276 -1.33343 0.320164 2.09212 
0.0083875 -0.0588711 0.242127 -1.32841 0.323131 2.08574 
0.00878177 -0.0589609 0.242953 -1.34293 0.314695 2.08645 
0.00901592 -0.0577046 0.239644 -1.33441 0.323841 2.09558 
0.00830181 -0.0586809 0.242697 -1.33566 0.317127 2.0857 
0.00879446 -0.0586134 0.241705 -1.33226 0.319845 2.08876 
0.00844145 -0.0580442 0.242085 -1.33502 0.318998 2.08929 
0.00833883 -0.0594536 0.243765 -1.33317 0.316675 2.08349 
0.00856297 -0.0584942 0.241774 -1.3317 0.319986 2.08809 
0.00866306 -0.0580936 0.242063 -1.33715 0.319273 2.08982 
0.00846453 -0.0587905 0.242653 -1.33578 0.317816 2.08812 
0.0085381 -0.0589398 0.242574 -1.32998 0.320599 2.08501 
0.00845925 -0.0583721 0.242608 -1.33547 0.316996 2.08796 
0.00851089 -0.0589947 0.242572 -1.33257 0.321362 2.08499 
0.00832449 -0.058948 0.243348 -1.33247 0.316094 2.08487 
0.0086068 -0.0586222 0.242106 -1.33237 0.319623 2.08718 
0.00834592 -0.0590979 0.243043 -1.33161 0.318226 2.08418 
0.00857521 -0.0587316 0.242396 -1.33014 0.31997 2.08664 
0.00843635 -0.0589077 0.242598 -1.3322 0.318743 2.0848 
0.00840087 -0.0589903 0.243093 -1.33286 0.319001 2.08572 
0.00856475 -0.058339 0.241949 -1.33623 0.318731 2.08875 
0.00856214 -0.0589396 0.242371 -1.32768 0.322425 2.08544 
0.0083736 -0.0589439 0.243053 -1.33401 0.318457 2.08492 
0.00870617 -0.0582376 0.241241 -1.33297 0.320506 2.08965 
0.00827327 -0.0592081 0.243634 -1.33214 0.317641 2.0841 
0.00853257 -0.0589057 0.242199 -1.32931 0.321347 2.08586 
0.00837136 -0.0587616 0.242843 -1.33201 0.314897 2.08453 
0.00865552 -0.0582843 0.24126 -1.32949 0.32302 2.08959 
0.00815788 -0.0589978 0.243395 -1.33124 0.315149 2.08328 
0.00826602 -0.0583653 0.240807 -1.33087 0.322619 2.08792 
0.00811111 -0.0580166 0.242293 -1.329 0.317349 2.08559 
0.0078679 -0.0571275 0.239796 -1.33132 0.32226 2.09079 
0.00759762 -0.0579136 0.241872 -1.32824 0.317768 2.08253 
0.00751689 -0.0567463 0.240982 -1.3332 0.319441 2.09079 
0.00715309 -0.0571231 0.24098 -1.32915 0.316562 2.08277 
0.00691244 -0.056454 0.239953 -1.33829 0.318773 2.08973 
0.00684868 -0.0569034 0.240152 -1.32981 0.316422 2.08475 
0.00623853 -0.0562564 0.24048 -1.33225 0.315711 2.08541 
0.00659984 -0.0560103 0.238955 -1.33009 0.315927 2.08765 
0.00580703 -0.0553844 0.240471 -1.33516 0.317489 2.08445 
0.00609181 -0.0549262 0.238791 -1.32811 0.314238 2.08592 
0.00582517 -0.0545537 0.238772 -1.33854 0.316125 2.08833 
0.0053828 -0.0547116 0.238295 -1.32966 0.315472 2.08647 
0.00514463 -0.0547841 0.238899 -1.33356 0.314971 2.08307 
0.00528187 -0.0545942 0.237551 -1.33539 0.317502 2.08625 
0.00485039 -0.0542031 0.238081 -1.3324 0.314042 2.08213 
0.00502466 -0.0542341 0.237026 -1.33459 0.316106 2.08373 
0.00489029 -0.0543816 0.237399 -1.33474 0.315633 2.08352 
0.00433701 -0.0539794 0.236436 -1.33661 0.31563 2.08233 
0.00452732 -0.0536547 0.236659 -1.33135 0.314972 2.08189 
0.0037527 -0.0536114 0.236718 -1.33488 0.31251 2.08087 
0.00383103 -0.0532126 0.235812 -1.33219 0.313201 2.07926 
0.00342809 -0.0529706 0.235697 -1.33295 0.313033 2.08049 
0.00348377 -0.0528992 0.234879 -1.33355 0.316598 2.08003 
0.00334028 -0.0530407 0.23551 -1.33201 0.311685 2.07928 
0.00372038 -0.0530125 0.234894 -1.33008 0.315734 2.07953 
0.0032308 -0.0533941 0.236388 -1.33165 0.311681 2.07587 
0.00413227 -0.0528041 0.234394 -1.3309 0.314361 2.07843 
0.00367899 -0.0529885 0.235468 -1.33502 0.313465 2.07842 
0.00396543 -0.0530519 0.235246 -1.33349 0.314104 2.07723 
0.0036965 -0.0533995 0.235629 -1.32954 0.313553 2.07392 
0.00401858 -0.0532712 0.235134 -1.32931 0.313003 2.07645 
0.00380018 -0.0531475 0.235479 -1.33165 0.314349 2.07659 
0.00399014 -0.0531469 0.23494 -1.33081 0.312445 2.07714 
0.00379173 -0.053271 0.235601 -1.32987 0.313355 2.07579 
0.00401404 -0.0532069 0.234921 -1.32869 0.313691 2.07602 
0.00368328 -0.0536114 0.235915 -1.32748 0.312652 2.07288 
0.00405653 -0.0530395 0.234698 -1.32997 0.314884 2.07689 
0.00376944 -0.0534338 0.235701 -1.32811 0.311372 2.07431 
0.00401768 -0.0530478 0.235002 -1.33246 0.315618 2.07759 
0.00381028 -0.0533097 0.235543 -1.33002 0.312383 2.07485 
0.00385925 -0.0532145 0.235515 -1.33207 0.313113 2.07549 
0.00370993 -0.0537639 0.236154 -1.3267 0.313754 2.07233 
0.00386696 -0.0532027 0.235404 -1.33161 0.312245 2.07484 
0.00391866 -0.0533637 0.235441 -1.32773 0.315822 2.07605 
0.00379512 -0.0535327 0.235711 -1.32882 0.311741 2.07301 
0.00388887 -0.0534011 0.235337 -1.32734 0.315092 2.07486 
0.0038649 -0.0534237 0.235769 -1.32974 0.313012 2.07417 
0.00386898 -0.0533233 0.235347 -1.32849 0.314726 2.0746 
0.00381171 -0.0535663 0.235965 -1.32837 0.312328 2.07442 
0.003964 -0.053262 0.235069 -1.32752 0.316436 2.07585 
0.00375639 -0.053605 0.236143 -1.32945 0.31206 2.07331 
0.00374125 -0.0535455 0.234648 -1.33383 0.317749 2.07771 
0.00371181 -0.0545128 0.234122 -1.32938 0.315267 2.07505 
0.00374632 -0.0550929 0.233677 -1.33031 0.318473 2.07737 
0.00390618 -0.0553022 0.232814 -1.32744 0.310934 2.07567 
0.00381052 -0.0560763 0.232579 -1.32291 0.317415 2.07515 
0.00435312 -0.0563235 0.231768 -1.32882 0.31265 2.07781 
0.00414085 -0.0566637 0.232107 -1.32477 0.314048 2.07438 
0.00369286 -0.0577712 0.231969 -1.32617 0.307335 2.07631 
0.00512174 -0.0603741 0.22793 -1.32166 0.312668 2.07346 
0.00505472 -0.0611604 0.227315 -1.31966 0.311661 2.07546 
0.00503716 -0.0609447 0.2278 -1.32492 0.314077 2.07405 
0.00483 -0.0611025 0.227705 -1.31887 0.311866 2.07487 
0.00499171 -0.0609854 0.227508 -1.32032 0.311867 2.07476 
0.00489393 -0.060923 0.227278 -1.32027 0.314499 2.0766 
0.00494548 -0.0607182 0.227223 -1.32131 0.307818 2.07546 
0.00493515 -0.0609372 0.227164 -1.31892 0.314849 2.07748 
0.00490064 -0.0609288 0.227475 -1.31998 0.309799 2.07363 
0.0048453 -0.0610064 0.227439 -1.32072 0.312517 2.07677 
0.00501627 -0.060668 0.226961 -1.32004 0.312097 2.07686 
0.00481531 -0.0610647 0.227716 -1.32148 0.311389 2.07563 
0.00503706 -0.0607318 0.2268 -1.31869 0.311125 2.07692 
0.0048624 -0.0611373 0.227283 -1.31715 0.311729 2.07375 
0.00509148 -0.0605187 0.226746 -1.32173 0.311481 2.07826 
0.00487412 -0.0610113 0.227238 -1.31864 0.311988 2.07533 
0.00502935 -0.0606406 0.226881 -1.3213 0.309785 2.07788 
0.00488989 -0.0609831 0.227449 -1.32044 0.31209 2.07557 
0.00502933 -0.0597946 0.228804 -1.32755 0.320847 2.0718 
0.00538886 -0.0592457 0.227584 -1.32629 0.318931 2.07674 
0.00498209 -0.0591087 0.228788 -1.32656 0.320996 2.07326 
0.00471906 -0.0585741 0.231336 -1.32612 0.321019 2.0687 
0.00461389 -0.0570851 0.231666 -1.33039 0.316485 2.07339 
0.00402665 -0.0559697 0.23291 -1.33423 0.323201 2.07359 
0.0043118 -0.0555372 0.231764 -1.33044 0.322421 2.07332 
0.00286618 -0.0539765 0.238193 -1.34886 0.311689 2.06882 
0.00415141 -0.0522218 0.233343 -1.33553 0.331009 2.0759 
0.00399197 -0.0515557 0.236798 -1.33786 0.319101 2.06583 
0.00356103 -0.0502079 0.238049 -1.34123 0.326279 2.06868 
0.00378692 -0.0493367 0.236799 -1.33367 0.318895 2.07262 
0.00324404 -0.0475223 0.240113 -1.34007 0.321509 2.06673 
0.00243128 -0.0443639 0.241401 -1.36069 0.322846 2.07624 
0.00341089 -0.0460226 0.240029 -1.34408 0.325778 2.06903 
0.0042155 -0.0446515 0.241682 -1.31367 0.301723 2.08085 
0.0039283 -0.0399461 0.24011 -1.35271 0.325033 2.09393 
0.00657692 -0.0449249 0.242671 -1.2483 0.242645 2.11688 
0.00418477 -0.042821 0.24648 -1.30467 0.291994 2.08976 
0.00520105 -0.0416508 0.241549 -1.29741 0.280937 2.08283 
0.0046811 -0.0403533 0.244748 -1.29532 0.275262 2.09585 
0.00413851 -0.0383978 0.244307 -1.31262 0.287241 2.07823 
0.00415904 -0.0371565 0.248135 -1.30198 0.289249 2.09654 
0.00449915 -0.0359824 0.24375 -1.31112 0.291575 2.08023 
0.00377367 -0.0352269 0.249142 -1.30526 0.27631 2.08651 
0.00472481 -0.033658 0.244237 -1.31035 0.291646 2.08243 
0.00361555 -0.0338804 0.251182 -1.30776 0.273647 2.08362 
0.00468196 -0.0320273 0.247474 -1.31053 0.282229 2.08179 
0.00372274 -0.031 0.253821 -1.30965 0.275689 2.08141 
0.00502772 -0.0305683 0.248461 -1.30756 0.274671 2.08526 
0.00305424 -0.030697 0.261207 -1.28111 0.270719 2.07337 
-0.0220634 -0.0133911 0.377601 0.167119 -1.96386 1.66088 
-0.0264494 -0.0398047 0.432181 -0.0015077 -1.95234 1.38334 
-0.0234283 -0.0302468 0.401791 0.0942037 -2.0371 1.39016 
-0.0250974 -0.0274572 0.407808 0.305451 -2.01201 1.36543 
-0.025675 -0.0258335 0.401945 0.273542 -2.0225 1.38389 
-0.0246898 -0.0234537 0.394516 0.308731 -2.02353 1.38519 
-0.0238072 -0.0288071 0.4062 0.289132 -1.99804 1.31056 
-0.0235579 -0.0247119 0.388506 0.399591 -2.08565 1.2895 
-0.0213133 -0.0279722 0.381862 0.366317 -2.13402 1.21747 
-0.0201773 -0.0263274 0.379239 0.50401 -2.12859 1.16886 
-0.0210133 -0.0275788 0.37932 0.509346 -2.1577 1.15049 
-0.0175617 -0.028459 0.373326 0.339639 -2.07759 1.17781 
-0.0176669 -0.0279791 0.361016 0.395533 -2.18394 1.13925 
-0.0152137 -0.0279642 0.355605 0.310186 -2.13442 1.14116 
-0.0150831 -0.0297887 0.352755 0.26768 -2.14495 1.12587 
-0.0152574 -0.0277552 0.350739 0.311799 -2.14699 1.1384 
-0.0148074 -0.0271819 0.350072 0.321057 -2.12726 1.13963 
-0.0188334 -0.026175 0.353086 0.412704 -2.1791 1.17129 
-0.0155991 -0.0285698 0.342587 0.245545 -2.18394 1.13301 
-0.0195397 -0.0291693 0.369296 0.315982 -2.10513 1.16599 
-0.0149696 -0.0264286 0.33341 0.335535 -2.26646 1.12472 
-0.0145969 -0.0257894 0.329381 0.327353 -2.26555 1.12844 
-0.0140673 -0.0258724 0.325108 0.338236 -2.28708 1.11192 
-0.0134755 -0.0274051 0.322588 0.31051 -2.29691 1.0765 
-0.0129544 -0.027176 0.319379 0.359343 -2.31015 1.05198 
-0.011457 -0.0274252 0.320454 0.322504 -2.24304 1.05479 
-0.0129707 -0.0268114 0.316938 0.317706 -2.30292 1.06254 
-0.0108657 -0.0272828 0.314198 0.359058 -2.27933 1.02061 
-0.0110316 -0.0276591 0.308958 0.225238 -2.27945 1.06534 
-0.0104871 -0.0291754 0.301009 0.123571 -2.31087 1.05064 
-0.00893529 -0.0285212 0.294776 0.158963 -2.30865 1.03031 
-0.00725374 -0.0274685 0.291653 0.225626 -2.29038 1.00728 
-0.00890747 -0.0299191 0.290577 0.133339 -2.32751 0.981416 
-0.00969709 -0.0316746 0.288083 0.1269 -2.37982 0.933283 
-0.00526777 -0.0316852 0.286306 0.117201 -2.26589 0.927136 
-0.00769478 -0.0305338 0.274558 0.136814 -2.4137 0.913301 
-0.00717479 -0.0307318 0.273702 0.130539 -2.3799 0.904027 
-0.00676618 -0.0320668 0.266822 0.0484967 -2.38526 0.893332 
-0.0072037 -0.0309745 0.262117 0.0709668 -2.43957 0.897018 
-0.0064026 -0.0319459 0.257772 0.0572109 -2.44449 0.864449 
-0.00488472 -0.0319914 0.251941 0.0356493 -2.41735 0.857487 
-0.00418784 -0.0314852 0.247416 -0.006717 -2.40481 0.871764 
-0.0023792 -0.0312691 0.242492 0.0342905 -2.39089 0.846261 
-0.00349056 -0.0310949 0.241202 0.0370335 -2.42824 0.84355 
-0.00329196 -0.0306186 0.237191 0.0332779 -2.44532 0.841832 
-0.00321611 -0.0304753 0.236732 0.0238322 -2.43758 0.84577 
-0.00175653 -0.0304305 0.236239 -0.0174083 -2.38261 0.861572 
-0.00257106 -0.0315405 0.237873 0.00309212 -2.40744 0.833082 
-0.00376125 -0.0318699 0.237099 -0.0279686 -2.42991 0.833293 
-0.00259498 -0.0308168 0.235471 0.0014702 -2.4246 0.842679 
-0.00253614 -0.0306389 0.236702 0.0421279 -2.43377 0.831262 
-0.00257665 -0.0304743 0.234435 -0.00136923 -2.42545 0.847566 
-0.000710574 -0.0310847 0.234951 0.0329718 -2.38936 0.824919 
-0.00290931 -0.0303737 0.233885 0.0202279 -2.44818 0.839598 
-0.00804279 -0.0176073 0.25451 -0.110081 -2.29748 1.14873 
-0.00124474 -0.0280303 0.240263 -0.177425 -2.25464 0.957549 
-0.00239767 -0.0228814 0.24642 0.0109253 -2.32502 1.02868 
0.000674154 -0.0280512 0.259819 0.0701765 -2.22797 0.938512 
-0.00378604 -0.0211584 0.260605 0.0329054 -2.26577 1.07139 
-0.00170413 -0.0235408 0.256366 -0.0104713 -2.24324 1.03015 
-0.000114752 -0.0216955 0.253216 0.0538646 -2.25566 1.03738 
0.00141272 -0.0216191 0.25336 -0.0449297 -2.17014 1.05542 
0.000462027 -0.0238216 0.263761 0.00460988 -2.15299 1.02244 
-0.000989579 -0.0258168 0.262294 -0.023838 -2.18742 0.994736 
-0.00309392 -0.021036 0.258591 -0.0656997 -2.21564 1.08154 
0.00207652 -0.0234883 0.256124 -0.0200569 -2.14526 1.02612 
0.00147474 -0.0207739 0.250105 -0.00611331 -2.19748 1.06083 
0.00329654 -0.023548 0.253689 0.0165554 -2.15874 1.01374 
-0.00130395 -0.0215941 0.256511 -0.0332127 -2.2082 1.06218 
0.000206604 -0.0221306 0.25104 -0.0365049 -2.21093 1.04832 
0.0023019 -0.0234764 0.2575 0.0499861 -2.16492 1.01216 
-1.27131e-05 -0.0219496 0.251308 -0.0698347 -2.193 1.05524 
0.00414954 -0.0228877 0.249372 -0.0455144 -2.12931 1.03023 
0.000301442 -0.0223518 0.252599 0.00780151 -2.22614 1.03512 
0.00176614 -0.0207355 0.250445 0.0507472 -2.22698 1.0484 
-0.000172704 -0.0217129 0.253855 -0.036786 -2.20747 1.0572 
0.000980719 -0.0229169 0.254509 0.0409549 -2.21439 1.02165 
-0.000196989 -0.0216908 0.261844 0.0399105 -2.19666 1.04682 
-0.000425362 -0.0211103 0.254245 0.00505163 -2.22129 1.05727 
-0.00210064 -0.0220245 0.254263 -0.0424929 -2.23941 1.05556 
0.000687273 -0.0229017 0.259656 0.0355044 -2.19551 1.02793 
-0.000934664 -0.0231163 0.255401 -0.0613232 -2.20775 1.03842 
-0.00179431 -0.0216492 0.258056 -0.0346275 -2.21569 1.05952 
-0.000115162 -0.0243538 0.258144 -0.05762 -2.17254 1.02074 
-0.00218131 -0.0230511 0.264572 0.0171222 -2.21312 1.03452 
-0.0016452 -0.0209062 0.252851 -0.0696923 -2.22542 1.07396 
5.1738e-05 -0.0256718 0.266886 -0.01026 -2.14257 1.00079 
-0.00332458 -0.0219147 0.262805 -0.0338939 -2.22198 1.06185 
-0.00160541 -0.0235879 0.262641 -0.0200715 -2.19912 1.02961 
-0.00369423 -0.0234896 0.261359 -0.0574384 -2.23224 1.04075 
-0.00014553 -0.0208476 0.259246 -0.0573737 -2.15248 1.07633 
8.35537e-05 -0.022634 0.255807 -0.0799924 -2.16486 1.04713 
-0.000403657 -0.0238498 0.257673 -0.000829793 -2.21726 1.01601 
-0.00176344 -0.0229128 0.267583 -0.0308893 -2.16263 1.04702 
-0.00194321 -0.021785 0.25507 -0.0971781 -2.2027 1.06671 
0.003947 -0.0244159 0.254883 0.0316502 -2.14849 0.995542 
-0.00114823 -0.0210634 0.252112 -0.0297002 -2.23982 1.06261 
0.00201505 -0.0216176 0.257223 -0.0581372 -2.12102 1.05887 
-0.00180197 -0.0231434 0.264041 0.00207293 -2.19979 1.03275 
-0.00130099 -0.0231987 0.255775 0.00552982 -2.24809 1.02372 
-0.00178068 -0.0221496 0.260354 0.00161537 -2.22037 1.04988 
-0.00256363 -0.0249722 0.260731 -0.0633416 -2.2113 1.01772 
-0.000800439 -0.0212947 0.262973 0.0421992 -2.19823 1.0511 
-0.00322316 -0.0233321 0.266052 0.00778533 -2.22382 1.03285 
-0.000625731 -0.0204357 0.259504 0.0392498 -2.2156 1.06379 
-4.93525e-05 -0.0235198 0.257529 0.0119113 -2.21184 1.01806 
0.000797245 -0.0204021 0.254301 0.0291538 -2.20704 1.06144 
-0.000179746 -0.0233289 0.256107 -0.00205384 -2.21622 1.02524 
-0.000825631 -0.0213309 0.254996 0.0289889 -2.24482 1.05202 
-0.000298565 -0.0220765 0.253182 0.00674388 -2.23821 1.03972 
-0.00106057 -0.0223746 0.255559 0.0219472 -2.24698 1.03689 
