0.071066 -0.017077 0.208768 -1.10484 0.287981 2.03968 
0.0709625 -0.0169305 0.207896 -1.10674 0.294218 2.04153 
0.0710222 -0.0172394 0.209022 -1.1019 0.285766 2.03785 
0.0708896 -0.0170114 0.208085 -1.10582 0.294574 2.0411 
0.0709621 -0.0171987 0.208285 -1.10125 0.288783 2.04039 
0.0707052 -0.0169785 0.208607 -1.10708 0.291033 2.04021 
0.0711443 -0.0172196 0.208174 -1.10208 0.291403 2.04138 
0.0708306 -0.0170011 0.208313 -1.1037 0.290585 2.04032 
0.070845 -0.0172818 0.208313 -1.10301 0.291245 2.04071 
0.0709916 -0.0170804 0.208484 -1.10258 0.28811 2.03884 
0.0708546 -0.0170364 0.208019 -1.10443 0.291109 2.04206 
0.0708489 -0.0171682 0.208317 -1.10356 0.29238 2.03956 
0.0707863 -0.017134 0.207971 -1.10193 0.290855 2.04071 
0.0708783 -0.0170019 0.207989 -1.10417 0.293534 2.04171 
0.0708525 -0.0172084 0.208067 -1.10236 0.290309 2.03984 
0.0707664 -0.0170638 0.207823 -1.10322 0.294266 2.04184 
0.0707876 -0.0171723 0.208215 -1.10232 0.290919 2.03979 
0.0709054 -0.017148 0.207934 -1.10255 0.293213 2.04074 
0.0708108 -0.01714 0.208074 -1.10328 0.291494 2.04044 
0.0707808 -0.0171524 0.207917 -1.10079 0.293748 2.04095 
0.0707764 -0.0171515 0.208135 -1.10322 0.291563 2.04053 
0.0708458 -0.0171427 0.207945 -1.10176 0.292912 2.04095 
0.0709096 -0.0171738 0.208354 -1.10404 0.289883 2.03951 
0.0707161 -0.017122 0.207827 -1.10119 0.29388 2.04119 
0.0707926 -0.0171246 0.207847 -1.10256 0.293063 2.04133 
0.0707747 -0.0172098 0.208027 -1.10138 0.292591 2.03936 
0.0707969 -0.0169485 0.207333 -1.10238 0.294938 2.04398 
0.0707604 -0.0173222 0.208478 -1.10181 0.29021 2.03794 
0.0708671 -0.017053 0.207902 -1.10327 0.293239 2.04242 
0.0707648 -0.0172555 0.208063 -1.10107 0.289808 2.03818 
0.0707786 -0.0171033 0.207869 -1.10279 0.295166 2.04199 
0.0707782 -0.0172104 0.208034 -1.10114 0.291455 2.03935 
0.0707773 -0.0171012 0.207753 -1.10252 0.293651 2.04122 
0.0707903 -0.0172332 0.208044 -1.10085 0.291704 2.03978 
0.0707664 -0.0171053 0.207799 -1.10314 0.294682 2.04111 
0.0707956 -0.0172759 0.208119 -1.10029 0.290469 2.03896 
0.0707854 -0.017162 0.207977 -1.10218 0.292427 2.03992 
0.0708104 -0.0171965 0.2077 -1.09933 0.292495 2.04118 
0.0707493 -0.0171836 0.207894 -1.10187 0.292348 2.04003 
0.0708084 -0.0172182 0.208002 -1.09988 0.291808 2.04016 
0.0707794 -0.0171316 0.207913 -1.1019 0.29208 2.03984 
0.0707867 -0.0168679 0.208061 -1.10102 0.292306 2.0422 
0.0707688 -0.0169724 0.207938 -1.10054 0.290409 2.04023 
0.0707566 -0.0165728 0.207792 -1.09985 0.292954 2.04296 
0.0710891 -0.0155191 0.20907 -1.09824 0.284947 2.03798 
0.0709432 -0.0142758 0.208936 -1.09985 0.285867 2.04537 
0.0710658 -0.0142275 0.209805 -1.10068 0.282166 2.03964 
0.0710474 -0.0131264 0.209472 -1.095 0.281057 2.04094 
0.0713719 -0.0120051 0.210965 -1.09571 0.277824 2.0393 
0.0709185 -0.0108421 0.209538 -1.09099 0.278725 2.04453 
0.0709368 -0.00775162 0.213041 -1.09306 0.267863 2.03736 
0.0707523 -0.00714948 0.212341 -1.09161 0.268684 2.04358 
0.0712231 -0.00423537 0.215351 -1.09179 0.256148 2.0351 
0.0704542 -0.00364706 0.214478 -1.09935 0.275286 2.0494 
0.0706153 -0.00592371 0.217048 -1.10345 0.267361 2.03509 
0.0686647 -0.0111585 0.216764 -1.1002 0.293619 2.03719 
0.0674803 -0.0147723 0.216897 -1.09959 0.290602 2.03987 
0.0677782 -0.0135441 0.217102 -1.0894 0.290656 2.03439 
0.0671843 -0.0136518 0.217504 -1.09162 0.280445 2.03999 
0.0671193 -0.0125131 0.217642 -1.08365 0.286067 2.03173 
0.0671203 -0.00811632 0.219935 -1.08599 0.271789 2.03659 
0.0669862 -0.00928276 0.218949 -1.08513 0.276708 2.03448 
0.0660084 -0.0082768 0.222559 -1.09178 0.278878 2.04121 
0.0660247 -0.011383 0.222082 -1.09386 0.275528 2.03308 
0.0649143 -0.0113637 0.222095 -1.08925 0.281852 2.03991 
0.0642771 -0.0170378 0.222095 -1.09103 0.298692 2.02945 
0.063559 -0.0174856 0.223559 -1.09693 0.280411 2.04401 
0.0628912 -0.0184656 0.222311 -1.08317 0.282818 2.03941 
0.0627217 -0.013947 0.225738 -1.08835 0.261618 2.04069 
0.0622613 -0.0146339 0.223658 -1.08511 0.283055 2.04673 
0.0614903 -0.0131646 0.225323 -1.08559 0.255766 2.04009 
0.0603205 -0.0145884 0.226502 -1.09188 0.287835 2.0496 
0.0596821 -0.0154087 0.226683 -1.08412 0.263466 2.03974 
0.059073 -0.0171621 0.226405 -1.08747 0.287016 2.0462 
0.0589935 -0.0173 0.228745 -1.08404 0.269438 2.04252 
0.0576314 -0.0183824 0.228552 -1.08405 0.284979 2.04452 
0.0575426 -0.0180123 0.228905 -1.08421 0.274091 2.04626 
0.0541049 -0.020368 0.229884 -1.07651 0.288377 2.04749 
0.0536288 -0.0204395 0.229856 -1.06956 0.283573 2.04417 
0.0534082 -0.0201622 0.230109 -1.07917 0.289059 2.04934 
0.0515481 -0.0213912 0.231586 -1.06764 0.28649 2.04597 
0.0529599 -0.0213635 0.231518 -1.07341 0.294349 2.05083 
0.051654 -0.0203915 0.233163 -1.06936 0.278137 2.04442 
0.0520477 -0.0213494 0.233084 -1.07356 0.294649 2.05239 
0.0490154 -0.0245808 0.233837 -1.07303 0.293497 2.05227 
0.0486304 -0.0253153 0.234526 -1.07119 0.295779 2.05078 
0.0473003 -0.023734 0.235948 -1.07874 0.289574 2.05437 
0.0463485 -0.0245369 0.234766 -1.06167 0.290714 2.05332 
0.0466269 -0.0229568 0.236097 -1.06429 0.286564 2.0482 
0.0475256 -0.0191936 0.239135 -1.0719 0.272936 2.0539 
0.0481559 -0.0183402 0.238631 -1.06589 0.27286 2.05572 
0.0462915 -0.0200078 0.241115 -1.0775 0.279116 2.04876 
0.0446943 -0.0241744 0.238559 -1.06169 0.287553 2.05785 
0.0429339 -0.0278335 0.238714 -1.07114 0.297637 2.05845 
0.0420047 -0.0294008 0.239638 -1.05346 0.288376 2.04864 
0.0406245 -0.0295618 0.240084 -1.05861 0.295844 2.05524 
0.0411868 -0.0284309 0.241661 -1.06129 0.283071 2.0493 
0.0413118 -0.0270389 0.241303 -1.05723 0.283924 2.05423 
0.0399307 -0.0236674 0.247189 -1.05892 0.262887 2.05323 
0.0379734 -0.024696 0.241785 -1.06244 0.29146 2.06634 
0.0382248 -0.0266008 0.244896 -1.04749 0.278536 2.05482 
0.0353963 -0.0295935 0.243871 -1.06984 0.298701 2.06651 
0.0362176 -0.0301146 0.247833 -1.04823 0.272068 2.04523 
0.0343942 -0.0318545 0.243454 -1.06238 0.3094 2.0707 
0.0339954 -0.0313456 0.247904 -1.0581 0.284861 2.0549 
0.0337578 -0.0259229 0.245448 -1.06783 0.298946 2.08052 
0.0339539 -0.0272541 0.243777 -1.04207 0.28974 2.0668 
0.0325153 -0.0258028 0.247914 -1.05072 0.288625 2.06503 
0.032106 -0.0277935 0.24619 -1.06232 0.297376 2.07819 
0.0319475 -0.0296741 0.248364 -1.05771 0.299214 2.06931 
0.0302947 -0.0346359 0.249013 -1.05492 0.298401 2.06583 
0.0298217 -0.0351426 0.250435 -1.05596 0.301393 2.06456 
0.0284922 -0.0338484 0.25054 -1.04499 0.289956 2.0572 
0.0282639 -0.02894 0.256938 -1.07814 0.283381 2.07417 
0.0276289 -0.0298883 0.250295 -1.03763 0.289522 2.06287 
0.0271319 -0.0294133 0.253279 -1.05113 0.287008 2.06617 
0.0266579 -0.0327672 0.254503 -1.05498 0.294991 2.06562 
0.0255806 -0.0353496 0.255472 -1.06071 0.289464 2.06766 
0.0247975 -0.0355334 0.253637 -1.05438 0.302883 2.07054 
0.0224811 -0.0373425 0.253115 -1.057 0.302401 2.07792 
0.0230869 -0.0341301 0.257065 -1.0434 0.297766 2.07158 
0.0219495 -0.0338269 0.254727 -1.04813 0.290168 2.07537 
0.0219242 -0.0344217 0.258965 -1.0453 0.291111 2.06631 
0.0220726 -0.035343 0.256268 -1.05001 0.291348 2.07283 
0.021715 -0.0355155 0.258161 -1.04803 0.297664 2.07359 
0.0202801 -0.0373513 0.257377 -1.05384 0.298211 2.07407 
0.0185678 -0.0366009 0.259052 -1.04092 0.295066 2.07272 
0.0192763 -0.0369361 0.257363 -1.05168 0.300392 2.07929 
0.0175373 -0.037186 0.259017 -1.03368 0.291361 2.07106 
0.0187238 -0.0361665 0.257608 -1.04656 0.296446 2.08009 
0.0182845 -0.0363156 0.25801 -1.04073 0.293458 2.07483 
0.0184117 -0.0367445 0.258659 -1.04501 0.298357 2.0802 
0.0179409 -0.0365017 0.258762 -1.03798 0.291218 2.06966 
0.0185959 -0.0364072 0.259347 -1.04748 0.294434 2.07844 
0.0178994 -0.0369518 0.259692 -1.03855 0.291243 2.07025 
0.0180684 -0.0365918 0.259337 -1.04222 0.296426 2.07424 
0.0180395 -0.0368923 0.25955 -1.04103 0.293292 2.07048 
0.0186957 -0.036495 0.259305 -1.04328 0.298509 2.07681 
0.0176909 -0.0367057 0.259038 -1.04411 0.291807 2.07157 
0.018381 -0.0369314 0.260035 -1.04115 0.296887 2.07352 
0.0183533 -0.0364431 0.259121 -1.04545 0.293205 2.0729 
0.0179808 -0.0368078 0.259171 -1.04026 0.294388 2.07309 
0.0180588 -0.0368791 0.260313 -1.04358 0.294477 2.07293 
0.0185424 -0.0362745 0.257701 -1.04026 0.295995 2.07553 
0.0178205 -0.0370917 0.26118 -1.04801 0.289672 2.07121 
0.0180023 -0.036458 0.258674 -1.04096 0.29842 2.07505 
0.0180832 -0.0367563 0.2601 -1.04322 0.290685 2.07154 
0.0180584 -0.0365783 0.259503 -1.04771 0.293496 2.07668 
0.0174244 -0.0367403 0.258972 -1.0407 0.296466 2.07325 
0.0149908 -0.0358873 0.258205 -1.04037 0.295357 2.07964 
0.0132514 -0.035774 0.256443 -1.04145 0.301148 2.08518 
0.0129725 -0.0364696 0.256713 -1.03387 0.303772 2.08165 
0.010593 -0.0365933 0.254756 -1.04119 0.304249 2.08836 
0.0096722 -0.0372252 0.2529 -1.03033 0.309839 2.08566 
0.00756912 -0.0371703 0.251473 -1.04006 0.311575 2.09788 
0.00629762 -0.0387877 0.251774 -1.03458 0.314307 2.08879 
0.00576153 -0.0375709 0.25083 -1.04062 0.315037 2.10042 
0.00463199 -0.0386795 0.249486 -1.03003 0.311408 2.09357 
0.00190679 -0.0364921 0.249564 -1.047 0.314549 2.10278 
0.0011399 -0.0373386 0.248735 -1.02553 0.303846 2.09655 
0.00112663 -0.0366275 0.24724 -1.03178 0.309342 2.09809 
-3.34501e-05 -0.0355483 0.245605 -1.03396 0.305468 2.10232 
-0.00276543 -0.03604 0.245779 -1.03602 0.295833 2.09741 
-0.00237029 -0.0344705 0.244562 -1.04736 0.296861 2.1069 
-0.00480483 -0.0335514 0.242173 -1.02483 0.292837 2.09653 
-0.00504935 -0.0333081 0.241686 -1.02753 0.318219 2.11747 
-0.00635389 -0.0334087 0.241811 -1.01484 0.301009 2.10943 
-0.00970841 -0.0326461 0.241332 -1.00333 0.310977 2.11711 
-0.00990956 -0.0313307 0.239722 -1.01792 0.317024 2.11454 
-0.011099 -0.0311043 0.240875 -1.01527 0.289603 2.12044 
-0.0114631 -0.0301947 0.236961 -0.993998 0.315259 2.1258 
-0.0131564 -0.0295543 0.2366 -1.00789 0.309848 2.12552 
-0.0129089 -0.0297207 0.236017 -1.00272 0.312679 2.12652 
-0.0149439 -0.0288504 0.235362 -0.995483 0.307583 2.13175 
-0.0156677 -0.0269217 0.235195 -1.01065 0.324397 2.12903 
-0.0149828 -0.0274963 0.233666 -1.00426 0.31963 2.1245 
-0.0150745 -0.0272951 0.234302 -1.01306 0.315889 2.13174 
-0.0154817 -0.0282271 0.233114 -1.0075 0.321079 2.12811 
-0.0153258 -0.0281123 0.233765 -1.00958 0.315081 2.12707 
-0.0141905 -0.0281748 0.232534 -1.00447 0.322579 2.1271 
-0.0149786 -0.0278732 0.232925 -1.00436 0.319445 2.13284 
-0.0152207 -0.0282247 0.233511 -1.01019 0.318723 2.12767 
-0.0147161 -0.0281693 0.232437 -1.00367 0.319198 2.12705 
-0.0146773 -0.027858 0.23345 -1.00939 0.318622 2.12829 
-0.0148855 -0.02825 0.232892 -1.00032 0.321852 2.1269 
-0.0153604 -0.0284317 0.233624 -1.00527 0.314965 2.12726 
-0.0144203 -0.0278026 0.233191 -1.00791 0.318137 2.12807 
-0.0149133 -0.0282479 0.233128 -1.00028 0.323511 2.12851 
-0.0152971 -0.0281881 0.233056 -1.00561 0.317412 2.12724 
-0.0145117 -0.0278979 0.232679 -1.00629 0.320711 2.12805 
-0.0146964 -0.0280106 0.232863 -1.00353 0.320919 2.12909 
-0.0150146 -0.0279745 0.232437 -1.00515 0.320668 2.1306 
-0.0150937 -0.028261 0.232831 -1.00468 0.316003 2.12618 
-0.0146283 -0.0279135 0.23286 -1.00664 0.319087 2.12811 
-0.015387 -0.0282518 0.233685 -1.00348 0.321686 2.13003 
-0.0147408 -0.0279392 0.232719 -1.00757 0.316051 2.12728 
-0.0147861 -0.0279021 0.233272 -1.00396 0.320993 2.12732 
-0.0147886 -0.0275073 0.232996 -1.00381 0.320492 2.12986 
-0.014865 -0.0269723 0.233458 -1.0042 0.317591 2.12642 
-0.0135877 -0.0251284 0.233318 -1.00005 0.322929 2.12678 
-0.013586 -0.0242381 0.233859 -0.99819 0.31795 2.12482 
-0.0134623 -0.0235974 0.234172 -0.999035 0.316174 2.12762 
-0.0133727 -0.023 0.235249 -0.998557 0.315249 2.12706 
-0.0124496 -0.0220536 0.237727 -0.994809 0.309967 2.12215 
-0.0107122 -0.021995 0.238686 -0.995091 0.303582 2.12568 
-0.0114169 -0.0223343 0.239729 -0.99351 0.299825 2.11779 
-0.0081968 -0.0251816 0.237383 -0.981155 0.321094 2.11493 
-0.00786843 -0.027271 0.240943 -0.999441 0.305554 2.11691 
-0.00842077 -0.0282436 0.246272 -1.01447 0.306362 2.10593 
-0.00589629 -0.0297573 0.245947 -1.01036 0.311053 2.1102 
-0.00536212 -0.029366 0.249606 -1.01175 0.293698 2.10278 
-0.00423661 -0.0287553 0.248536 -1.02094 0.303782 2.10942 
-0.00201383 -0.0298292 0.248847 -1.02163 0.306556 2.10803 
-0.00264512 -0.0303934 0.250707 -1.01325 0.300692 2.10379 
-0.00105343 -0.0313959 0.250561 -1.01847 0.308401 2.1054 
-0.000293371 -0.032352 0.253673 -1.00926 0.296997 2.09916 
0.00143856 -0.0341524 0.256976 -1.02152 0.290728 2.08917 
0.00292767 -0.0348556 0.257424 -1.02106 0.291619 2.08893 
0.00436415 -0.0369315 0.258695 -1.02235 0.311959 2.08867 
0.00589098 -0.0379213 0.258201 -1.02106 0.299277 2.0883 
0.00740956 -0.0391862 0.26225 -1.03742 0.3077 2.08105 
0.00854468 -0.0400565 0.263538 -1.02638 0.299482 2.08501 
0.0101611 -0.0399433 0.263503 -1.0325 0.302356 2.08231 
0.0114667 -0.0418888 0.267073 -1.0419 0.303898 2.07736 
0.0114238 -0.0412248 0.264411 -1.02399 0.306026 2.08323 
0.0133446 -0.04332 0.268364 -1.06403 0.29359 2.07761 
0.0129563 -0.0443285 0.270038 -1.02029 0.318816 2.07554 
0.0159165 -0.0453681 0.264125 -1.06995 0.306304 2.08087 
0.0164072 -0.0480537 0.277378 -1.03451 0.304088 2.0594 
0.0177804 -0.0469513 0.271769 -1.0465 0.319155 2.07507 
0.0191807 -0.0493891 0.279811 -1.05336 0.297638 2.05781 
0.0211199 -0.0503746 0.277538 -1.05638 0.309625 2.05448 
0.0207136 -0.0521729 0.284293 -1.06086 0.294889 2.04838 
0.0226657 -0.0536943 0.281713 -1.06117 0.303908 2.04203 
0.0236999 -0.0537462 0.286495 -1.06764 0.292145 2.04664 
0.0240029 -0.0556441 0.287557 -1.05264 0.290812 2.02904 
0.0275359 -0.0546388 0.28777 -1.08033 0.307453 2.04561 
0.0265353 -0.0583157 0.294964 -1.07154 0.290725 2.03303 
0.0282669 -0.060279 0.291457 -1.06789 0.293896 2.02882 
0.0300123 -0.0607393 0.292419 -1.07198 0.298908 2.02972 
0.0301441 -0.0602655 0.292378 -1.07088 0.29937 2.03456 
0.0330173 -0.0605125 0.292746 -1.06995 0.298667 2.0337 
0.0338335 -0.0600157 0.2951 -1.0772 0.294247 2.02863 
0.0364611 -0.0627235 0.299517 -1.09198 0.298868 2.01508 
0.0358071 -0.0637038 0.299716 -1.0812 0.286286 2.02086 
0.0376813 -0.0667239 0.297184 -1.07153 0.294939 2.01393 
0.038313 -0.0677587 0.300819 -1.08535 0.301372 2.01832 
0.0398166 -0.0688246 0.300197 -1.07874 0.301817 2.01263 
0.0415342 -0.067386 0.303816 -1.08853 0.301922 2.02171 
0.0429978 -0.0675406 0.305097 -1.08443 0.297176 2.01338 
0.042764 -0.0689948 0.30825 -1.10299 0.282656 2.00611 
0.0448237 -0.0716928 0.309287 -1.07609 0.295406 1.99796 
0.0454915 -0.0725812 0.307948 -1.10168 0.288944 2.00694 
0.0462995 -0.0735843 0.311666 -1.0942 0.29893 1.99924 
