0.077757 0.00204983 0.250901 -1.1304 0.279794 2.01226 
0.0774856 0.00171815 0.250299 -1.12855 0.284468 2.0093 
0.0777534 0.00182792 0.25095 -1.12578 0.278015 2.00978 
0.0775052 0.0019218 0.250082 -1.13144 0.286383 2.01193 
0.0776192 0.001726 0.250465 -1.12611 0.280767 2.01056 
0.0775188 0.00188504 0.250581 -1.12971 0.284322 2.01082 
0.0774319 0.00169419 0.250397 -1.1272 0.282311 2.01118 
0.0774981 0.00168436 0.250623 -1.12616 0.28188 2.0085 
0.0776043 0.00190896 0.250507 -1.13018 0.282006 2.01225 
0.0774483 0.00166284 0.250551 -1.12677 0.284255 2.00925 
0.0774754 0.00181222 0.250336 -1.12953 0.28247 2.01127 
0.0775941 0.00174538 0.250442 -1.12622 0.284 2.01046 
0.077315 0.00170347 0.249973 -1.12771 0.283411 2.0108 
0.0775792 0.00181747 0.250576 -1.12618 0.283372 2.01111 
0.0773964 0.00170061 0.250093 -1.12936 0.283902 2.00989 
0.0774956 0.00177065 0.250389 -1.12566 0.283035 2.01121 
0.0774149 0.00166494 0.250339 -1.12727 0.282423 2.00934 
0.0775008 0.00190998 0.250242 -1.12773 0.284765 2.01326 
0.077379 0.0016512 0.249861 -1.12462 0.283676 2.01105 
0.0775066 0.00182081 0.250089 -1.12557 0.283535 2.01232 
0.0773415 0.00170482 0.249823 -1.12487 0.285274 2.01204 
0.0774805 0.00176164 0.25006 -1.12454 0.283191 2.01221 
0.0774526 0.00177653 0.250041 -1.12589 0.285038 2.0119 
0.0774007 0.00170003 0.249907 -1.12386 0.283346 2.0122 
0.0774207 0.00179644 0.250004 -1.12695 0.284405 2.01201 
0.0774734 0.00173801 0.250191 -1.1254 0.282687 2.01167 
0.0774029 0.0017321 0.250082 -1.12497 0.283768 2.01131 
0.077446 0.00178545 0.249958 -1.12564 0.283899 2.01325 
0.0774606 0.00169425 0.250106 -1.12487 0.283323 2.01049 
0.0773988 0.00171369 0.250098 -1.12584 0.284398 2.01109 
0.0774863 0.00179581 0.250251 -1.12651 0.28198 2.01197 
0.0774777 0.00172183 0.250181 -1.12642 0.285382 2.01065 
0.0774346 0.00174637 0.250233 -1.12655 0.281479 2.01116 
0.0774463 0.00171535 0.250073 -1.12484 0.285664 2.01144 
0.077479 0.0017822 0.250509 -1.12807 0.280759 2.01033 
0.0774603 0.00170273 0.250243 -1.12573 0.284941 2.01084 
0.077403 0.00171254 0.250084 -1.1263 0.282428 2.01059 
0.077479 0.00172516 0.250199 -1.12534 0.284113 2.01127 
0.0774541 0.0016207 0.250362 -1.12476 0.281958 2.0088 
0.0774144 0.00186078 0.250169 -1.12811 0.283736 2.01246 
0.0774863 0.00167921 0.250155 -1.12387 0.283215 2.01046 
0.0773487 0.00176106 0.249911 -1.12338 0.282239 2.01199 
0.07708 0.00198725 0.249982 -1.12863 0.280143 2.01221 
0.0773168 0.00176069 0.250244 -1.12205 0.281539 2.01138 
0.0771651 0.00255362 0.250316 -1.12689 0.277688 2.01467 
0.077215 0.00141397 0.250675 -1.12639 0.281225 2.00981 
0.0770976 0.00192948 0.250576 -1.12447 0.275425 2.01476 
0.0771919 -0.000545275 0.250306 -1.13321 0.279827 2.01064 
0.0769563 -0.00223309 0.247399 -1.12409 0.286884 2.01456 
0.0773056 -0.00178542 0.249382 -1.12345 0.271649 2.00792 
0.0773807 -0.00469196 0.24724 -1.12818 0.290727 2.01425 
0.077392 -0.0039876 0.247143 -1.11809 0.273756 2.01116 
0.0776142 -0.00551626 0.247121 -1.13397 0.292658 2.0146 
0.0775777 -0.00770213 0.246074 -1.13144 0.276325 2.01552 
0.0776665 -0.0085583 0.245121 -1.13038 0.2965 2.01365 
0.0777907 -0.00904635 0.245996 -1.13182 0.279975 2.01152 
0.077914 -0.0118345 0.244383 -1.12588 0.285658 2.01023 
0.0778247 -0.011073 0.244649 -1.13326 0.295992 2.01411 
0.0781585 -0.0127351 0.244135 -1.13718 0.284161 2.01316 
0.0781687 -0.0136563 0.243959 -1.12951 0.289316 2.00967 
0.0782608 -0.0159164 0.243353 -1.127 0.283051 2.00615 
0.0782296 -0.0152741 0.242567 -1.13457 0.29816 2.0156 
0.0785764 -0.0188938 0.242245 -1.12149 0.276761 1.99934 
0.0783908 -0.0184728 0.240696 -1.13093 0.304002 2.0197 
0.078471 -0.0194507 0.241396 -1.12919 0.286345 2.00776 
0.0785677 -0.0215522 0.239529 -1.12227 0.290147 2.01255 
0.0787842 -0.021916 0.240499 -1.13034 0.293116 2.01282 
0.0786644 -0.0229053 0.239783 -1.13032 0.293036 2.00946 
0.0786312 -0.0245053 0.239474 -1.13979 0.294485 2.01804 
0.0785756 -0.026464 0.237637 -1.1184 0.296738 2.00217 
0.0786412 -0.0258264 0.23833 -1.13404 0.295357 2.01683 
0.0780907 -0.0292535 0.235685 -1.12999 0.307215 2.01212 
0.0780489 -0.030127 0.234675 -1.12958 0.307097 2.01665 
0.0784132 -0.0310888 0.235318 -1.12349 0.302325 2.00466 
0.0785026 -0.0317925 0.234027 -1.13336 0.311298 2.02038 
0.0780825 -0.0340475 0.23463 -1.1268 0.304501 2.00536 
0.0778342 -0.0342937 0.232507 -1.13094 0.309024 2.02243 
0.0779187 -0.0364003 0.233723 -1.12995 0.305228 2.00647 
0.0779654 -0.03757 0.23216 -1.12947 0.309528 2.01574 
0.0783756 -0.0390501 0.23203 -1.12447 0.305872 2.00843 
0.0783542 -0.0396367 0.231442 -1.12984 0.308711 2.01628 
0.0784658 -0.0414156 0.231534 -1.12765 0.308469 2.00869 
0.0785235 -0.0414664 0.230687 -1.12917 0.308251 2.01454 
0.078411 -0.0452254 0.229535 -1.13345 0.317229 2.01178 
0.0773255 -0.0446322 0.229205 -1.13698 0.308043 2.0202 
0.0772532 -0.0462007 0.22809 -1.13413 0.319518 2.01589 
0.0767759 -0.0473192 0.228138 -1.13245 0.311512 2.0201 
0.0767806 -0.0480617 0.226316 -1.13329 0.318876 2.0204 
0.076522 -0.0494515 0.227051 -1.13811 0.315529 2.02416 
0.0759552 -0.0530989 0.225034 -1.12803 0.324216 2.01403 
0.0776148 -0.0529148 0.22724 -1.14161 0.302449 2.01729 
0.0770116 -0.0547051 0.226596 -1.13386 0.307373 2.01399 
0.0771173 -0.0555976 0.226135 -1.13987 0.304968 2.02136 
0.0764597 -0.0566536 0.225806 -1.13585 0.307413 2.01844 
0.0763017 -0.0575438 0.224301 -1.14091 0.305457 2.02163 
0.0762717 -0.057703 0.223355 -1.1349 0.305108 2.02552 
0.0756036 -0.0604901 0.223775 -1.13973 0.309486 2.01999 
0.0753986 -0.0593238 0.222347 -1.14534 0.312635 2.03386 
0.0752566 -0.0598974 0.22308 -1.13571 0.306401 2.01882 
0.0758594 -0.0594857 0.222521 -1.1467 0.311502 2.03213 
0.0750878 -0.0600581 0.223193 -1.13641 0.308205 2.02238 
0.0754266 -0.0594202 0.22276 -1.14566 0.308646 2.02681 
0.0756823 -0.0599028 0.222464 -1.13754 0.31113 2.0276 
0.0752467 -0.0595091 0.223114 -1.14189 0.306084 2.02595 
0.0753104 -0.0596858 0.221883 -1.13601 0.310718 2.02822 
0.0755658 -0.0598219 0.223259 -1.1424 0.308782 2.02597 
0.0753503 -0.0594755 0.221938 -1.13425 0.306989 2.02657 
0.0752574 -0.0599418 0.222744 -1.1385 0.311462 2.02886 
0.0755235 -0.0594052 0.2226 -1.13951 0.304974 2.02467 
0.0753506 -0.0601221 0.223649 -1.142 0.306 2.01969 
0.0754595 -0.0596064 0.22202 -1.14068 0.310853 2.0259 
0.0753325 -0.0602745 0.222873 -1.13664 0.310312 2.02018 
0.0756937 -0.0577428 0.221377 -1.1402 0.31383 2.02793 
0.0751116 -0.0579549 0.223284 -1.13598 0.310996 2.01775 
0.0748521 -0.0551101 0.221767 -1.13938 0.3104 2.02596 
0.0746234 -0.0535571 0.220192 -1.12971 0.317884 2.03221 
0.0746521 -0.0501363 0.22179 -1.12875 0.309833 2.03101 
0.0744222 -0.0514003 0.222145 -1.13245 0.315173 2.02688 
0.0743232 -0.049461 0.222634 -1.12529 0.310452 2.02532 
0.0742109 -0.0474435 0.223724 -1.13124 0.315582 2.02706 
0.0736593 -0.0448063 0.224748 -1.13033 0.308141 2.02475 
0.073814 -0.0456636 0.224475 -1.12919 0.312399 2.02391 
0.0737706 -0.0423064 0.226609 -1.13373 0.303647 2.02338 
0.0738149 -0.0413042 0.226383 -1.12524 0.308928 2.02183 
0.073675 -0.0401207 0.226701 -1.13119 0.30546 2.02202 
0.073514 -0.038884 0.227243 -1.12468 0.307455 2.02373 
0.0733224 -0.0374986 0.227274 -1.1295 0.304567 2.02357 
0.0734391 -0.0358145 0.227717 -1.12595 0.308671 2.02539 
0.072879 -0.0337079 0.229351 -1.11881 0.303584 2.01683 
0.0730461 -0.0337699 0.228499 -1.13178 0.308529 2.02481 
0.0730179 -0.0319441 0.229926 -1.11722 0.303789 2.01548 
0.0728953 -0.0316077 0.229173 -1.12555 0.309087 2.02307 
0.073412 -0.0298287 0.231321 -1.12532 0.300556 2.0139 
0.0735645 -0.0292186 0.230389 -1.12105 0.314685 2.01869 
0.0734243 -0.0259795 0.232593 -1.13986 0.306821 2.02447 
0.0733176 -0.02537 0.233044 -1.13104 0.305397 2.02292 
0.0733671 -0.024943 0.232995 -1.13417 0.305309 2.01744 
0.0749608 -0.0223002 0.235209 -1.12826 0.307078 2.01716 
0.0739971 -0.0223503 0.234601 -1.13487 0.303107 2.01704 
0.0750479 -0.0211664 0.236064 -1.13648 0.302403 2.0183 
0.0745986 -0.0194913 0.235331 -1.14248 0.310858 2.02523 
0.0742684 -0.0183547 0.236717 -1.13698 0.302608 2.02219 
0.0744793 -0.0183297 0.236875 -1.14031 0.303636 2.01929 
0.074395 -0.0157649 0.237287 -1.13846 0.300936 2.02411 
0.0748814 -0.0152048 0.239142 -1.14303 0.304877 2.01452 
0.0747104 -0.0167078 0.238534 -1.1179 0.289109 2.01148 
0.0751387 -0.0112957 0.240425 -1.15523 0.299028 2.02301 
0.0746098 -0.0156121 0.239399 -1.1131 0.293835 2.00487 
0.0746079 -0.0129504 0.241591 -1.12644 0.288912 2.00435 
0.0751392 -0.0127878 0.240627 -1.11756 0.293974 2.00522 
0.0759145 -0.0109595 0.243243 -1.12704 0.284627 2.00225 
0.0757191 -0.0101758 0.242322 -1.11921 0.293422 2.00678 
0.0761605 -0.00949549 0.243104 -1.12935 0.292929 2.00509 
0.076253 -0.00818132 0.243923 -1.11963 0.289325 2.00509 
0.0756481 -0.00673495 0.243236 -1.12894 0.295155 2.01174 
0.076005 -0.00657653 0.245269 -1.12395 0.292746 2.00217 
0.0761372 -0.00446751 0.244458 -1.12377 0.294902 2.0084 
0.0762869 -0.00409044 0.245489 -1.12629 0.293995 2.00799 
0.0764231 -0.00112254 0.247649 -1.12416 0.285376 2.0032 
0.0768006 0.000105349 0.248778 -1.13401 0.28926 2.00826 
0.0764661 0.000110717 0.248199 -1.11813 0.28199 2.00293 
0.0761096 0.000976813 0.249153 -1.13026 0.294432 2.00931 
0.0761723 0.00135045 0.249186 -1.11896 0.283328 2.00234 
0.07623 0.00296674 0.249921 -1.12998 0.284237 2.00565 
0.0772673 0.00385008 0.250262 -1.12144 0.296064 2.00986 
0.0766643 0.00343455 0.250569 -1.11948 0.277662 1.99848 
0.0775757 0.00733723 0.251172 -1.13435 0.295281 2.01644 
0.077139 0.00514264 0.252506 -1.12151 0.275823 1.998 
0.0772902 0.00836536 0.251844 -1.14151 0.296552 2.01372 
0.0772898 0.00731206 0.252714 -1.11803 0.280733 1.99743 
0.0775113 0.00882155 0.253352 -1.13065 0.295729 2.00333 
0.0773355 0.00974601 0.254047 -1.12914 0.282854 2.00052 
0.0777009 0.0106768 0.254399 -1.12743 0.292599 2.00267 
0.0773966 0.0116377 0.254557 -1.12724 0.282352 2.00071 
0.0775499 0.0131658 0.255606 -1.12843 0.291091 2.00213 
0.0773226 0.0136743 0.25513 -1.13019 0.285532 2.00271 
0.0775605 0.0147421 0.256642 -1.13069 0.295993 2.0037 
0.0772646 0.0153425 0.255837 -1.13085 0.289447 2.0036 
0.0773931 0.0154622 0.256464 -1.1232 0.28805 1.99987 
0.0770425 0.018578 0.257042 -1.13212 0.297896 2.00536 
0.0770471 0.0172215 0.257249 -1.11081 0.281128 1.99301 
0.0771025 0.0199944 0.258102 -1.13803 0.299094 2.00336 
0.0770981 0.0200244 0.259119 -1.1175 0.281629 1.99599 
0.0771703 0.0214058 0.258996 -1.13024 0.298748 2.00081 
0.0776804 0.020909 0.258597 -1.11577 0.289432 1.9973 
0.0780599 0.0227966 0.260667 -1.13365 0.292528 1.99865 
0.0780384 0.0219661 0.260094 -1.12099 0.282997 1.99565 
0.0784393 0.0222319 0.260504 -1.12459 0.297414 1.9965 
0.0780406 0.0222248 0.259927 -1.12506 0.285163 1.99666 
0.0784529 0.0221523 0.260699 -1.12203 0.294967 1.99636 
0.0781502 0.0218879 0.259227 -1.12068 0.290913 1.9975 
0.0783683 0.0223313 0.259982 -1.11989 0.297967 1.99763 
0.0782947 0.0217721 0.25978 -1.12219 0.292249 1.99581 
0.0783526 0.0223938 0.260159 -1.12267 0.296845 1.99632 
0.0782817 0.0219153 0.259639 -1.12358 0.294179 1.9977 
0.0784145 0.022216 0.260073 -1.12084 0.297349 1.99699 
0.0783543 0.0220249 0.260247 -1.12616 0.291129 1.99558 
0.0783465 0.0221141 0.259673 -1.11811 0.297964 1.99755 
0.078359 0.0221131 0.260063 -1.12649 0.294993 1.99752 
0.0783509 0.0220078 0.25979 -1.11837 0.29616 1.99605 
0.0783614 0.0221254 0.259932 -1.12463 0.295349 1.99801 
0.0783571 0.0220322 0.259831 -1.12027 0.296313 1.99638 
0.0784132 0.0221396 0.260463 -1.12646 0.293373 1.99587 
0.078205 0.0220777 0.259971 -1.12692 0.294848 1.99477 
0.0782055 0.022015 0.259545 -1.1233 0.297631 1.99861 
0.0776005 0.0224108 0.259881 -1.12732 0.294267 1.9967 
0.0772189 0.022378 0.259159 -1.12417 0.297949 2.00006 
0.0753749 0.0232844 0.259166 -1.12674 0.294219 2.00173 
0.0753851 0.022725 0.257595 -1.10885 0.298924 2.0033 
0.0714241 0.0247871 0.260637 -1.13463 0.276876 2.0007 
0.0726555 0.0232347 0.254126 -1.09142 0.314198 2.01111 
0.0690847 0.0253134 0.259174 -1.12451 0.281278 2.00494 
0.066369 0.0259856 0.253541 -1.11692 0.306493 2.0177 
0.0665376 0.0258013 0.254687 -1.10524 0.299764 2.02024 
0.0632959 0.0268624 0.253591 -1.11461 0.296646 2.0185 
0.0621412 0.0271303 0.251475 -1.10173 0.307811 2.02838 
0.0595419 0.0276573 0.249715 -1.10199 0.306077 2.03189 
0.0565936 0.0284009 0.248548 -1.09168 0.308566 2.03568 
0.0531746 0.0295325 0.247552 -1.10361 0.30318 2.03778 
0.0540145 0.029766 0.248934 -1.09064 0.311284 2.04538 
0.0517755 0.0300444 0.248692 -1.1102 0.29861 2.03379 
0.0526419 0.0302003 0.248486 -1.0865 0.311178 2.04492 
0.0516725 0.0298569 0.247964 -1.10408 0.300738 2.0351 
0.0523833 0.030235 0.247879 -1.08992 0.31151 2.04491 
0.0518552 0.0299952 0.247988 -1.10388 0.302484 2.03719 
0.0522191 0.0300391 0.247639 -1.09138 0.309764 2.04421 
0.0515201 0.0301034 0.247749 -1.10805 0.300934 2.03551 
0.0520253 0.029895 0.247294 -1.09563 0.309495 2.04349 
0.0516327 0.0301705 0.247992 -1.10448 0.299782 2.03504 
0.0519246 0.0299831 0.246998 -1.09941 0.309224 2.04478 
0.0518102 0.0299048 0.247732 -1.09738 0.303912 2.03576 
0.0517279 0.0301115 0.247783 -1.10203 0.300655 2.03953 
0.0518382 0.0300599 0.248257 -1.09783 0.303517 2.03633 
0.051855 0.0300012 0.247542 -1.10476 0.306558 2.04042 
0.0517269 0.0301933 0.24847 -1.09933 0.298742 2.03603 
0.0518283 0.0299775 0.247434 -1.10209 0.308213 2.04115 
0.0515885 0.0299514 0.245722 -1.1 0.308623 2.04221 
0.0516118 0.0298498 0.247395 -1.09538 0.30683 2.03841 
0.0516317 0.0300508 0.246481 -1.10211 0.308717 2.04279 
0.0516762 0.0298794 0.247236 -1.09619 0.306105 2.03929 
0.0515998 0.0300723 0.246622 -1.10011 0.307682 2.04259 
0.0516642 0.0298678 0.246637 -1.09833 0.309909 2.04167 
0.051602 0.0300879 0.246766 -1.09968 0.305299 2.04174 
0.0517213 0.0298389 0.246873 -1.09497 0.308849 2.04207 
0.0514887 0.0300823 0.246216 -1.10286 0.310362 2.04151 
0.0517395 0.0297964 0.246945 -1.09473 0.305622 2.04018 
0.051541 0.030138 0.246579 -1.10374 0.311375 2.04228 
0.0515254 0.0297602 0.245613 -1.09524 0.310909 2.04251 
0.0516297 0.0301588 0.246838 -1.09951 0.309937 2.04308 
0.051494 0.0298885 0.245974 -1.09882 0.309714 2.04219 
0.0515832 0.0299325 0.246499 -1.09649 0.310894 2.04266 
