0.046897 -0.0301772 0.202726 -1.41198 0.293906 1.86637 
0.0469366 -0.0298647 0.202134 -1.41596 0.298398 1.86955 
0.046951 -0.0296184 0.202232 -1.41882 0.297096 1.87369 
0.0468251 -0.0298616 0.203495 -1.4199 0.292782 1.86697 
0.0467125 -0.0299867 0.204023 -1.4183 0.291737 1.86186 
0.0467569 -0.0292851 0.203986 -1.42485 0.292626 1.86707 
0.0467105 -0.0294676 0.20387 -1.4205 0.294965 1.86443 
0.0467224 -0.0290389 0.204423 -1.42747 0.295071 1.86679 
0.0467401 -0.0286634 0.203149 -1.41658 0.297502 1.87034 
0.0466006 -0.028425 0.204593 -1.42321 0.29459 1.86648 
0.0467174 -0.0283513 0.204351 -1.41836 0.296727 1.86615 
0.0469877 -0.0278715 0.204877 -1.42094 0.295582 1.86774 
0.047209 -0.0277383 0.206029 -1.41912 0.294916 1.85915 
0.0474571 -0.0267657 0.206604 -1.42355 0.296788 1.86352 
0.04732 -0.026442 0.207713 -1.42901 0.29453 1.85967 
0.0474304 -0.0259784 0.210144 -1.42408 0.286975 1.85046 
0.0474685 -0.0249748 0.209368 -1.42386 0.290514 1.85734 
0.0474156 -0.0244705 0.209076 -1.41954 0.296845 1.85664 
0.0475508 -0.0242928 0.208744 -1.42184 0.297293 1.862 
0.047251 -0.0235114 0.209471 -1.42054 0.296913 1.85783 
0.0469269 -0.0227278 0.210576 -1.42416 0.294598 1.8556 
0.046932 -0.021294 0.210982 -1.42637 0.299217 1.8577 
0.0467584 -0.0209757 0.211213 -1.41941 0.296087 1.85807 
0.0466739 -0.0196374 0.210975 -1.42167 0.299636 1.85916 
0.0465363 -0.0192304 0.211369 -1.42027 0.300306 1.85824 
0.0462667 -0.0188907 0.213947 -1.42665 0.292644 1.8508 
0.0464014 -0.0169635 0.212113 -1.42432 0.306302 1.86175 
0.0461779 -0.0168885 0.213889 -1.42453 0.296021 1.85337 
0.0467519 -0.0163945 0.213062 -1.41966 0.304562 1.8591 
0.0465069 -0.0153637 0.216122 -1.42574 0.297133 1.84822 
0.0468304 -0.0151101 0.214754 -1.41615 0.297751 1.85304 
0.0468581 -0.0143075 0.216964 -1.42618 0.295764 1.84784 
0.0466401 -0.012514 0.216188 -1.43303 0.301095 1.85873 
0.0466624 -0.0122985 0.216823 -1.42652 0.299625 1.85479 
0.0468955 -0.0114574 0.217067 -1.4243 0.300338 1.85552 
0.0471056 -0.0107878 0.216854 -1.41826 0.301505 1.85685 
0.0470101 -0.0105751 0.217256 -1.42071 0.302699 1.85748 
0.047018 -0.00916609 0.216746 -1.41962 0.304296 1.86349 
0.0467488 -0.00906207 0.218546 -1.42084 0.298915 1.8532 
0.0468622 -0.00840194 0.217456 -1.41245 0.303461 1.85916 
0.0467424 -0.00729551 0.218257 -1.41098 0.300966 1.85721 
0.0466004 -0.0065495 0.218779 -1.4082 0.30101 1.85744 
0.0464212 -0.00543189 0.219564 -1.41791 0.303293 1.85979 
0.0463451 -0.00531596 0.22088 -1.41054 0.296122 1.8559 
0.0463272 -0.00412854 0.220531 -1.41727 0.302275 1.86151 
0.0462659 -0.00367609 0.221068 -1.41647 0.300722 1.85939 
0.0462545 -0.0023142 0.222075 -1.41889 0.298622 1.8579 
0.0462237 -0.00183164 0.222586 -1.41083 0.29723 1.85346 
0.0462362 -0.00123466 0.22299 -1.41426 0.296516 1.85572 
0.0461276 -0.000519771 0.22301 -1.408 0.298485 1.85469 
0.0464169 0.000270052 0.223236 -1.40764 0.297203 1.85681 
0.046722 0.0004891 0.222228 -1.40272 0.303399 1.85686 
0.046716 0.000450257 0.223217 -1.39694 0.301763 1.85038 
0.0467071 0.00100717 0.222515 -1.38897 0.302286 1.85175 
0.0469029 0.000835924 0.22396 -1.38214 0.294284 1.83944 
0.046743 0.00319434 0.227282 -1.40021 0.288762 1.84807 
0.0469436 0.00331726 0.227473 -1.38834 0.288769 1.84182 
0.0467831 0.004348 0.228178 -1.39376 0.287589 1.84591 
0.0463521 0.00540242 0.2288 -1.39649 0.289608 1.8451 
0.0465117 0.00696847 0.228686 -1.40531 0.296568 1.85078 
0.0461284 0.00756335 0.229641 -1.41017 0.293789 1.84657 
0.0464771 0.00810383 0.228617 -1.39977 0.297578 1.85205 
0.0464993 0.00881258 0.229085 -1.39915 0.297786 1.85243 
0.046742 0.00936955 0.228618 -1.38737 0.299295 1.85462 
0.0468207 0.0084817 0.227633 -1.36603 0.300513 1.85047 
0.0465086 0.00948109 0.23023 -1.37518 0.283617 1.84312 
0.046587 0.0106205 0.230373 -1.38308 0.292945 1.84989 
0.0463396 0.0108166 0.231501 -1.37645 0.280843 1.84259 
0.0464254 0.0114918 0.231993 -1.37851 0.285087 1.84211 
0.0461949 0.0108318 0.233755 -1.37809 0.269505 1.83229 
0.0463705 0.0111564 0.232615 -1.37077 0.279636 1.83736 
0.0463259 0.0114713 0.232662 -1.37452 0.281728 1.84034 
0.0462219 0.0112997 0.232449 -1.37588 0.284525 1.83985 
0.0462258 0.0117179 0.233747 -1.38124 0.275253 1.83577 
0.0462191 0.0113717 0.232452 -1.37257 0.283595 1.83988 
0.0462707 0.0115138 0.232459 -1.3826 0.28468 1.84055 
0.046287 0.01177 0.232582 -1.37858 0.282055 1.84069 
0.046345 0.0114423 0.231349 -1.37286 0.288992 1.8464 
0.0463149 0.0118116 0.231189 -1.38071 0.289964 1.84794 
0.0463467 0.0120566 0.231269 -1.37809 0.289222 1.84866 
0.0462483 0.0115319 0.23233 -1.37881 0.283785 1.84308 
0.0462975 0.0116978 0.231873 -1.37862 0.28721 1.84551 
0.0461815 0.0118451 0.23201 -1.37566 0.283866 1.8429 
0.046182 0.0118512 0.232468 -1.37742 0.283244 1.84231 
0.0462034 0.0118588 0.232696 -1.37535 0.281129 1.84097 
0.0461538 0.0119892 0.232403 -1.37201 0.28506 1.84377 
0.0460093 0.0118649 0.233268 -1.36833 0.278675 1.83777 
0.0460706 0.0123959 0.232467 -1.36975 0.284605 1.8432 
0.0451877 0.0130745 0.234501 -1.37314 0.276826 1.84001 
0.0448548 0.0130748 0.233309 -1.36379 0.282407 1.8463 
0.0439289 0.0138759 0.232519 -1.36639 0.289654 1.856 
0.0430283 0.0133213 0.230574 -1.34703 0.293081 1.85495 
0.0429176 0.0137112 0.229814 -1.34658 0.301831 1.86161 
0.0411487 0.0140303 0.233286 -1.35368 0.282686 1.84576 
0.0402247 0.0155115 0.232633 -1.36297 0.292618 1.86509 
0.0393716 0.0161303 0.233133 -1.37598 0.292235 1.86744 
0.0377418 0.016389 0.232268 -1.37592 0.288361 1.86758 
0.0365593 0.0173761 0.232785 -1.37709 0.291271 1.87545 
0.0354899 0.0178016 0.232845 -1.39069 0.289471 1.87332 
0.0351413 0.017448 0.232164 -1.37248 0.291142 1.87733 
0.0339301 0.0164885 0.232467 -1.36538 0.28783 1.87509 
0.0329185 0.0156699 0.232257 -1.35973 0.28786 1.87434 
0.0320719 0.0158571 0.231827 -1.35727 0.289916 1.8814 
0.0307562 0.0176164 0.23229 -1.37938 0.293736 1.88716 
0.030364 0.0166194 0.230166 -1.35144 0.297041 1.89131 
0.0296202 0.0172679 0.231393 -1.3626 0.296457 1.89388 
0.0288146 0.0158455 0.232094 -1.3463 0.288834 1.88541 
0.0282963 0.0161433 0.233582 -1.36216 0.287799 1.88847 
0.0275973 0.0154313 0.230753 -1.35576 0.296318 1.89531 
0.0254295 0.0178 0.233447 -1.36695 0.283512 1.89805 
0.0254578 0.016249 0.228582 -1.33724 0.305917 1.90679 
0.0248731 0.0169569 0.229784 -1.34687 0.304118 1.91341 
0.0232959 0.0155529 0.230122 -1.34421 0.297441 1.90803 
0.0226788 0.0166068 0.231217 -1.36255 0.303193 1.9244 
0.0219768 0.0156956 0.227657 -1.33835 0.30619 1.92307 
0.0212492 0.0153876 0.226521 -1.33186 0.313527 1.92686 
0.0203695 0.0157497 0.225885 -1.32357 0.310771 1.92867 
0.0196346 0.0163697 0.226495 -1.32992 0.310175 1.93133 
0.0186962 0.0163862 0.226963 -1.32935 0.310159 1.93263 
0.0173878 0.0162566 0.227289 -1.33233 0.315327 1.93865 
0.0170823 0.0153558 0.227842 -1.33229 0.315138 1.93486 
0.0155974 0.0151042 0.228622 -1.33087 0.309382 1.93767 
0.0145758 0.0143831 0.228954 -1.31932 0.307835 1.93528 
0.0148698 0.014585 0.225851 -1.32493 0.321337 1.94701 
0.0138049 0.0144561 0.224894 -1.31869 0.321499 1.94967 
0.0128078 0.0147904 0.224889 -1.3201 0.322206 1.95413 
0.0116672 0.0154817 0.224649 -1.31236 0.319267 1.95446 
0.011175 0.0156189 0.22513 -1.32063 0.32119 1.95682 
0.00967528 0.0154325 0.225688 -1.31793 0.317164 1.95555 
0.00982156 0.0152658 0.225243 -1.31981 0.32365 1.9566 
0.00880599 0.014499 0.224588 -1.3186 0.327306 1.96147 
0.00838384 0.0138745 0.224603 -1.31582 0.326481 1.96443 
0.00691525 0.0151586 0.22467 -1.32517 0.325066 1.96586 
0.00559941 0.0152661 0.225033 -1.31298 0.321916 1.96956 
0.00478681 0.0153467 0.225595 -1.31839 0.319848 1.97346 
0.00345241 0.0155938 0.225927 -1.32056 0.315554 1.97306 
0.00223637 0.0149004 0.226744 -1.32325 0.316606 1.97591 
0.00106998 0.0146453 0.227184 -1.3186 0.319361 1.98237 
-0.000269857 0.0154041 0.227738 -1.30794 0.309229 1.97982 
-0.000627426 0.0155508 0.227075 -1.29873 0.318585 1.98118 
-0.00163311 0.015616 0.226584 -1.29972 0.332481 1.98902 
-0.00186303 0.0156379 0.224837 -1.29158 0.338082 2.00025 
-0.00213778 0.0154149 0.226163 -1.28696 0.340039 1.99932 
-0.00330948 0.0153625 0.225463 -1.29839 0.339488 2.00299 
-0.0038154 0.0150135 0.225392 -1.30039 0.350796 2.00997 
-0.00430715 0.0155781 0.227235 -1.30059 0.344348 2.00753 
-0.00559316 0.0161338 0.22764 -1.29916 0.337344 2.00433 
-0.0058033 0.0152629 0.225789 -1.2967 0.347742 2.00824 
-0.00568978 0.0154133 0.22678 -1.29375 0.33911 2.00941 
-0.00635951 0.0160066 0.226172 -1.28755 0.332824 2.00593 
-0.00660435 0.0155274 0.225321 -1.28835 0.335784 2.01334 
-0.00782687 0.0159309 0.225719 -1.28125 0.328254 2.0075 
-0.00755084 0.0159782 0.224965 -1.28338 0.335353 2.01772 
-0.00774248 0.0158767 0.224953 -1.2881 0.337604 2.01859 
-0.00843126 0.0159878 0.223308 -1.2788 0.335085 2.01583 
-0.00831427 0.0159729 0.223485 -1.26857 0.334842 2.0241 
-0.00898642 0.0157993 0.222994 -1.27475 0.337381 2.02326 
-0.0099395 0.0161571 0.222839 -1.28661 0.319078 2.01699 
-0.0106704 0.0160803 0.221816 -1.2898 0.330994 2.01428 
-0.0107555 0.0161124 0.222377 -1.28797 0.337435 2.0213 
-0.0108395 0.014853 0.223763 -1.29622 0.334219 2.02415 
-0.00997017 0.013837 0.221306 -1.28912 0.342184 2.02119 
-0.0105613 0.0145017 0.222981 -1.29579 0.337711 2.02098 
-0.0103942 0.0142806 0.22189 -1.29278 0.340749 2.02162 
-0.0104394 0.0144685 0.223099 -1.29462 0.340428 2.02307 
-0.0104446 0.0144111 0.222399 -1.29415 0.342095 2.02271 
-0.010548 0.0145197 0.223115 -1.29775 0.338499 2.02339 
-0.0103754 0.0145431 0.222338 -1.29679 0.343775 2.02457 
-0.0103679 0.0144855 0.222385 -1.29467 0.342743 2.02363 
-0.01049 0.0146157 0.222988 -1.29818 0.344936 2.02328 
-0.0104568 0.01444 0.222548 -1.29495 0.341207 2.02275 
-0.0105579 0.014567 0.223195 -1.29702 0.339522 2.02338 
-0.0106175 0.0145886 0.223485 -1.29809 0.339452 2.0239 
-0.0106491 0.0145929 0.223576 -1.29873 0.337075 2.02374 
-0.0104838 0.0145736 0.22296 -1.29625 0.338917 2.02538 
-0.0106421 0.0146507 0.223681 -1.29862 0.339721 2.02417 
-0.0106204 0.0146228 0.223466 -1.29831 0.336783 2.02485 
-0.0105921 0.0145665 0.223455 -1.29724 0.337682 2.02457 
-0.0106472 0.0145494 0.223407 -1.29943 0.338032 2.02313 
-0.0107016 0.0145248 0.223871 -1.29534 0.337712 2.02238 
-0.0105237 0.0144966 0.223168 -1.29378 0.33781 2.02404 
-0.0106234 0.0145306 0.223491 -1.2973 0.339446 2.02345 
-0.0106347 0.0145267 0.223596 -1.29622 0.337505 2.02308 
-0.0105225 0.0145757 0.223134 -1.29659 0.339424 2.02482 
-0.0106422 0.014496 0.223512 -1.29611 0.337461 2.02329 
-0.0105565 0.0145624 0.223356 -1.29476 0.339363 2.02385 
-0.0106425 0.0146501 0.223937 -1.2964 0.339816 2.02393 
-0.0105992 0.0145749 0.22345 -1.29643 0.340359 2.0233 
-0.0105961 0.0145393 0.223676 -1.29379 0.338472 2.02302 
-0.0105668 0.0145601 0.223617 -1.29539 0.341259 2.02248 
-0.0103369 0.014551 0.22294 -1.29585 0.343834 2.02244 
-0.0105518 0.0145304 0.223404 -1.29681 0.338136 2.02238 
-0.0103758 0.0144676 0.223351 -1.29442 0.339733 2.02263 
-0.0105009 0.0145312 0.223513 -1.2966 0.339541 2.02241 
-0.0104391 0.0145395 0.223336 -1.2959 0.34012 2.02198 
-0.00996789 0.0141564 0.223119 -1.29147 0.33907 2.02059 
-0.00981346 0.0142683 0.223259 -1.29372 0.33904 2.0195 
-0.00993184 0.0143318 0.223757 -1.29534 0.336964 2.0208 
-0.0098364 0.0142146 0.225048 -1.29671 0.331127 2.01741 
-0.00925986 0.0144062 0.22687 -1.29905 0.329266 2.01321 
-0.0084166 0.014163 0.225988 -1.29758 0.333769 2.01555 
-0.00827278 0.0140069 0.225702 -1.29597 0.330937 2.01305 
-0.00784088 0.0140432 0.226548 -1.29655 0.335486 2.00959 
-0.00720188 0.0138438 0.227153 -1.2971 0.325744 2.00868 
-0.00703814 0.0138766 0.227766 -1.30055 0.325669 2.00625 
-0.00683737 0.0142393 0.229163 -1.30814 0.324504 2.00437 
-0.00587949 0.0136537 0.227482 -1.2998 0.32955 2.00416 
-0.00501001 0.0139009 0.227338 -1.30179 0.33602 2.00414 
-0.00521112 0.0136035 0.228788 -1.30267 0.324798 1.99884 
-0.00447909 0.0134633 0.226814 -1.30337 0.334069 2.00368 
-0.00440321 0.0134802 0.22854 -1.30771 0.326351 1.99736 
-0.00432655 0.0137941 0.229646 -1.31668 0.324745 1.99867 
-0.00352942 0.0136247 0.230033 -1.31389 0.322591 1.99607 
-0.00304032 0.0135503 0.230043 -1.31035 0.324389 1.99512 
-0.00266058 0.0132841 0.22922 -1.30895 0.329333 1.99241 
-0.00206933 0.0134269 0.230937 -1.31116 0.324152 1.99035 
-0.00145793 0.0133258 0.231784 -1.3142 0.321649 1.98638 
-0.00115757 0.0132817 0.231241 -1.31328 0.321167 1.98631 
-0.00113406 0.0137398 0.232161 -1.31918 0.320848 1.98508 
-0.000211439 0.0140218 0.231572 -1.32115 0.324866 1.98543 
0.000692114 0.0131665 0.229931 -1.31721 0.327418 1.9858 
0.000707274 0.0135702 0.230681 -1.32272 0.325566 1.98345 
0.00131379 0.0132496 0.231486 -1.32622 0.32405 1.97989 
0.00156659 0.0133932 0.231591 -1.32955 0.322532 1.98049 
0.00239608 0.0136024 0.231903 -1.32776 0.324339 1.97907 
0.00218014 0.0133985 0.231486 -1.32969 0.315468 1.97702 
0.00255521 0.0136627 0.232903 -1.33416 0.316905 1.97389 
0.00354607 0.0129546 0.232501 -1.32506 0.322213 1.97067 
0.00403205 0.0129069 0.232 -1.32743 0.322063 1.97003 
0.00417629 0.0130654 0.232052 -1.32906 0.325399 1.9703 
0.00462413 0.0134555 0.231646 -1.32922 0.325556 1.97105 
0.005318 0.013474 0.232345 -1.32187 0.324876 1.96518 
0.00563308 0.0135204 0.231796 -1.32791 0.327378 1.96795 
0.00592537 0.0133103 0.232223 -1.32493 0.323619 1.96687 
0.00591756 0.0134895 0.230832 -1.33008 0.321286 1.96433 
0.00638463 0.0130919 0.230842 -1.32041 0.322295 1.96152 
0.00750641 0.0127582 0.230255 -1.32384 0.329831 1.96206 
0.00784514 0.0132762 0.231473 -1.32783 0.326115 1.96124 
0.00802864 0.0134315 0.231342 -1.33122 0.327849 1.96329 
0.00821712 0.0135079 0.231606 -1.32901 0.32581 1.9607 
0.00891287 0.0133735 0.231069 -1.32965 0.331012 1.95561 
0.00981194 0.0129557 0.230062 -1.33227 0.331437 1.95789 
0.00980723 0.0132187 0.231179 -1.33327 0.330107 1.95498 
0.0105818 0.0135802 0.23184 -1.332 0.327871 1.9513 
0.0106479 0.0136179 0.233428 -1.33712 0.31837 1.94443 
0.0115545 0.013764 0.233108 -1.33577 0.324243 1.94459 
0.0116892 0.0137093 0.233282 -1.34208 0.321309 1.93848 
0.0131003 0.0135592 0.234161 -1.33874 0.320693 1.93531 
0.0139843 0.0135498 0.233435 -1.34299 0.32518 1.93387 
0.0147873 0.0133763 0.232917 -1.33957 0.326472 1.93415 
0.0158059 0.0142712 0.23326 -1.35382 0.324562 1.93556 
0.0163844 0.0139628 0.235242 -1.35022 0.314083 1.92104 
0.0173825 0.0141165 0.233397 -1.35421 0.321 1.92711 
0.0174994 0.0135218 0.234915 -1.35594 0.315306 1.9141 
0.0184791 0.0137072 0.235177 -1.35547 0.313491 1.91217 
0.0201882 0.0144903 0.234049 -1.36473 0.325077 1.92155 
0.020401 0.0137724 0.235223 -1.35987 0.311649 1.90423 
0.0217907 0.0141643 0.235908 -1.36049 0.318469 1.90153 
0.0221797 0.0142028 0.235706 -1.3626 0.312491 1.90472 
0.0233154 0.0144698 0.237477 -1.36927 0.306429 1.8989 
0.0239055 0.0142488 0.23561 -1.36872 0.313449 1.90034 
0.0251935 0.0148723 0.235814 -1.37517 0.315378 1.90075 
0.0259564 0.0149527 0.234994 -1.3788 0.312317 1.90051 
0.0267731 0.0147667 0.235517 -1.37701 0.300567 1.89143 
0.0271198 0.0145012 0.235141 -1.37141 0.306171 1.89272 
0.028086 0.0140313 0.235687 -1.38102 0.296674 1.88506 
0.0293769 0.0145813 0.233917 -1.37352 0.312336 1.89141 
0.0290223 0.0143339 0.234948 -1.37965 0.292519 1.8803 
0.0306917 0.0156328 0.235211 -1.38941 0.308535 1.88536 
0.0307891 0.0150077 0.234899 -1.38893 0.29738 1.87912 
0.0322427 0.0152456 0.235964 -1.38955 0.298525 1.87906 
0.0332019 0.014774 0.234083 -1.38597 0.306248 1.87648 
0.0344807 0.0143816 0.235076 -1.37754 0.305041 1.86759 
0.0352958 0.0149111 0.23516 -1.38818 0.305868 1.86599 
0.0357356 0.0150904 0.235581 -1.39445 0.303018 1.86561 
0.0365042 0.0146817 0.236021 -1.38796 0.292803 1.85819 
0.0377414 0.0159232 0.236544 -1.41046 0.299849 1.86101 
0.0377011 0.0152958 0.2349 -1.40793 0.295151 1.85933 
0.0390672 0.0157463 0.237718 -1.40412 0.292506 1.85182 
0.0397725 0.0157052 0.235534 -1.41016 0.300529 1.85458 
0.0406649 0.0145333 0.23896 -1.3846 0.283347 1.8253 
0.0412549 0.0156741 0.23466 -1.40646 0.298733 1.85001 
0.0431694 0.0152921 0.233065 -1.38837 0.320302 1.85625 
0.0429364 0.014651 0.23327 -1.37982 0.314957 1.82998 
0.0442662 0.0151022 0.234612 -1.38108 0.320803 1.8336 
0.0454885 0.0170353 0.231811 -1.41469 0.329536 1.85653 
0.0467807 0.0176225 0.235867 -1.42634 0.322838 1.85155 
0.0471322 0.0157622 0.23464 -1.39932 0.327297 1.8249 
0.0479561 0.016964 0.234372 -1.42733 0.333764 1.84223 
0.048391 0.0155504 0.233841 -1.3947 0.321832 1.81737 
0.0494947 0.018155 0.234629 -1.43989 0.331047 1.84261 
0.050416 0.0179245 0.231076 -1.43343 0.337216 1.85728 
0.0503799 0.0180749 0.23039 -1.43235 0.339239 1.86353 
0.0500704 0.0181669 0.230589 -1.43085 0.335496 1.85892 
0.0503426 0.0183314 0.230723 -1.43642 0.339136 1.86214 
0.0505072 0.0184096 0.230813 -1.44126 0.340809 1.86478 
0.0501356 0.0181607 0.230486 -1.43367 0.336678 1.85961 
0.0503274 0.0184768 0.23085 -1.44251 0.337548 1.86111 
0.0503047 0.0185121 0.23074 -1.44436 0.337758 1.86414 
0.0502692 0.0184048 0.230601 -1.43698 0.337958 1.86141 
0.0503295 0.018144 0.230966 -1.44055 0.336662 1.86157 
0.0503019 0.0179963 0.230382 -1.43659 0.337717 1.86147 
0.0502568 0.0183954 0.230002 -1.44187 0.341161 1.86468 
0.0503646 0.0180684 0.230775 -1.43781 0.33762 1.86144 
0.0502809 0.0181864 0.230495 -1.44065 0.33839 1.86215 
0.0502765 0.0180379 0.230216 -1.43562 0.339454 1.86063 
0.0502765 0.0180246 0.230518 -1.43937 0.336992 1.86091 
0.0501816 0.0180976 0.229922 -1.43923 0.339315 1.86176 
0.0503217 0.0182834 0.230401 -1.44051 0.341026 1.86169 
0.0502977 0.0180415 0.230669 -1.43977 0.337992 1.86035 
0.0502392 0.0181017 0.230113 -1.43646 0.339349 1.86242 
0.05025 0.0181029 0.230569 -1.43835 0.336652 1.85942 
0.0502475 0.0181651 0.230494 -1.44194 0.339274 1.86153 
0.0502838 0.0183109 0.230263 -1.43965 0.340177 1.86247 
0.0502818 0.0181285 0.230028 -1.44055 0.342226 1.86356 
0.0502923 0.0182498 0.230008 -1.43945 0.340572 1.86345 
0.0503591 0.018407 0.230077 -1.44197 0.343468 1.86556 
0.0503209 0.018206 0.23033 -1.43972 0.340549 1.86289 
0.0503198 0.0184049 0.230301 -1.44299 0.342196 1.86417 
0.0503021 0.0182145 0.230163 -1.44042 0.341311 1.86359 
0.0502861 0.0181951 0.230172 -1.44049 0.340662 1.86284 
0.0502865 0.0182582 0.230413 -1.44042 0.339709 1.86188 
0.050311 0.0181912 0.230592 -1.43998 0.339531 1.86223 
0.0503012 0.0181287 0.23075 -1.43858 0.337275 1.85956 
0.0502656 0.0182683 0.230708 -1.44131 0.339174 1.86041 
0.0503294 0.0182657 0.23065 -1.43929 0.339328 1.8619 
0.0504688 0.0186224 0.231984 -1.43404 0.334076 1.86091 
0.0505062 0.0186414 0.23282 -1.43301 0.333439 1.85812 
0.0507056 0.0186343 0.233391 -1.43926 0.334504 1.86312 
0.050888 0.0185085 0.233712 -1.43855 0.334596 1.86622 
0.0511446 0.0176525 0.235235 -1.4366 0.33329 1.8639 
0.0513181 0.0172616 0.234444 -1.43638 0.34096 1.87096 
0.0517164 0.0164489 0.236342 -1.44265 0.338128 1.87107 
0.0519632 0.0149555 0.237871 -1.43887 0.337646 1.86202 
0.0524245 0.0141646 0.238715 -1.44037 0.335647 1.86628 
0.0527573 0.0134407 0.238682 -1.43973 0.346548 1.87089 
0.0532014 0.012534 0.239552 -1.43537 0.344251 1.87353 
0.0534071 0.0110441 0.242347 -1.4324 0.337872 1.86071 
0.053561 0.0100852 0.241169 -1.42808 0.338335 1.86968 
0.0538363 0.0100249 0.241235 -1.43659 0.352018 1.87606 
0.0541451 0.00918126 0.243872 -1.43943 0.347176 1.87417 
0.0544744 0.00767989 0.247082 -1.43307 0.337144 1.86362 
0.0547012 0.00718965 0.246444 -1.43046 0.340941 1.86568 
0.0550409 0.00683746 0.245819 -1.43428 0.353324 1.87721 
0.055414 0.00549686 0.24789 -1.42679 0.343823 1.87071 
0.0556561 0.00441032 0.249875 -1.42698 0.33961 1.86512 
0.0559784 0.00271353 0.252626 -1.41947 0.33331 1.85252 
0.0563143 0.00177819 0.25443 -1.42307 0.333534 1.85105 
0.0566499 0.000614427 0.255092 -1.41813 0.335509 1.85257 
0.0567511 0.000614312 0.255934 -1.42529 0.335961 1.85402 
0.0570672 1.83887e-05 0.256699 -1.42241 0.337815 1.85429 
0.0573636 -0.000759981 0.25818 -1.42591 0.337826 1.85483 
0.0578015 -0.00201447 0.259479 -1.41656 0.333525 1.85248 
0.0580994 -0.00267286 0.261214 -1.42028 0.333007 1.85317 
0.0583009 -0.00362183 0.263101 -1.42595 0.331671 1.8501 
0.0584863 -0.00419358 0.264125 -1.42308 0.331614 1.84812 
0.0588735 -0.00493516 0.265655 -1.4303 0.328276 1.84946 
0.0591724 -0.00629775 0.267206 -1.42225 0.327815 1.84778 
0.0593041 -0.00654502 0.26691 -1.42098 0.330202 1.85141 
0.0595919 -0.00726799 0.268575 -1.42575 0.330788 1.85205 
0.0600418 -0.00783955 0.269936 -1.432 0.331882 1.85439 
0.0604233 -0.00883939 0.270921 -1.42336 0.335441 1.85497 
0.0604696 -0.00932384 0.271427 -1.42482 0.332877 1.85286 
0.0608451 -0.0103745 0.272506 -1.42424 0.33424 1.85316 
0.060926 -0.0109055 0.273131 -1.4225 0.33163 1.85206 
0.061347 -0.0118408 0.274596 -1.42249 0.333688 1.85197 
0.0615989 -0.0125895 0.275584 -1.42643 0.333722 1.85341 
0.0619958 -0.0134991 0.276491 -1.42267 0.335316 1.85442 
0.0622332 -0.014487 0.277577 -1.42187 0.332822 1.8528 
0.0627535 -0.015419 0.279687 -1.4224 0.325749 1.8512 
0.0629117 -0.0158691 0.278831 -1.41487 0.332703 1.85666 
0.0631915 -0.0167535 0.281786 -1.4231 0.332854 1.85111 
0.0635762 -0.0176864 0.280049 -1.41092 0.33471 1.86145 
0.0637089 -0.0177103 0.281995 -1.42477 0.336376 1.85938 
0.0639536 -0.0192859 0.282502 -1.41302 0.334434 1.85504 
0.0645351 -0.0200286 0.284045 -1.41416 0.340475 1.85988 
0.0646274 -0.0210539 0.285401 -1.41501 0.337298 1.85562 
0.064889 -0.0215306 0.286592 -1.41337 0.336489 1.85492 
0.0649644 -0.0221491 0.287133 -1.41244 0.335329 1.85602 
0.0652832 -0.0229555 0.288456 -1.41514 0.339315 1.85305 
0.0656027 -0.0236924 0.289312 -1.41748 0.340168 1.85661 
0.0659931 -0.024695 0.290566 -1.41605 0.341486 1.8561 
0.0664059 -0.0257875 0.292344 -1.41723 0.34027 1.85421 
0.0667404 -0.0261166 0.292347 -1.41307 0.340124 1.86103 
0.0669346 -0.0267093 0.295203 -1.43346 0.342666 1.85564 
0.0669764 -0.0270081 0.294168 -1.42412 0.340856 1.86106 
0.0675609 -0.0278926 0.295871 -1.42304 0.341377 1.86221 
0.0676376 -0.0286 0.296967 -1.42674 0.33898 1.85996 
0.0681262 -0.0292863 0.298739 -1.42662 0.342631 1.86219 
0.0685764 -0.0305777 0.300008 -1.41942 0.341195 1.86047 
0.0686831 -0.0307745 0.300282 -1.42382 0.341569 1.86106 
0.0690027 -0.0319846 0.301854 -1.42448 0.343452 1.85948 
0.0695842 -0.0329991 0.303644 -1.42121 0.344331 1.86208 
0.0696478 -0.033416 0.303645 -1.42611 0.349009 1.86357 
0.0700915 -0.0348057 0.305197 -1.417 0.349699 1.85989 
0.0697844 -0.0347074 0.305928 -1.4309 0.35034 1.85734 
0.0704194 -0.0359651 0.309166 -1.43094 0.3428 1.85456 
0.0706532 -0.035899 0.307774 -1.42352 0.35006 1.86459 
0.0709761 -0.0370635 0.310086 -1.42271 0.347269 1.86053 
0.071147 -0.0372265 0.309934 -1.4344 0.355459 1.86529 
0.0718188 -0.0391182 0.313334 -1.42227 0.348935 1.86011 
0.0718077 -0.0398713 0.313811 -1.42651 0.351124 1.85804 
0.0723973 -0.0407709 0.31433 -1.42395 0.351321 1.86144 
0.0721187 -0.0406373 0.314767 -1.43645 0.354336 1.85834 
0.0728361 -0.0416207 0.316428 -1.42959 0.354336 1.86323 
0.0727992 -0.0412295 0.315038 -1.43247 0.362768 1.86648 
0.0731326 -0.0415464 0.316501 -1.42486 0.355213 1.86727 
0.0727125 -0.041493 0.316713 -1.4323 0.354954 1.85555 
0.0724489 -0.041661 0.317232 -1.43879 0.352462 1.85015 
0.0731275 -0.0418006 0.317419 -1.42582 0.35308 1.86102 
0.072607 -0.0413579 0.315987 -1.43431 0.359334 1.85643 
0.0731876 -0.0418164 0.318487 -1.43003 0.351585 1.86099 
0.0727918 -0.0414744 0.316754 -1.43213 0.357537 1.86115 
0.073124 -0.0417853 0.318293 -1.4288 0.350531 1.8598 
0.0728771 -0.0414928 0.317608 -1.43783 0.355329 1.85866 
0.0726634 -0.0417707 0.318436 -1.43657 0.352822 1.84992 
0.0732417 -0.0419258 0.318289 -1.4276 0.3516 1.86112 
0.0729065 -0.041386 0.316974 -1.43685 0.358563 1.86146 
0.0728704 -0.0415164 0.318174 -1.43601 0.353543 1.85729 
0.0728142 -0.0413071 0.317452 -1.44151 0.35969 1.85968 
0.073107 -0.041633 0.317854 -1.43179 0.352641 1.86289 
0.0728581 -0.0413579 0.317351 -1.43848 0.356043 1.8594 
0.0728478 -0.0414256 0.317742 -1.43874 0.359229 1.85887 
0.0729421 -0.0416476 0.318015 -1.43357 0.355163 1.85727 
0.0729796 -0.0416412 0.318049 -1.43357 0.355183 1.85838 
0.0730068 -0.0416178 0.318053 -1.43358 0.355527 1.85951 
0.0728568 -0.0416173 0.318033 -1.43594 0.355875 1.85622 
0.0727769 -0.0414958 0.318316 -1.44099 0.358462 1.85615 
0.0731283 -0.0413564 0.317005 -1.43082 0.354899 1.86657 
0.0728967 -0.0412947 0.317008 -1.43567 0.360633 1.86199 
0.0729813 -0.0417714 0.319138 -1.43521 0.354172 1.85442 
0.0728697 -0.0411597 0.317247 -1.43969 0.361346 1.86278 
0.0730556 -0.0416152 0.318719 -1.43464 0.355639 1.85818 
0.0729056 -0.0413654 0.317338 -1.4364 0.361955 1.86195 
0.0729788 -0.0415247 0.318713 -1.4375 0.35576 1.85637 
0.0729365 -0.0412915 0.317384 -1.43644 0.360174 1.86206 
0.0729625 -0.0414228 0.318032 -1.4369 0.358465 1.85889 
0.0729606 -0.0410369 0.316847 -1.43817 0.362997 1.86649 
0.0728909 -0.0414103 0.317769 -1.43704 0.357682 1.85851 
0.0728163 -0.0414246 0.318151 -1.43908 0.359836 1.85766 
0.0731732 -0.0413314 0.316979 -1.43106 0.356744 1.86742 
0.0729641 -0.0414202 0.317679 -1.43567 0.357786 1.85996 
0.072924 -0.0411355 0.316994 -1.43795 0.364184 1.86367 
0.0728628 -0.0417965 0.319074 -1.43637 0.355688 1.85203 
0.0727044 -0.0413795 0.317748 -1.44099 0.359135 1.85727 
0.0731948 -0.0416472 0.318138 -1.43004 0.355103 1.86283 
0.072949 -0.0417068 0.318343 -1.43391 0.35483 1.85744 
0.0729379 -0.0416535 0.318432 -1.43082 0.352257 1.85573 
0.0727384 -0.0412189 0.316795 -1.43485 0.356899 1.85864 
0.072194 -0.0399325 0.315062 -1.43759 0.358562 1.85614 
0.0722052 -0.0391772 0.31377 -1.43273 0.354321 1.86456 
0.071279 -0.0373057 0.309852 -1.43997 0.358027 1.86277 
0.0710308 -0.0370646 0.311624 -1.4382 0.353028 1.85449 
0.0702593 -0.0346561 0.30735 -1.4411 0.355963 1.85799 
0.0700868 -0.0342186 0.306654 -1.43292 0.350974 1.85765 
0.0688359 -0.0319166 0.301462 -1.43119 0.354433 1.85568 
0.0686046 -0.0300893 0.300411 -1.43299 0.35293 1.8592 
0.0681443 -0.0290292 0.298051 -1.43382 0.349437 1.86334 
0.0670828 -0.0261849 0.294307 -1.43925 0.355549 1.8641 
0.0667624 -0.0252369 0.291308 -1.43625 0.349636 1.86949 
0.0660511 -0.0242333 0.290236 -1.43155 0.346134 1.85885 
0.0655144 -0.0227292 0.28719 -1.42276 0.351465 1.85893 
0.065215 -0.019732 0.283202 -1.4393 0.366662 1.88058 
0.0650925 -0.0203783 0.284118 -1.42408 0.351312 1.86747 
0.0645895 -0.0162922 0.279117 -1.46108 0.385606 1.89556 
0.063929 -0.0160967 0.27868 -1.4481 0.374766 1.87787 
0.0637216 -0.0153055 0.276349 -1.4441 0.372324 1.87955 
0.0629797 -0.0134197 0.274598 -1.45201 0.384856 1.87673 
0.0626598 -0.0110469 0.269801 -1.47262 0.407739 1.88584 
0.0624201 -0.0100922 0.266368 -1.45954 0.398727 1.89403 
0.0619327 -0.00914296 0.266405 -1.46369 0.391166 1.8871 
0.0615183 -0.0072331 0.264586 -1.48292 0.400809 1.89329 
0.0613142 -0.00769267 0.26382 -1.45992 0.393972 1.88567 
0.0608998 -0.007059 0.26529 -1.47819 0.390376 1.87989 
0.0610199 -0.00629697 0.264107 -1.47189 0.39848 1.89007 
0.0609687 -0.00615061 0.265012 -1.47341 0.395568 1.89086 
0.0610505 -0.00657123 0.264766 -1.46551 0.394634 1.89092 
0.0609062 -0.00675232 0.265151 -1.46625 0.391705 1.88504 
0.0610077 -0.0066845 0.264823 -1.46466 0.394486 1.8882 
0.0610112 -0.00696791 0.264947 -1.46093 0.393363 1.88463 
0.0610018 -0.00698643 0.266537 -1.46365 0.39022 1.88022 
0.0609271 -0.0070527 0.265253 -1.45987 0.395959 1.88349 
0.0609103 -0.00713718 0.268211 -1.46239 0.391216 1.87487 
0.0606533 -0.00737891 0.266529 -1.45552 0.390254 1.87468 
0.0605686 -0.00757215 0.267881 -1.46038 0.383938 1.8688 
0.0604176 -0.00729087 0.26717 -1.46104 0.386192 1.8715 
0.060601 -0.0087665 0.266589 -1.4438 0.377455 1.86782 
0.0605796 -0.00806257 0.266655 -1.45766 0.384945 1.87427 
0.0604425 -0.00842873 0.266161 -1.45703 0.384957 1.86925 
0.0603388 -0.00895148 0.266159 -1.45873 0.38073 1.86621 
0.0601506 -0.00882015 0.264932 -1.45935 0.382853 1.86697 
0.0603404 -0.00948894 0.264283 -1.45115 0.377028 1.87178 
0.0605376 -0.0102961 0.264676 -1.4546 0.37464 1.86869 
0.0605514 -0.00980035 0.2627 -1.45633 0.381327 1.88033 
0.0601376 -0.0102453 0.262917 -1.46556 0.376993 1.8757 
0.0605833 -0.0113632 0.262025 -1.45623 0.373315 1.87774 
0.0606334 -0.0135163 0.261814 -1.43528 0.358555 1.864 
0.0609286 -0.0137696 0.261047 -1.43872 0.361661 1.86975 
0.0611332 -0.016069 0.261522 -1.43183 0.347154 1.86136 
0.0613226 -0.0162799 0.260139 -1.4346 0.35645 1.86713 
0.0612524 -0.0170373 0.261062 -1.43657 0.355323 1.86172 
0.0614592 -0.0200795 0.263041 -1.4297 0.341899 1.8387 
0.0616967 -0.0179896 0.255944 -1.45461 0.368418 1.88104 
0.0620074 -0.0196592 0.256007 -1.45246 0.36449 1.88054 
0.0619729 -0.0226345 0.258098 -1.4397 0.354943 1.85544 
0.0621492 -0.0226294 0.255218 -1.44796 0.364378 1.86984 
0.0626843 -0.0239381 0.255109 -1.44763 0.365575 1.87521 
0.0629718 -0.0239471 0.250184 -1.44137 0.375821 1.89336 
0.0629833 -0.0245575 0.250527 -1.44348 0.376612 1.88989 
0.0634346 -0.0260959 0.248518 -1.44672 0.377612 1.89971 
0.0632971 -0.0272784 0.249019 -1.44371 0.374702 1.88587 
0.0635085 -0.0277126 0.247738 -1.45212 0.37835 1.89246 
0.0637284 -0.030326 0.24836 -1.446 0.369366 1.88043 
0.0635556 -0.0321857 0.248586 -1.44276 0.363644 1.8698 
0.0639591 -0.0322318 0.245543 -1.44379 0.370474 1.88786 
0.064063 -0.0335015 0.246005 -1.44573 0.36774 1.87563 
0.06397 -0.0352082 0.247654 -1.44989 0.360157 1.8636 
0.0645567 -0.0364325 0.244625 -1.43999 0.359684 1.87313 
0.0645515 -0.0379193 0.244041 -1.43851 0.364082 1.87011 
0.0649988 -0.0383585 0.241392 -1.44108 0.365822 1.88027 
0.0649545 -0.038839 0.24153 -1.43664 0.363971 1.87835 
0.0649712 -0.0400261 0.241096 -1.43673 0.363616 1.87585 
0.0652127 -0.0422013 0.241516 -1.42997 0.352659 1.86137 
0.0653119 -0.040979 0.238893 -1.45274 0.370286 1.8882 
0.0653233 -0.0446227 0.239935 -1.44721 0.361193 1.87046 
0.0654203 -0.0441447 0.238561 -1.45333 0.376707 1.8856 
0.0651525 -0.0442553 0.23866 -1.45275 0.373237 1.8814 
0.0655245 -0.0433043 0.237028 -1.45164 0.381835 1.89589 
0.0654003 -0.044025 0.238308 -1.45125 0.375932 1.88819 
0.0654663 -0.0435402 0.23833 -1.4575 0.374428 1.88946 
0.0655293 -0.0429504 0.236728 -1.45787 0.384173 1.90259 
0.0646755 -0.0436452 0.237346 -1.44735 0.378264 1.89479 
0.0641363 -0.0417121 0.234743 -1.4616 0.384808 1.91727 
0.0627074 -0.0432822 0.236403 -1.44647 0.374585 1.89566 
0.0613709 -0.0429526 0.235255 -1.46337 0.386238 1.9209 
0.0609673 -0.0424675 0.232426 -1.4619 0.396666 1.93733 
0.0592179 -0.0445579 0.235202 -1.46339 0.382788 1.91166 
0.0578092 -0.0443498 0.236524 -1.48135 0.383672 1.92364 
0.0561076 -0.0442973 0.236647 -1.49217 0.38481 1.93007 
0.0540258 -0.044264 0.235548 -1.47752 0.383757 1.94709 
0.0527818 -0.0455184 0.238865 -1.49427 0.368095 1.91308 
0.0511991 -0.0447447 0.23657 -1.49954 0.373667 1.9316 
0.0499293 -0.039951 0.230395 -1.53008 0.395923 1.99576 
0.0484378 -0.0451377 0.236567 -1.48894 0.372048 1.94524 
0.0470022 -0.043825 0.23391 -1.48885 0.379307 1.96738 
0.0447451 -0.0451543 0.234216 -1.47645 0.370422 1.95753 
0.0428913 -0.0453692 0.232169 -1.45769 0.370852 1.96395 
0.0422821 -0.0442281 0.225633 -1.43401 0.3819 1.99204 
0.0416013 -0.0432122 0.219168 -1.41602 0.392745 2.00627 
0.0410331 -0.0439213 0.214507 -1.38029 0.392347 2.01344 
0.0406952 -0.0414865 0.211379 -1.38724 0.393042 2.04408 
0.0406453 -0.0398489 0.207917 -1.38441 0.393759 2.06564 
0.0397289 -0.0381531 0.203861 -1.39097 0.404033 2.08292 
0.0383174 -0.0405868 0.210594 -1.39785 0.392554 2.04822 
0.0384577 -0.0385323 0.205485 -1.391 0.410912 2.08424 
0.0376772 -0.038464 0.203212 -1.38298 0.416761 2.07252 
0.0376942 -0.0368242 0.198966 -1.38292 0.443142 2.09098 
0.0374966 -0.0363926 0.197846 -1.40129 0.447464 2.07946 
0.0370743 -0.0354971 0.194481 -1.39839 0.451262 2.09252 
0.0371781 -0.0343912 0.191503 -1.39487 0.463296 2.1039 
0.0369208 -0.0341236 0.189776 -1.38506 0.466099 2.1019 
0.0361972 -0.0334957 0.187771 -1.39588 0.457877 2.10754 
0.0359185 -0.033123 0.185628 -1.38739 0.45416 2.11461 
0.0359699 -0.0311955 0.181196 -1.38787 0.456132 2.15164 
0.0356257 -0.0307992 0.179929 -1.41366 0.44662 2.12402 
0.0351874 -0.0300416 0.177312 -1.41128 0.448006 2.13469 
0.0350111 -0.0291491 0.175706 -1.42326 0.447118 2.1427 
0.0347724 -0.0288081 0.174571 -1.43547 0.442678 2.13979 
0.0345993 -0.0284027 0.17415 -1.44347 0.441342 2.14293 
0.0349876 -0.0281404 0.173182 -1.43094 0.458522 2.14521 
0.0344434 -0.0273685 0.170307 -1.43533 0.462606 2.14532 
0.0342923 -0.0268241 0.168973 -1.44493 0.454226 2.15253 
0.033925 -0.0268183 0.168481 -1.45117 0.448423 2.14786 
0.0335275 -0.0265841 0.167551 -1.45939 0.445033 2.14469 
0.0334288 -0.0265216 0.166691 -1.4565 0.449998 2.14159 
0.0330304 -0.0264483 0.166749 -1.46718 0.444391 2.13597 
0.0326756 -0.0263437 0.166598 -1.47668 0.436017 2.13338 
0.0324796 -0.0261988 0.16677 -1.48354 0.432476 2.13397 
0.0320398 -0.0261496 0.166845 -1.49368 0.424754 2.12966 
0.0321477 -0.0260184 0.167078 -1.4941 0.428648 2.13047 
0.0323658 -0.0262098 0.166978 -1.48112 0.44484 2.12396 
0.0319893 -0.0263034 0.166661 -1.48628 0.437165 2.11948 
0.0317277 -0.0267798 0.167158 -1.48378 0.435383 2.10975 
0.0319266 -0.0263456 0.166354 -1.48496 0.438063 2.11611 
0.0321989 -0.0262838 0.166521 -1.48075 0.444903 2.11737 
0.032097 -0.0259237 0.165358 -1.48137 0.447857 2.12079 
0.0321383 -0.0254809 0.165612 -1.49309 0.443836 2.12603 
0.0318531 -0.0262253 0.166258 -1.48395 0.452746 2.11024 
0.0317558 -0.0261792 0.165667 -1.48492 0.446208 2.1132 
0.032144 -0.0254976 0.16486 -1.49022 0.441387 2.12836 
0.0323457 -0.0257814 0.165292 -1.48101 0.44853 2.1251 
0.0324309 -0.0256167 0.165226 -1.48266 0.451765 2.12712 
0.03232 -0.0253716 0.164511 -1.48739 0.444891 2.1311 
0.032423 -0.0256214 0.165222 -1.48314 0.447536 2.12843 
0.032446 -0.0255145 0.164526 -1.47951 0.447924 2.13165 
0.0325275 -0.025633 0.1649 -1.48008 0.444677 2.13228 
0.0325103 -0.0260857 0.165979 -1.48106 0.433733 2.13327 
0.0326617 -0.0261518 0.166233 -1.47663 0.435871 2.13538 
0.0330844 -0.0260292 0.16637 -1.47213 0.441184 2.14168 
0.0334636 -0.0261227 0.167642 -1.46648 0.448947 2.14541 
0.0333504 -0.0257975 0.167538 -1.47674 0.440248 2.15034 
0.0334309 -0.0258563 0.168137 -1.47688 0.442958 2.14906 
0.0336759 -0.0263127 0.16967 -1.47197 0.437222 2.15158 
0.0343508 -0.0269745 0.172235 -1.45921 0.440077 2.15746 
0.0343745 -0.0267718 0.172449 -1.46339 0.440247 2.15926 
0.0343057 -0.0270126 0.173106 -1.462 0.444197 2.15414 
0.0341652 -0.0268578 0.172684 -1.46782 0.433746 2.15846 
0.0340597 -0.0270092 0.172082 -1.46661 0.427668 2.1563 
0.0339731 -0.0271449 0.172564 -1.46948 0.420472 2.1562 
0.0338348 -0.0272245 0.172323 -1.47057 0.418051 2.1534 
0.033832 -0.0275463 0.172274 -1.46517 0.417229 2.14898 
0.0339368 -0.027315 0.172394 -1.46707 0.419535 2.15351 
0.0341593 -0.0274689 0.172501 -1.4592 0.428628 2.15167 
0.0342381 -0.0275009 0.172318 -1.456 0.430834 2.15112 
0.0339172 -0.0272775 0.17256 -1.46838 0.420342 2.15214 
0.034216 -0.0274338 0.172571 -1.45771 0.43211 2.1507 
0.034269 -0.0274033 0.172795 -1.45706 0.433895 2.15168 
0.0342865 -0.0273646 0.172874 -1.45752 0.435456 2.15136 
0.0343228 -0.0273524 0.172752 -1.45624 0.43758 2.15175 
0.0343159 -0.0272334 0.172421 -1.45749 0.437139 2.15332 
0.0343067 -0.0273116 0.172635 -1.45703 0.436539 2.15232 
0.0342793 -0.0273204 0.172752 -1.45828 0.435794 2.15222 
0.0342569 -0.0272371 0.172613 -1.45946 0.434994 2.15276 
0.0341874 -0.0272396 0.17293 -1.46248 0.432908 2.15304 
0.0341578 -0.0271895 0.172622 -1.46248 0.43461 2.15162 
0.0341669 -0.0269861 0.172495 -1.46492 0.434829 2.15389 
0.0342236 -0.0271909 0.172852 -1.46135 0.436651 2.15244 
0.0342915 -0.0272962 0.172904 -1.45779 0.438567 2.15123 
0.0342767 -0.027389 0.172933 -1.45661 0.439364 2.14898 
0.0342384 -0.0272841 0.172753 -1.45875 0.437331 2.15038 
0.0342486 -0.0272979 0.172943 -1.45843 0.437622 2.14989 
0.0341886 -0.0273451 0.172458 -1.45647 0.439006 2.14808 
0.034237 -0.0273294 0.171916 -1.45349 0.440219 2.14767 
0.0341931 -0.0271749 0.171832 -1.45542 0.44408 2.14735 
0.0340255 -0.0272176 0.171662 -1.45731 0.442595 2.14355 
0.0339365 -0.027047 0.17141 -1.46181 0.437782 2.14643 
0.0336333 -0.0267691 0.170939 -1.47097 0.433162 2.1462 
0.0337455 -0.0269274 0.171576 -1.46666 0.441365 2.142 
0.0335895 -0.0261386 0.170954 -1.48141 0.436032 2.15218 
0.0333046 -0.0258773 0.170611 -1.48939 0.430121 2.15243 
0.033141 -0.0260349 0.170905 -1.49166 0.42884 2.14746 
0.03334 -0.0259057 0.170078 -1.48317 0.438645 2.14741 
0.0333045 -0.0260384 0.169655 -1.47901 0.441015 2.14387 
0.0333849 -0.0259984 0.169388 -1.47705 0.442722 2.14478 
0.0333357 -0.0259301 0.169007 -1.47716 0.443202 2.14372 
0.0335017 -0.0266863 0.169775 -1.46526 0.444221 2.13809 
0.0334592 -0.026727 0.169627 -1.4653 0.441091 2.1378 
0.0334195 -0.0266765 0.169531 -1.46578 0.443504 2.13595 
0.0333569 -0.0265222 0.168619 -1.4654 0.443851 2.13631 
0.0331755 -0.0267952 0.168588 -1.46568 0.437154 2.13178 
0.0330238 -0.0266219 0.167863 -1.46944 0.435538 2.13186 
0.0330191 -0.0265465 0.1676 -1.46855 0.438152 2.13136 
0.0330159 -0.026395 0.166313 -1.46549 0.441514 2.13052 
